This file contains any messages produced by compilers while
running configure, to aid debugging if configure makes a mistake.

It was created by rtems-cpukit configure 5.1.0, which was
generated by GNU Autoconf 2.69.  Invocation command line was

  $ ../../../../../c/src/../../cpukit/configure --prefix=/opt/rtems-5 --host=arm-rtems5 --build=x86_64-pc-linux-gnu --target=arm-rtems5 --enable-networking --enable-profiling --enable-cxx --enable-tests=samples USE_TICKS_FOR_STATISTICS=1 --with-target-subdir=arm-rtems5 --exec-prefix=/opt/rtems-5/arm-rtems5 --includedir=/opt/rtems-5/arm-rtems5/include build_alias=x86_64-pc-linux-gnu host_alias=arm-rtems5 target_alias=arm-rtems5 --with-project-root=../../ --with-project-top=../../ --with-rtems-build-top=/home/embeddeduser/consolePrjt/rtems-5.1/build/arm-rtems5/c/stm32f4 --with-rtems-source-top=/home/embeddeduser/consolePrjt/rtems-5.1 RTEMS_BSP=stm32f4 RTEMS_BSP_FAMILY=stm32f4 CFLAGS=-mthumb -mcpu=cortex-m4 -O2 -g -ffunction-sections -fdata-sections -Wall -Wmissing-prototypes -Wimplicit-function-declaration -Wstrict-prototypes -Wnested-externs --with-project-root=../../../stm32f4/ --includedir=/opt/rtems-5/arm-rtems5/stm32f4/lib/include --libdir=/opt/rtems-5/arm-rtems5/stm32f4/lib --cache-file=/dev/null --srcdir=../../../../../c/src/../../cpukit

## --------- ##
## Platform. ##
## --------- ##

hostname = ubuntu
uname -m = x86_64
uname -r = 5.4.0-48-generic
uname -s = Linux
uname -v = #52-Ubuntu SMP Thu Sep 10 10:58:49 UTC 2020

/usr/bin/uname -p = x86_64
/bin/uname -X     = unknown

/bin/arch              = x86_64
/usr/bin/arch -k       = unknown
/usr/convex/getsysinfo = unknown
/usr/bin/hostinfo      = unknown
/bin/machine           = unknown
/usr/bin/oslevel       = unknown
/bin/universe          = unknown

PATH: /opt/rtems-5.1/bin
PATH: /usr/local/sbin
PATH: /usr/local/bin
PATH: /usr/sbin
PATH: /usr/bin
PATH: /sbin
PATH: /bin
PATH: /usr/games
PATH: /usr/local/games
PATH: /snap/bin


## ----------- ##
## Core tests. ##
## ----------- ##

configure:2603: checking for gmake
configure:2633: result: no
configure:2603: checking for make
configure:2619: found /usr/bin/make
configure:2630: result: make
configure:2728: checking build system type
configure:2742: result: x86_64-pc-linux-gnu
configure:2762: checking host system type
configure:2775: result: arm-unknown-rtems5
configure:2796: checking rtems target cpu
configure:2807: result: arm
configure:2833: checking for a BSD-compatible install
configure:2901: result: /usr/bin/install -c
configure:2912: checking whether build environment is sane
configure:2967: result: yes
configure:3024: checking for arm-rtems5-strip
configure:3040: found /opt/rtems-5.1/bin/arm-rtems5-strip
configure:3051: result: arm-rtems5-strip
configure:3116: checking for a thread-safe mkdir -p
configure:3155: result: /usr/bin/mkdir -p
configure:3162: checking for gawk
configure:3192: result: no
configure:3162: checking for mawk
configure:3178: found /usr/bin/mawk
configure:3189: result: mawk
configure:3200: checking whether make sets $(MAKE)
configure:3222: result: yes
configure:3291: checking whether to enable maintainer-specific portions of Makefiles
configure:3300: result: no
configure:3464: checking if cpu arm is supported
configure:3467: result: yes
configure:3485: checking for style of include used by make
configure:3513: result: GNU
configure:3547: checking for arm-rtems5-gcc
configure:3563: found /opt/rtems-5.1/bin/arm-rtems5-gcc
configure:3574: result: arm-rtems5-gcc
configure:3593: checking for arm-rtems5-gcc
configure:3620: result: arm-rtems5-gcc
configure:3889: checking for C compiler version
configure:3898: arm-rtems5-gcc --version >&5
arm-rtems5-gcc (GCC) 7.5.0 20191114 (RTEMS 5, RSB 5.1, Newlib 7947581)
Copyright (C) 2017 Free Software Foundation, Inc.
This is free software; see the source for copying conditions.  There is NO
warranty; not even for MERCHANTABILITY or FITNESS FOR A PARTICULAR PURPOSE.

configure:3909: $? = 0
configure:3898: arm-rtems5-gcc -v >&5
Using built-in specs.
COLLECT_GCC=arm-rtems5-gcc
COLLECT_LTO_WRAPPER=/opt/rtems-5.1/libexec/gcc/arm-rtems5/7.5.0/lto-wrapper
Target: arm-rtems5
Configured with: ../gcc-7.5.0/configure --prefix=/opt/rtems-5.1 --bindir=/opt/rtems-5.1/bin --exec_prefix=/opt/rtems-5.1 --includedir=/opt/rtems-5.1/include --libdir=/opt/rtems-5.1/lib --libexecdir=/opt/rtems-5.1/libexec --mandir=/opt/rtems-5.1/share/man --infodir=/opt/rtems-5.1/share/info --datadir=/opt/rtems-5.1/share --build=x86_64-linux-gnu --host=x86_64-linux-gnu --target=arm-rtems5 --disable-libstdcxx-pch --with-gnu-as --with-gnu-ld --verbose --with-newlib --disable-nls --without-included-gettext --disable-win32-registry --enable-version-specific-runtime-libs --disable-lto --enable-newlib-io-c99-formats --enable-newlib-iconv --enable-newlib-iconv-encodings=big5,cp775,cp850,cp852,cp855,cp866,euc_jp,euc_kr,euc_tw,iso_8859_1,iso_8859_10,iso_8859_11,iso_8859_13,iso_8859_14,iso_8859_15,iso_8859_2,iso_8859_3,iso_8859_4,iso_8859_5,iso_8859_6,iso_8859_7,iso_8859_8,iso_8859_9,iso_ir_111,koi8_r,koi8_ru,koi8_u,koi8_uni,ucs_2,ucs_2_internal,ucs_2be,ucs_2le,ucs_4,ucs_4_internal,ucs_4be,ucs_4le,us_ascii,utf_16,utf_16be,utf_16le,utf_8,win_1250,win_1251,win_1252,win_1253,win_1254,win_1255,win_1256,win_1257,win_1258 --enable-threads --disable-plugin --enable-libgomp --enable-languages=c,c++
Thread model: rtems
gcc version 7.5.0 20191114 (RTEMS 5, RSB 5.1, Newlib 7947581) (GCC) 
configure:3909: $? = 0
configure:3898: arm-rtems5-gcc -V >&5
arm-rtems5-gcc: error: unrecognized command line option '-V'
arm-rtems5-gcc: fatal error: no input files
compilation terminated.
configure:3909: $? = 1
configure:3898: arm-rtems5-gcc -qversion >&5
arm-rtems5-gcc: error: unrecognized command line option '-qversion'; did you mean '--version'?
arm-rtems5-gcc: fatal error: no input files
compilation terminated.
configure:3909: $? = 1
configure:3929: checking whether the C compiler works
configure:3951: arm-rtems5-gcc -mthumb -mcpu=cortex-m4 -O2 -g -ffunction-sections -fdata-sections -Wall -Wmissing-prototypes -Wimplicit-function-declaration -Wstrict-prototypes -Wnested-externs   conftest.c  >&5
conftest.c:11:1: warning: function declaration isn't a prototype [-Wstrict-prototypes]
 main ()
 ^~~~
/opt/rtems-5.1/lib/gcc/arm-rtems5/7.5.0/../../../../arm-rtems5/bin/ld: warning: cannot find entry symbol _start; defaulting to 0000000000008000
configure:3955: $? = 0
configure:4003: result: yes
configure:4006: checking for C compiler default output file name
configure:4008: result: a.out
configure:4014: checking for suffix of executables
configure:4021: arm-rtems5-gcc -o conftest -mthumb -mcpu=cortex-m4 -O2 -g -ffunction-sections -fdata-sections -Wall -Wmissing-prototypes -Wimplicit-function-declaration -Wstrict-prototypes -Wnested-externs   conftest.c  >&5
conftest.c:11:1: warning: function declaration isn't a prototype [-Wstrict-prototypes]
 main ()
 ^~~~
/opt/rtems-5.1/lib/gcc/arm-rtems5/7.5.0/../../../../arm-rtems5/bin/ld: warning: cannot find entry symbol _start; defaulting to 0000000000008000
configure:4025: $? = 0
configure:4047: result: 
configure:4069: checking whether we are cross compiling
configure:4107: result: yes
configure:4112: checking for suffix of object files
configure:4134: arm-rtems5-gcc -c -mthumb -mcpu=cortex-m4 -O2 -g -ffunction-sections -fdata-sections -Wall -Wmissing-prototypes -Wimplicit-function-declaration -Wstrict-prototypes -Wnested-externs  conftest.c >&5
conftest.c:11:1: warning: function declaration isn't a prototype [-Wstrict-prototypes]
 main ()
 ^~~~
configure:4138: $? = 0
configure:4159: result: o
configure:4163: checking whether we are using the GNU C compiler
configure:4182: arm-rtems5-gcc -c -mthumb -mcpu=cortex-m4 -O2 -g -ffunction-sections -fdata-sections -Wall -Wmissing-prototypes -Wimplicit-function-declaration -Wstrict-prototypes -Wnested-externs  conftest.c >&5
conftest.c:11:1: warning: function declaration isn't a prototype [-Wstrict-prototypes]
 main ()
 ^~~~
configure:4182: $? = 0
configure:4191: result: yes
configure:4200: checking whether arm-rtems5-gcc accepts -g
configure:4220: arm-rtems5-gcc -c -g  conftest.c >&5
configure:4220: $? = 0
configure:4261: result: yes
configure:4278: checking for arm-rtems5-gcc option to accept ISO C89
configure:4341: arm-rtems5-gcc  -c -mthumb -mcpu=cortex-m4 -O2 -g -ffunction-sections -fdata-sections -Wall -Wmissing-prototypes -Wimplicit-function-declaration -Wstrict-prototypes -Wnested-externs  conftest.c >&5
conftest.c:15:14: warning: function declaration isn't a prototype [-Wstrict-prototypes]
 static char *e (p, i)
              ^
conftest.c:52:1: warning: function declaration isn't a prototype [-Wstrict-prototypes]
 main ()
 ^~~~
configure:4341: $? = 0
configure:4354: result: none needed
configure:4376: checking dependency style of arm-rtems5-gcc
configure:4487: result: gcc3
configure:4507: checking how to run the C preprocessor
configure:4538: arm-rtems5-gcc -E  conftest.c
configure:4538: $? = 0
configure:4552: arm-rtems5-gcc -E  conftest.c
conftest.c:9:10: fatal error: ac_nonexistent.h: No such file or directory
 #include <ac_nonexistent.h>
          ^~~~~~~~~~~~~~~~~~
compilation terminated.
configure:4552: $? = 1
configure: failed program was:
| /* confdefs.h */
| #define PACKAGE_NAME "rtems-cpukit"
| #define PACKAGE_TARNAME "rtems-cpukit"
| #define PACKAGE_VERSION "5.1.0"
| #define PACKAGE_STRING "rtems-cpukit 5.1.0"
| #define PACKAGE_BUGREPORT "https://devel.rtems.org/newticket"
| #define PACKAGE_URL ""
| /* end confdefs.h.  */
| #include <ac_nonexistent.h>
configure:4577: result: arm-rtems5-gcc -E
configure:4597: arm-rtems5-gcc -E  conftest.c
configure:4597: $? = 0
configure:4611: arm-rtems5-gcc -E  conftest.c
conftest.c:9:10: fatal error: ac_nonexistent.h: No such file or directory
 #include <ac_nonexistent.h>
          ^~~~~~~~~~~~~~~~~~
compilation terminated.
configure:4611: $? = 1
configure: failed program was:
| /* confdefs.h */
| #define PACKAGE_NAME "rtems-cpukit"
| #define PACKAGE_TARNAME "rtems-cpukit"
| #define PACKAGE_VERSION "5.1.0"
| #define PACKAGE_STRING "rtems-cpukit 5.1.0"
| #define PACKAGE_BUGREPORT "https://devel.rtems.org/newticket"
| #define PACKAGE_URL ""
| /* end confdefs.h.  */
| #include <ac_nonexistent.h>
configure:4642: checking whether arm-rtems5-gcc accepts --pipe
configure:4658: result: yes
configure:4696: checking whether arm-rtems5-gcc --pipe and cc understand -c and -o together
configure:4727: arm-rtems5-gcc --pipe -c conftest.c -o conftest2.o >&5
configure:4731: $? = 0
configure:4737: arm-rtems5-gcc --pipe -c conftest.c -o conftest2.o >&5
configure:4741: $? = 0
configure:4752: cc -c conftest.c >&5
configure:4756: $? = 0
configure:4764: cc -c conftest.c -o conftest2.o >&5
configure:4768: $? = 0
configure:4774: cc -c conftest.c -o conftest2.o >&5
configure:4778: $? = 0
configure:4796: result: yes
configure:4828: checking for arm-rtems5-ar
configure:4844: found /opt/rtems-5.1/bin/arm-rtems5-ar
configure:4856: result: arm-rtems5-ar
configure:4872: checking for arm-rtems5-ranlib
configure:4888: found /opt/rtems-5.1/bin/arm-rtems5-ranlib
configure:4900: result: arm-rtems5-ranlib
configure:4921: checking dependency style of arm-rtems5-gcc --pipe
configure:5030: result: gcc3
configure:5051: checking for arm-rtems5-ranlib
configure:5078: result: arm-rtems5-ranlib
configure:5141: checking for a need to avoid a long argument list
configure:5153: result: no
configure:5165: checking for RTEMS newlib
configure:5182: arm-rtems5-gcc --pipe -o conftest -mthumb -mcpu=cortex-m4 -O2 -g -ffunction-sections -fdata-sections -Wall -Wmissing-prototypes -Wimplicit-function-declaration -Wstrict-prototypes -Wnested-externs   conftest.c  >&5
conftest.c:9:1: warning: function declaration isn't a prototype [-Wstrict-prototypes]
 extern void not_required_by_rtems() ;
 ^~~~~~
conftest.c:11:1: warning: function declaration isn't a prototype [-Wstrict-prototypes]
 main ()
 ^~~~
/opt/rtems-5.1/lib/gcc/arm-rtems5/7.5.0/../../../../arm-rtems5/bin/ld: warning: cannot find entry symbol _start; defaulting to 0000000000008000
configure:5182: $? = 0
configure:5211: result: yes
configure:5227: checking for struct _Thread_queue_Queue._name
configure:5227: arm-rtems5-gcc --pipe -c -mthumb -mcpu=cortex-m4 -O2 -g -ffunction-sections -fdata-sections -Wall -Wmissing-prototypes -Wimplicit-function-declaration -Wstrict-prototypes -Wnested-externs  conftest.c >&5
conftest.c:13:1: warning: function declaration isn't a prototype [-Wstrict-prototypes]
 main ()
 ^~~~
configure:5227: $? = 0
configure:5227: result: yes
configure:5238: checking whether pthread_attr_getguardsize is declared
configure:5238: arm-rtems5-gcc --pipe -c -mthumb -mcpu=cortex-m4 -O2 -g -ffunction-sections -fdata-sections -Wall -Wmissing-prototypes -Wimplicit-function-declaration -Wstrict-prototypes -Wnested-externs  conftest.c >&5
conftest.c:13:1: warning: function declaration isn't a prototype [-Wstrict-prototypes]
 main ()
 ^~~~
configure:5238: $? = 0
configure:5238: result: yes
configure:5251: checking for pthread_attr_getguardsize
configure:5268: arm-rtems5-gcc --pipe -o conftest -mthumb -mcpu=cortex-m4 -O2 -g -ffunction-sections -fdata-sections -Wall -Wmissing-prototypes -Wimplicit-function-declaration -Wstrict-prototypes -Wnested-externs   conftest.c  >&5
conftest.c:13:1: warning: function declaration isn't a prototype [-Wstrict-prototypes]
 main ()
 ^~~~
conftest.c: In function 'main':
conftest.c:15:1: warning: implicit declaration of function 'rtems_stub_pthread_attr_getguardsize'; did you mean 'pthread_attr_getguardsize'? [-Wimplicit-function-declaration]
 rtems_stub_pthread_attr_getguardsize()
 ^~~~~~~~~~~~~~~~~~~~~~~~~~~~~~~~~~~~
 pthread_attr_getguardsize
conftest.c:15:1: warning: nested extern declaration of 'rtems_stub_pthread_attr_getguardsize' [-Wnested-externs]
/opt/rtems-5.1/lib/gcc/arm-rtems5/7.5.0/../../../../arm-rtems5/bin/ld: warning: cannot find entry symbol _start; defaulting to 0000000000008000
/opt/rtems-5.1/lib/gcc/arm-rtems5/7.5.0/../../../../arm-rtems5/bin/ld: /tmp/cc31aGts.o: in function `main':
/home/embeddeduser/consolePrjt/rtems-5.1/build/arm-rtems5/c/stm32f4/cpukit/conftest.c:15: undefined reference to `rtems_stub_pthread_attr_getguardsize'
collect2: error: ld returned 1 exit status
configure:5268: $? = 1
configure: failed program was:
| /* confdefs.h */
| #define PACKAGE_NAME "rtems-cpukit"
| #define PACKAGE_TARNAME "rtems-cpukit"
| #define PACKAGE_VERSION "5.1.0"
| #define PACKAGE_STRING "rtems-cpukit 5.1.0"
| #define PACKAGE_BUGREPORT "https://devel.rtems.org/newticket"
| #define PACKAGE_URL ""
| #define RTEMS_NEWLIB 1
| #define HAVE_DECL_PTHREAD_ATTR_GETGUARDSIZE 1
| /* end confdefs.h.  */
| #include <pthread.h>
| int
| main ()
| {
| rtems_stub_pthread_attr_getguardsize()
|   ;
|   return 0;
| }
configure:5282: arm-rtems5-gcc --pipe -o conftest -mthumb -mcpu=cortex-m4 -O2 -g -ffunction-sections -fdata-sections -Wall -Wmissing-prototypes -Wimplicit-function-declaration -Wstrict-prototypes -Wnested-externs   conftest.c  >&5
conftest.c:13:1: warning: function declaration isn't a prototype [-Wstrict-prototypes]
 main ()
 ^~~~
conftest.c: In function 'main':
conftest.c:15:1: error: too few arguments to function 'pthread_attr_getguardsize'
 pthread_attr_getguardsize()
 ^~~~~~~~~~~~~~~~~~~~~~~~~
In file included from conftest.c:11:0:
/opt/rtems-5.1/arm-rtems5/include/pthread.h:215:5: note: declared here
 int pthread_attr_getguardsize (const pthread_attr_t *__attr,
     ^~~~~~~~~~~~~~~~~~~~~~~~~
configure:5282: $? = 1
configure: failed program was:
| /* confdefs.h */
| #define PACKAGE_NAME "rtems-cpukit"
| #define PACKAGE_TARNAME "rtems-cpukit"
| #define PACKAGE_VERSION "5.1.0"
| #define PACKAGE_STRING "rtems-cpukit 5.1.0"
| #define PACKAGE_BUGREPORT "https://devel.rtems.org/newticket"
| #define PACKAGE_URL ""
| #define RTEMS_NEWLIB 1
| #define HAVE_DECL_PTHREAD_ATTR_GETGUARDSIZE 1
| /* end confdefs.h.  */
| #include <pthread.h>
| int
| main ()
| {
| pthread_attr_getguardsize()
|   ;
|   return 0;
| }
configure:5295: result: no
configure:5306: checking whether pthread_attr_setguardsize is declared
configure:5306: arm-rtems5-gcc --pipe -c -mthumb -mcpu=cortex-m4 -O2 -g -ffunction-sections -fdata-sections -Wall -Wmissing-prototypes -Wimplicit-function-declaration -Wstrict-prototypes -Wnested-externs  conftest.c >&5
conftest.c:14:1: warning: function declaration isn't a prototype [-Wstrict-prototypes]
 main ()
 ^~~~
configure:5306: $? = 0
configure:5306: result: yes
configure:5319: checking for pthread_attr_setguardsize
configure:5336: arm-rtems5-gcc --pipe -o conftest -mthumb -mcpu=cortex-m4 -O2 -g -ffunction-sections -fdata-sections -Wall -Wmissing-prototypes -Wimplicit-function-declaration -Wstrict-prototypes -Wnested-externs   conftest.c  >&5
conftest.c:14:1: warning: function declaration isn't a prototype [-Wstrict-prototypes]
 main ()
 ^~~~
conftest.c: In function 'main':
conftest.c:16:1: warning: implicit declaration of function 'rtems_stub_pthread_attr_setguardsize'; did you mean 'pthread_attr_setguardsize'? [-Wimplicit-function-declaration]
 rtems_stub_pthread_attr_setguardsize()
 ^~~~~~~~~~~~~~~~~~~~~~~~~~~~~~~~~~~~
 pthread_attr_setguardsize
conftest.c:16:1: warning: nested extern declaration of 'rtems_stub_pthread_attr_setguardsize' [-Wnested-externs]
/opt/rtems-5.1/lib/gcc/arm-rtems5/7.5.0/../../../../arm-rtems5/bin/ld: warning: cannot find entry symbol _start; defaulting to 0000000000008000
/opt/rtems-5.1/lib/gcc/arm-rtems5/7.5.0/../../../../arm-rtems5/bin/ld: /tmp/ccY62bFH.o: in function `main':
/home/embeddeduser/consolePrjt/rtems-5.1/build/arm-rtems5/c/stm32f4/cpukit/conftest.c:16: undefined reference to `rtems_stub_pthread_attr_setguardsize'
collect2: error: ld returned 1 exit status
configure:5336: $? = 1
configure: failed program was:
| /* confdefs.h */
| #define PACKAGE_NAME "rtems-cpukit"
| #define PACKAGE_TARNAME "rtems-cpukit"
| #define PACKAGE_VERSION "5.1.0"
| #define PACKAGE_STRING "rtems-cpukit 5.1.0"
| #define PACKAGE_BUGREPORT "https://devel.rtems.org/newticket"
| #define PACKAGE_URL ""
| #define RTEMS_NEWLIB 1
| #define HAVE_DECL_PTHREAD_ATTR_GETGUARDSIZE 1
| #define HAVE_DECL_PTHREAD_ATTR_SETGUARDSIZE 1
| /* end confdefs.h.  */
| #include <pthread.h>
| int
| main ()
| {
| rtems_stub_pthread_attr_setguardsize()
|   ;
|   return 0;
| }
configure:5350: arm-rtems5-gcc --pipe -o conftest -mthumb -mcpu=cortex-m4 -O2 -g -ffunction-sections -fdata-sections -Wall -Wmissing-prototypes -Wimplicit-function-declaration -Wstrict-prototypes -Wnested-externs   conftest.c  >&5
conftest.c:14:1: warning: function declaration isn't a prototype [-Wstrict-prototypes]
 main ()
 ^~~~
conftest.c: In function 'main':
conftest.c:16:1: error: too few arguments to function 'pthread_attr_setguardsize'
 pthread_attr_setguardsize()
 ^~~~~~~~~~~~~~~~~~~~~~~~~
In file included from conftest.c:12:0:
/opt/rtems-5.1/arm-rtems5/include/pthread.h:217:5: note: declared here
 int pthread_attr_setguardsize (pthread_attr_t *__attr, size_t __guardsize);
     ^~~~~~~~~~~~~~~~~~~~~~~~~
configure:5350: $? = 1
configure: failed program was:
| /* confdefs.h */
| #define PACKAGE_NAME "rtems-cpukit"
| #define PACKAGE_TARNAME "rtems-cpukit"
| #define PACKAGE_VERSION "5.1.0"
| #define PACKAGE_STRING "rtems-cpukit 5.1.0"
| #define PACKAGE_BUGREPORT "https://devel.rtems.org/newticket"
| #define PACKAGE_URL ""
| #define RTEMS_NEWLIB 1
| #define HAVE_DECL_PTHREAD_ATTR_GETGUARDSIZE 1
| #define HAVE_DECL_PTHREAD_ATTR_SETGUARDSIZE 1
| /* end confdefs.h.  */
| #include <pthread.h>
| int
| main ()
| {
| pthread_attr_setguardsize()
|   ;
|   return 0;
| }
configure:5363: result: no
configure:5374: checking whether pthread_attr_setstack is declared
configure:5374: arm-rtems5-gcc --pipe -c -mthumb -mcpu=cortex-m4 -O2 -g -ffunction-sections -fdata-sections -Wall -Wmissing-prototypes -Wimplicit-function-declaration -Wstrict-prototypes -Wnested-externs  conftest.c >&5
conftest.c:15:1: warning: function declaration isn't a prototype [-Wstrict-prototypes]
 main ()
 ^~~~
configure:5374: $? = 0
configure:5374: result: yes
configure:5387: checking for pthread_attr_setstack
configure:5404: arm-rtems5-gcc --pipe -o conftest -mthumb -mcpu=cortex-m4 -O2 -g -ffunction-sections -fdata-sections -Wall -Wmissing-prototypes -Wimplicit-function-declaration -Wstrict-prototypes -Wnested-externs   conftest.c  >&5
conftest.c:15:1: warning: function declaration isn't a prototype [-Wstrict-prototypes]
 main ()
 ^~~~
conftest.c: In function 'main':
conftest.c:17:1: warning: implicit declaration of function 'rtems_stub_pthread_attr_setstack'; did you mean 'pthread_attr_setstack'? [-Wimplicit-function-declaration]
 rtems_stub_pthread_attr_setstack()
 ^~~~~~~~~~~~~~~~~~~~~~~~~~~~~~~~
 pthread_attr_setstack
conftest.c:17:1: warning: nested extern declaration of 'rtems_stub_pthread_attr_setstack' [-Wnested-externs]
/opt/rtems-5.1/lib/gcc/arm-rtems5/7.5.0/../../../../arm-rtems5/bin/ld: warning: cannot find entry symbol _start; defaulting to 0000000000008000
/opt/rtems-5.1/lib/gcc/arm-rtems5/7.5.0/../../../../arm-rtems5/bin/ld: /tmp/ccnnjmMX.o: in function `main':
/home/embeddeduser/consolePrjt/rtems-5.1/build/arm-rtems5/c/stm32f4/cpukit/conftest.c:17: undefined reference to `rtems_stub_pthread_attr_setstack'
collect2: error: ld returned 1 exit status
configure:5404: $? = 1
configure: failed program was:
| /* confdefs.h */
| #define PACKAGE_NAME "rtems-cpukit"
| #define PACKAGE_TARNAME "rtems-cpukit"
| #define PACKAGE_VERSION "5.1.0"
| #define PACKAGE_STRING "rtems-cpukit 5.1.0"
| #define PACKAGE_BUGREPORT "https://devel.rtems.org/newticket"
| #define PACKAGE_URL ""
| #define RTEMS_NEWLIB 1
| #define HAVE_DECL_PTHREAD_ATTR_GETGUARDSIZE 1
| #define HAVE_DECL_PTHREAD_ATTR_SETGUARDSIZE 1
| #define HAVE_DECL_PTHREAD_ATTR_SETSTACK 1
| /* end confdefs.h.  */
| #include <pthread.h>
| int
| main ()
| {
| rtems_stub_pthread_attr_setstack()
|   ;
|   return 0;
| }
configure:5418: arm-rtems5-gcc --pipe -o conftest -mthumb -mcpu=cortex-m4 -O2 -g -ffunction-sections -fdata-sections -Wall -Wmissing-prototypes -Wimplicit-function-declaration -Wstrict-prototypes -Wnested-externs   conftest.c  >&5
conftest.c:15:1: warning: function declaration isn't a prototype [-Wstrict-prototypes]
 main ()
 ^~~~
conftest.c: In function 'main':
conftest.c:17:1: error: too few arguments to function 'pthread_attr_setstack'
 pthread_attr_setstack()
 ^~~~~~~~~~~~~~~~~~~~~
In file included from conftest.c:13:0:
/opt/rtems-5.1/arm-rtems5/include/pthread.h:202:5: note: declared here
 int pthread_attr_setstack (pthread_attr_t *attr,
     ^~~~~~~~~~~~~~~~~~~~~
configure:5418: $? = 1
configure: failed program was:
| /* confdefs.h */
| #define PACKAGE_NAME "rtems-cpukit"
| #define PACKAGE_TARNAME "rtems-cpukit"
| #define PACKAGE_VERSION "5.1.0"
| #define PACKAGE_STRING "rtems-cpukit 5.1.0"
| #define PACKAGE_BUGREPORT "https://devel.rtems.org/newticket"
| #define PACKAGE_URL ""
| #define RTEMS_NEWLIB 1
| #define HAVE_DECL_PTHREAD_ATTR_GETGUARDSIZE 1
| #define HAVE_DECL_PTHREAD_ATTR_SETGUARDSIZE 1
| #define HAVE_DECL_PTHREAD_ATTR_SETSTACK 1
| /* end confdefs.h.  */
| #include <pthread.h>
| int
| main ()
| {
| pthread_attr_setstack()
|   ;
|   return 0;
| }
configure:5431: result: no
configure:5442: checking whether pthread_attr_getstack is declared
configure:5442: arm-rtems5-gcc --pipe -c -mthumb -mcpu=cortex-m4 -O2 -g -ffunction-sections -fdata-sections -Wall -Wmissing-prototypes -Wimplicit-function-declaration -Wstrict-prototypes -Wnested-externs  conftest.c >&5
conftest.c:16:1: warning: function declaration isn't a prototype [-Wstrict-prototypes]
 main ()
 ^~~~
configure:5442: $? = 0
configure:5442: result: yes
configure:5455: checking for pthread_attr_getstack
configure:5472: arm-rtems5-gcc --pipe -o conftest -mthumb -mcpu=cortex-m4 -O2 -g -ffunction-sections -fdata-sections -Wall -Wmissing-prototypes -Wimplicit-function-declaration -Wstrict-prototypes -Wnested-externs   conftest.c  >&5
conftest.c:16:1: warning: function declaration isn't a prototype [-Wstrict-prototypes]
 main ()
 ^~~~
conftest.c: In function 'main':
conftest.c:18:1: warning: implicit declaration of function 'rtems_stub_pthread_attr_getstack'; did you mean 'pthread_attr_getstack'? [-Wimplicit-function-declaration]
 rtems_stub_pthread_attr_getstack()
 ^~~~~~~~~~~~~~~~~~~~~~~~~~~~~~~~
 pthread_attr_getstack
conftest.c:18:1: warning: nested extern declaration of 'rtems_stub_pthread_attr_getstack' [-Wnested-externs]
/opt/rtems-5.1/lib/gcc/arm-rtems5/7.5.0/../../../../arm-rtems5/bin/ld: warning: cannot find entry symbol _start; defaulting to 0000000000008000
/opt/rtems-5.1/lib/gcc/arm-rtems5/7.5.0/../../../../arm-rtems5/bin/ld: /tmp/cc4Gad79.o: in function `main':
/home/embeddeduser/consolePrjt/rtems-5.1/build/arm-rtems5/c/stm32f4/cpukit/conftest.c:18: undefined reference to `rtems_stub_pthread_attr_getstack'
collect2: error: ld returned 1 exit status
configure:5472: $? = 1
configure: failed program was:
| /* confdefs.h */
| #define PACKAGE_NAME "rtems-cpukit"
| #define PACKAGE_TARNAME "rtems-cpukit"
| #define PACKAGE_VERSION "5.1.0"
| #define PACKAGE_STRING "rtems-cpukit 5.1.0"
| #define PACKAGE_BUGREPORT "https://devel.rtems.org/newticket"
| #define PACKAGE_URL ""
| #define RTEMS_NEWLIB 1
| #define HAVE_DECL_PTHREAD_ATTR_GETGUARDSIZE 1
| #define HAVE_DECL_PTHREAD_ATTR_SETGUARDSIZE 1
| #define HAVE_DECL_PTHREAD_ATTR_SETSTACK 1
| #define HAVE_DECL_PTHREAD_ATTR_GETSTACK 1
| /* end confdefs.h.  */
| #include <pthread.h>
| int
| main ()
| {
| rtems_stub_pthread_attr_getstack()
|   ;
|   return 0;
| }
configure:5486: arm-rtems5-gcc --pipe -o conftest -mthumb -mcpu=cortex-m4 -O2 -g -ffunction-sections -fdata-sections -Wall -Wmissing-prototypes -Wimplicit-function-declaration -Wstrict-prototypes -Wnested-externs   conftest.c  >&5
conftest.c:16:1: warning: function declaration isn't a prototype [-Wstrict-prototypes]
 main ()
 ^~~~
conftest.c: In function 'main':
conftest.c:18:1: error: too few arguments to function 'pthread_attr_getstack'
 pthread_attr_getstack()
 ^~~~~~~~~~~~~~~~~~~~~
In file included from conftest.c:14:0:
/opt/rtems-5.1/arm-rtems5/include/pthread.h:204:5: note: declared here
 int pthread_attr_getstack (const pthread_attr_t *attr,
     ^~~~~~~~~~~~~~~~~~~~~
configure:5486: $? = 1
configure: failed program was:
| /* confdefs.h */
| #define PACKAGE_NAME "rtems-cpukit"
| #define PACKAGE_TARNAME "rtems-cpukit"
| #define PACKAGE_VERSION "5.1.0"
| #define PACKAGE_STRING "rtems-cpukit 5.1.0"
| #define PACKAGE_BUGREPORT "https://devel.rtems.org/newticket"
| #define PACKAGE_URL ""
| #define RTEMS_NEWLIB 1
| #define HAVE_DECL_PTHREAD_ATTR_GETGUARDSIZE 1
| #define HAVE_DECL_PTHREAD_ATTR_SETGUARDSIZE 1
| #define HAVE_DECL_PTHREAD_ATTR_SETSTACK 1
| #define HAVE_DECL_PTHREAD_ATTR_GETSTACK 1
| /* end confdefs.h.  */
| #include <pthread.h>
| int
| main ()
| {
| pthread_attr_getstack()
|   ;
|   return 0;
| }
configure:5499: result: no
configure:5512: checking whether pthread_attr_setaffinity_np is declared
configure:5512: arm-rtems5-gcc --pipe -c -mthumb -mcpu=cortex-m4 -O2 -g -ffunction-sections -fdata-sections -Wall -Wmissing-prototypes -Wimplicit-function-declaration -Wstrict-prototypes -Wnested-externs  conftest.c >&5
conftest.c:19:1: warning: function declaration isn't a prototype [-Wstrict-prototypes]
 main ()
 ^~~~
configure:5512: $? = 0
configure:5512: result: yes
configure:5527: checking for pthread_attr_setaffinity_np
configure:5546: arm-rtems5-gcc --pipe -o conftest -mthumb -mcpu=cortex-m4 -O2 -g -ffunction-sections -fdata-sections -Wall -Wmissing-prototypes -Wimplicit-function-declaration -Wstrict-prototypes -Wnested-externs   conftest.c  >&5
conftest.c:19:1: warning: function declaration isn't a prototype [-Wstrict-prototypes]
 main ()
 ^~~~
conftest.c: In function 'main':
conftest.c:21:1: warning: implicit declaration of function 'rtems_stub_pthread_attr_setaffinity_np'; did you mean 'pthread_attr_setaffinity_np'? [-Wimplicit-function-declaration]
 rtems_stub_pthread_attr_setaffinity_np()
 ^~~~~~~~~~~~~~~~~~~~~~~~~~~~~~~~~~~~~~
 pthread_attr_setaffinity_np
conftest.c:21:1: warning: nested extern declaration of 'rtems_stub_pthread_attr_setaffinity_np' [-Wnested-externs]
/opt/rtems-5.1/lib/gcc/arm-rtems5/7.5.0/../../../../arm-rtems5/bin/ld: warning: cannot find entry symbol _start; defaulting to 0000000000008000
/opt/rtems-5.1/lib/gcc/arm-rtems5/7.5.0/../../../../arm-rtems5/bin/ld: /tmp/ccbw4q0s.o: in function `main':
/home/embeddeduser/consolePrjt/rtems-5.1/build/arm-rtems5/c/stm32f4/cpukit/conftest.c:21: undefined reference to `rtems_stub_pthread_attr_setaffinity_np'
collect2: error: ld returned 1 exit status
configure:5546: $? = 1
configure: failed program was:
| /* confdefs.h */
| #define PACKAGE_NAME "rtems-cpukit"
| #define PACKAGE_TARNAME "rtems-cpukit"
| #define PACKAGE_VERSION "5.1.0"
| #define PACKAGE_STRING "rtems-cpukit 5.1.0"
| #define PACKAGE_BUGREPORT "https://devel.rtems.org/newticket"
| #define PACKAGE_URL ""
| #define RTEMS_NEWLIB 1
| #define HAVE_DECL_PTHREAD_ATTR_GETGUARDSIZE 1
| #define HAVE_DECL_PTHREAD_ATTR_SETGUARDSIZE 1
| #define HAVE_DECL_PTHREAD_ATTR_SETSTACK 1
| #define HAVE_DECL_PTHREAD_ATTR_GETSTACK 1
| #define HAVE_DECL_PTHREAD_ATTR_SETAFFINITY_NP 1
| /* end confdefs.h.  */
| 
|   #define _GNU_SOURCE
|   #include <pthread.h>
| int
| main ()
| {
| rtems_stub_pthread_attr_setaffinity_np()
|   ;
|   return 0;
| }
configure:5562: arm-rtems5-gcc --pipe -o conftest -mthumb -mcpu=cortex-m4 -O2 -g -ffunction-sections -fdata-sections -Wall -Wmissing-prototypes -Wimplicit-function-declaration -Wstrict-prototypes -Wnested-externs   conftest.c  >&5
conftest.c:19:1: warning: function declaration isn't a prototype [-Wstrict-prototypes]
 main ()
 ^~~~
conftest.c: In function 'main':
conftest.c:21:1: error: too few arguments to function 'pthread_attr_setaffinity_np'
 pthread_attr_setaffinity_np()
 ^~~~~~~~~~~~~~~~~~~~~~~~~~~
In file included from conftest.c:17:0:
/opt/rtems-5.1/arm-rtems5/include/pthread.h:225:5: note: declared here
 int pthread_attr_setaffinity_np (pthread_attr_t *__attr,
     ^~~~~~~~~~~~~~~~~~~~~~~~~~~
configure:5562: $? = 1
configure: failed program was:
| /* confdefs.h */
| #define PACKAGE_NAME "rtems-cpukit"
| #define PACKAGE_TARNAME "rtems-cpukit"
| #define PACKAGE_VERSION "5.1.0"
| #define PACKAGE_STRING "rtems-cpukit 5.1.0"
| #define PACKAGE_BUGREPORT "https://devel.rtems.org/newticket"
| #define PACKAGE_URL ""
| #define RTEMS_NEWLIB 1
| #define HAVE_DECL_PTHREAD_ATTR_GETGUARDSIZE 1
| #define HAVE_DECL_PTHREAD_ATTR_SETGUARDSIZE 1
| #define HAVE_DECL_PTHREAD_ATTR_SETSTACK 1
| #define HAVE_DECL_PTHREAD_ATTR_GETSTACK 1
| #define HAVE_DECL_PTHREAD_ATTR_SETAFFINITY_NP 1
| /* end confdefs.h.  */
| 
|   #define _GNU_SOURCE
|   #include <pthread.h>
| int
| main ()
| {
| pthread_attr_setaffinity_np()
|   ;
|   return 0;
| }
configure:5575: result: no
configure:5586: checking whether pthread_attr_getaffinity_np is declared
configure:5586: arm-rtems5-gcc --pipe -c -mthumb -mcpu=cortex-m4 -O2 -g -ffunction-sections -fdata-sections -Wall -Wmissing-prototypes -Wimplicit-function-declaration -Wstrict-prototypes -Wnested-externs  conftest.c >&5
conftest.c:20:1: warning: function declaration isn't a prototype [-Wstrict-prototypes]
 main ()
 ^~~~
configure:5586: $? = 0
configure:5586: result: yes
configure:5601: checking for pthread_attr_getaffinity_np
configure:5620: arm-rtems5-gcc --pipe -o conftest -mthumb -mcpu=cortex-m4 -O2 -g -ffunction-sections -fdata-sections -Wall -Wmissing-prototypes -Wimplicit-function-declaration -Wstrict-prototypes -Wnested-externs   conftest.c  >&5
conftest.c:20:1: warning: function declaration isn't a prototype [-Wstrict-prototypes]
 main ()
 ^~~~
conftest.c: In function 'main':
conftest.c:22:1: warning: implicit declaration of function 'rtems_stub_pthread_attr_getaffinity_np'; did you mean 'pthread_attr_getaffinity_np'? [-Wimplicit-function-declaration]
 rtems_stub_pthread_attr_getaffinity_np()
 ^~~~~~~~~~~~~~~~~~~~~~~~~~~~~~~~~~~~~~
 pthread_attr_getaffinity_np
conftest.c:22:1: warning: nested extern declaration of 'rtems_stub_pthread_attr_getaffinity_np' [-Wnested-externs]
/opt/rtems-5.1/lib/gcc/arm-rtems5/7.5.0/../../../../arm-rtems5/bin/ld: warning: cannot find entry symbol _start; defaulting to 0000000000008000
/opt/rtems-5.1/lib/gcc/arm-rtems5/7.5.0/../../../../arm-rtems5/bin/ld: /tmp/ccgx17SG.o: in function `main':
/home/embeddeduser/consolePrjt/rtems-5.1/build/arm-rtems5/c/stm32f4/cpukit/conftest.c:22: undefined reference to `rtems_stub_pthread_attr_getaffinity_np'
collect2: error: ld returned 1 exit status
configure:5620: $? = 1
configure: failed program was:
| /* confdefs.h */
| #define PACKAGE_NAME "rtems-cpukit"
| #define PACKAGE_TARNAME "rtems-cpukit"
| #define PACKAGE_VERSION "5.1.0"
| #define PACKAGE_STRING "rtems-cpukit 5.1.0"
| #define PACKAGE_BUGREPORT "https://devel.rtems.org/newticket"
| #define PACKAGE_URL ""
| #define RTEMS_NEWLIB 1
| #define HAVE_DECL_PTHREAD_ATTR_GETGUARDSIZE 1
| #define HAVE_DECL_PTHREAD_ATTR_SETGUARDSIZE 1
| #define HAVE_DECL_PTHREAD_ATTR_SETSTACK 1
| #define HAVE_DECL_PTHREAD_ATTR_GETSTACK 1
| #define HAVE_DECL_PTHREAD_ATTR_SETAFFINITY_NP 1
| #define HAVE_DECL_PTHREAD_ATTR_GETAFFINITY_NP 1
| /* end confdefs.h.  */
| 
|   #define _GNU_SOURCE
|   #include <pthread.h>
| int
| main ()
| {
| rtems_stub_pthread_attr_getaffinity_np()
|   ;
|   return 0;
| }
configure:5636: arm-rtems5-gcc --pipe -o conftest -mthumb -mcpu=cortex-m4 -O2 -g -ffunction-sections -fdata-sections -Wall -Wmissing-prototypes -Wimplicit-function-declaration -Wstrict-prototypes -Wnested-externs   conftest.c  >&5
conftest.c:20:1: warning: function declaration isn't a prototype [-Wstrict-prototypes]
 main ()
 ^~~~
conftest.c: In function 'main':
conftest.c:22:1: error: too few arguments to function 'pthread_attr_getaffinity_np'
 pthread_attr_getaffinity_np()
 ^~~~~~~~~~~~~~~~~~~~~~~~~~~
In file included from conftest.c:18:0:
/opt/rtems-5.1/arm-rtems5/include/pthread.h:228:6: note: declared here
 int  pthread_attr_getaffinity_np (const pthread_attr_t *__attr,
      ^~~~~~~~~~~~~~~~~~~~~~~~~~~
configure:5636: $? = 1
configure: failed program was:
| /* confdefs.h */
| #define PACKAGE_NAME "rtems-cpukit"
| #define PACKAGE_TARNAME "rtems-cpukit"
| #define PACKAGE_VERSION "5.1.0"
| #define PACKAGE_STRING "rtems-cpukit 5.1.0"
| #define PACKAGE_BUGREPORT "https://devel.rtems.org/newticket"
| #define PACKAGE_URL ""
| #define RTEMS_NEWLIB 1
| #define HAVE_DECL_PTHREAD_ATTR_GETGUARDSIZE 1
| #define HAVE_DECL_PTHREAD_ATTR_SETGUARDSIZE 1
| #define HAVE_DECL_PTHREAD_ATTR_SETSTACK 1
| #define HAVE_DECL_PTHREAD_ATTR_GETSTACK 1
| #define HAVE_DECL_PTHREAD_ATTR_SETAFFINITY_NP 1
| #define HAVE_DECL_PTHREAD_ATTR_GETAFFINITY_NP 1
| /* end confdefs.h.  */
| 
|   #define _GNU_SOURCE
|   #include <pthread.h>
| int
| main ()
| {
| pthread_attr_getaffinity_np()
|   ;
|   return 0;
| }
configure:5649: result: no
configure:5660: checking whether pthread_setaffinity_np is declared
configure:5660: arm-rtems5-gcc --pipe -c -mthumb -mcpu=cortex-m4 -O2 -g -ffunction-sections -fdata-sections -Wall -Wmissing-prototypes -Wimplicit-function-declaration -Wstrict-prototypes -Wnested-externs  conftest.c >&5
conftest.c:21:1: warning: function declaration isn't a prototype [-Wstrict-prototypes]
 main ()
 ^~~~
configure:5660: $? = 0
configure:5660: result: yes
configure:5675: checking for pthread_setaffinity_np
configure:5694: arm-rtems5-gcc --pipe -o conftest -mthumb -mcpu=cortex-m4 -O2 -g -ffunction-sections -fdata-sections -Wall -Wmissing-prototypes -Wimplicit-function-declaration -Wstrict-prototypes -Wnested-externs   conftest.c  >&5
conftest.c:21:1: warning: function declaration isn't a prototype [-Wstrict-prototypes]
 main ()
 ^~~~
conftest.c: In function 'main':
conftest.c:23:1: warning: implicit declaration of function 'rtems_stub_pthread_setaffinity_np'; did you mean 'pthread_setaffinity_np'? [-Wimplicit-function-declaration]
 rtems_stub_pthread_setaffinity_np()
 ^~~~~~~~~~~~~~~~~~~~~~~~~~~~~~~~~
 pthread_setaffinity_np
conftest.c:23:1: warning: nested extern declaration of 'rtems_stub_pthread_setaffinity_np' [-Wnested-externs]
/opt/rtems-5.1/lib/gcc/arm-rtems5/7.5.0/../../../../arm-rtems5/bin/ld: warning: cannot find entry symbol _start; defaulting to 0000000000008000
/opt/rtems-5.1/lib/gcc/arm-rtems5/7.5.0/../../../../arm-rtems5/bin/ld: /tmp/ccGI4xGU.o: in function `main':
/home/embeddeduser/consolePrjt/rtems-5.1/build/arm-rtems5/c/stm32f4/cpukit/conftest.c:23: undefined reference to `rtems_stub_pthread_setaffinity_np'
collect2: error: ld returned 1 exit status
configure:5694: $? = 1
configure: failed program was:
| /* confdefs.h */
| #define PACKAGE_NAME "rtems-cpukit"
| #define PACKAGE_TARNAME "rtems-cpukit"
| #define PACKAGE_VERSION "5.1.0"
| #define PACKAGE_STRING "rtems-cpukit 5.1.0"
| #define PACKAGE_BUGREPORT "https://devel.rtems.org/newticket"
| #define PACKAGE_URL ""
| #define RTEMS_NEWLIB 1
| #define HAVE_DECL_PTHREAD_ATTR_GETGUARDSIZE 1
| #define HAVE_DECL_PTHREAD_ATTR_SETGUARDSIZE 1
| #define HAVE_DECL_PTHREAD_ATTR_SETSTACK 1
| #define HAVE_DECL_PTHREAD_ATTR_GETSTACK 1
| #define HAVE_DECL_PTHREAD_ATTR_SETAFFINITY_NP 1
| #define HAVE_DECL_PTHREAD_ATTR_GETAFFINITY_NP 1
| #define HAVE_DECL_PTHREAD_SETAFFINITY_NP 1
| /* end confdefs.h.  */
| 
|   #define _GNU_SOURCE
|   #include <pthread.h>
| int
| main ()
| {
| rtems_stub_pthread_setaffinity_np()
|   ;
|   return 0;
| }
configure:5710: arm-rtems5-gcc --pipe -o conftest -mthumb -mcpu=cortex-m4 -O2 -g -ffunction-sections -fdata-sections -Wall -Wmissing-prototypes -Wimplicit-function-declaration -Wstrict-prototypes -Wnested-externs   conftest.c  >&5
conftest.c:21:1: warning: function declaration isn't a prototype [-Wstrict-prototypes]
 main ()
 ^~~~
conftest.c: In function 'main':
conftest.c:23:1: error: too few arguments to function 'pthread_setaffinity_np'
 pthread_setaffinity_np()
 ^~~~~~~~~~~~~~~~~~~~~~
In file included from conftest.c:19:0:
/opt/rtems-5.1/arm-rtems5/include/pthread.h:231:5: note: declared here
 int pthread_setaffinity_np (pthread_t __id, size_t __cpusetsize,
     ^~~~~~~~~~~~~~~~~~~~~~
configure:5710: $? = 1
configure: failed program was:
| /* confdefs.h */
| #define PACKAGE_NAME "rtems-cpukit"
| #define PACKAGE_TARNAME "rtems-cpukit"
| #define PACKAGE_VERSION "5.1.0"
| #define PACKAGE_STRING "rtems-cpukit 5.1.0"
| #define PACKAGE_BUGREPORT "https://devel.rtems.org/newticket"
| #define PACKAGE_URL ""
| #define RTEMS_NEWLIB 1
| #define HAVE_DECL_PTHREAD_ATTR_GETGUARDSIZE 1
| #define HAVE_DECL_PTHREAD_ATTR_SETGUARDSIZE 1
| #define HAVE_DECL_PTHREAD_ATTR_SETSTACK 1
| #define HAVE_DECL_PTHREAD_ATTR_GETSTACK 1
| #define HAVE_DECL_PTHREAD_ATTR_SETAFFINITY_NP 1
| #define HAVE_DECL_PTHREAD_ATTR_GETAFFINITY_NP 1
| #define HAVE_DECL_PTHREAD_SETAFFINITY_NP 1
| /* end confdefs.h.  */
| 
|   #define _GNU_SOURCE
|   #include <pthread.h>
| int
| main ()
| {
| pthread_setaffinity_np()
|   ;
|   return 0;
| }
configure:5723: result: no
configure:5734: checking whether pthread_getaffinity_np is declared
configure:5734: arm-rtems5-gcc --pipe -c -mthumb -mcpu=cortex-m4 -O2 -g -ffunction-sections -fdata-sections -Wall -Wmissing-prototypes -Wimplicit-function-declaration -Wstrict-prototypes -Wnested-externs  conftest.c >&5
conftest.c:22:1: warning: function declaration isn't a prototype [-Wstrict-prototypes]
 main ()
 ^~~~
configure:5734: $? = 0
configure:5734: result: yes
configure:5749: checking for pthread_getaffinity_np
configure:5768: arm-rtems5-gcc --pipe -o conftest -mthumb -mcpu=cortex-m4 -O2 -g -ffunction-sections -fdata-sections -Wall -Wmissing-prototypes -Wimplicit-function-declaration -Wstrict-prototypes -Wnested-externs   conftest.c  >&5
conftest.c:22:1: warning: function declaration isn't a prototype [-Wstrict-prototypes]
 main ()
 ^~~~
conftest.c: In function 'main':
conftest.c:24:1: warning: implicit declaration of function 'rtems_stub_pthread_getaffinity_np'; did you mean 'pthread_getaffinity_np'? [-Wimplicit-function-declaration]
 rtems_stub_pthread_getaffinity_np()
 ^~~~~~~~~~~~~~~~~~~~~~~~~~~~~~~~~
 pthread_getaffinity_np
conftest.c:24:1: warning: nested extern declaration of 'rtems_stub_pthread_getaffinity_np' [-Wnested-externs]
/opt/rtems-5.1/lib/gcc/arm-rtems5/7.5.0/../../../../arm-rtems5/bin/ld: warning: cannot find entry symbol _start; defaulting to 0000000000008000
/opt/rtems-5.1/lib/gcc/arm-rtems5/7.5.0/../../../../arm-rtems5/bin/ld: /tmp/cca28sHb.o: in function `main':
/home/embeddeduser/consolePrjt/rtems-5.1/build/arm-rtems5/c/stm32f4/cpukit/conftest.c:24: undefined reference to `rtems_stub_pthread_getaffinity_np'
collect2: error: ld returned 1 exit status
configure:5768: $? = 1
configure: failed program was:
| /* confdefs.h */
| #define PACKAGE_NAME "rtems-cpukit"
| #define PACKAGE_TARNAME "rtems-cpukit"
| #define PACKAGE_VERSION "5.1.0"
| #define PACKAGE_STRING "rtems-cpukit 5.1.0"
| #define PACKAGE_BUGREPORT "https://devel.rtems.org/newticket"
| #define PACKAGE_URL ""
| #define RTEMS_NEWLIB 1
| #define HAVE_DECL_PTHREAD_ATTR_GETGUARDSIZE 1
| #define HAVE_DECL_PTHREAD_ATTR_SETGUARDSIZE 1
| #define HAVE_DECL_PTHREAD_ATTR_SETSTACK 1
| #define HAVE_DECL_PTHREAD_ATTR_GETSTACK 1
| #define HAVE_DECL_PTHREAD_ATTR_SETAFFINITY_NP 1
| #define HAVE_DECL_PTHREAD_ATTR_GETAFFINITY_NP 1
| #define HAVE_DECL_PTHREAD_SETAFFINITY_NP 1
| #define HAVE_DECL_PTHREAD_GETAFFINITY_NP 1
| /* end confdefs.h.  */
| 
|   #define _GNU_SOURCE
|   #include <pthread.h>
| int
| main ()
| {
| rtems_stub_pthread_getaffinity_np()
|   ;
|   return 0;
| }
configure:5784: arm-rtems5-gcc --pipe -o conftest -mthumb -mcpu=cortex-m4 -O2 -g -ffunction-sections -fdata-sections -Wall -Wmissing-prototypes -Wimplicit-function-declaration -Wstrict-prototypes -Wnested-externs   conftest.c  >&5
conftest.c:22:1: warning: function declaration isn't a prototype [-Wstrict-prototypes]
 main ()
 ^~~~
conftest.c: In function 'main':
conftest.c:24:1: error: too few arguments to function 'pthread_getaffinity_np'
 pthread_getaffinity_np()
 ^~~~~~~~~~~~~~~~~~~~~~
In file included from conftest.c:20:0:
/opt/rtems-5.1/arm-rtems5/include/pthread.h:233:5: note: declared here
 int pthread_getaffinity_np (const pthread_t __id, size_t __cpusetsize,
     ^~~~~~~~~~~~~~~~~~~~~~
configure:5784: $? = 1
configure: failed program was:
| /* confdefs.h */
| #define PACKAGE_NAME "rtems-cpukit"
| #define PACKAGE_TARNAME "rtems-cpukit"
| #define PACKAGE_VERSION "5.1.0"
| #define PACKAGE_STRING "rtems-cpukit 5.1.0"
| #define PACKAGE_BUGREPORT "https://devel.rtems.org/newticket"
| #define PACKAGE_URL ""
| #define RTEMS_NEWLIB 1
| #define HAVE_DECL_PTHREAD_ATTR_GETGUARDSIZE 1
| #define HAVE_DECL_PTHREAD_ATTR_SETGUARDSIZE 1
| #define HAVE_DECL_PTHREAD_ATTR_SETSTACK 1
| #define HAVE_DECL_PTHREAD_ATTR_GETSTACK 1
| #define HAVE_DECL_PTHREAD_ATTR_SETAFFINITY_NP 1
| #define HAVE_DECL_PTHREAD_ATTR_GETAFFINITY_NP 1
| #define HAVE_DECL_PTHREAD_SETAFFINITY_NP 1
| #define HAVE_DECL_PTHREAD_GETAFFINITY_NP 1
| /* end confdefs.h.  */
| 
|   #define _GNU_SOURCE
|   #include <pthread.h>
| int
| main ()
| {
| pthread_getaffinity_np()
|   ;
|   return 0;
| }
configure:5797: result: no
configure:5808: checking whether pthread_getattr_np is declared
configure:5808: arm-rtems5-gcc --pipe -c -mthumb -mcpu=cortex-m4 -O2 -g -ffunction-sections -fdata-sections -Wall -Wmissing-prototypes -Wimplicit-function-declaration -Wstrict-prototypes -Wnested-externs  conftest.c >&5
conftest.c:23:1: warning: function declaration isn't a prototype [-Wstrict-prototypes]
 main ()
 ^~~~
configure:5808: $? = 0
configure:5808: result: yes
configure:5823: checking for pthread_getattr_np
configure:5842: arm-rtems5-gcc --pipe -o conftest -mthumb -mcpu=cortex-m4 -O2 -g -ffunction-sections -fdata-sections -Wall -Wmissing-prototypes -Wimplicit-function-declaration -Wstrict-prototypes -Wnested-externs   conftest.c  >&5
conftest.c:23:1: warning: function declaration isn't a prototype [-Wstrict-prototypes]
 main ()
 ^~~~
conftest.c: In function 'main':
conftest.c:25:1: warning: implicit declaration of function 'rtems_stub_pthread_getattr_np'; did you mean 'pthread_getattr_np'? [-Wimplicit-function-declaration]
 rtems_stub_pthread_getattr_np()
 ^~~~~~~~~~~~~~~~~~~~~~~~~~~~~
 pthread_getattr_np
conftest.c:25:1: warning: nested extern declaration of 'rtems_stub_pthread_getattr_np' [-Wnested-externs]
/opt/rtems-5.1/lib/gcc/arm-rtems5/7.5.0/../../../../arm-rtems5/bin/ld: warning: cannot find entry symbol _start; defaulting to 0000000000008000
/opt/rtems-5.1/lib/gcc/arm-rtems5/7.5.0/../../../../arm-rtems5/bin/ld: /tmp/cc1p0f1q.o: in function `main':
/home/embeddeduser/consolePrjt/rtems-5.1/build/arm-rtems5/c/stm32f4/cpukit/conftest.c:25: undefined reference to `rtems_stub_pthread_getattr_np'
collect2: error: ld returned 1 exit status
configure:5842: $? = 1
configure: failed program was:
| /* confdefs.h */
| #define PACKAGE_NAME "rtems-cpukit"
| #define PACKAGE_TARNAME "rtems-cpukit"
| #define PACKAGE_VERSION "5.1.0"
| #define PACKAGE_STRING "rtems-cpukit 5.1.0"
| #define PACKAGE_BUGREPORT "https://devel.rtems.org/newticket"
| #define PACKAGE_URL ""
| #define RTEMS_NEWLIB 1
| #define HAVE_DECL_PTHREAD_ATTR_GETGUARDSIZE 1
| #define HAVE_DECL_PTHREAD_ATTR_SETGUARDSIZE 1
| #define HAVE_DECL_PTHREAD_ATTR_SETSTACK 1
| #define HAVE_DECL_PTHREAD_ATTR_GETSTACK 1
| #define HAVE_DECL_PTHREAD_ATTR_SETAFFINITY_NP 1
| #define HAVE_DECL_PTHREAD_ATTR_GETAFFINITY_NP 1
| #define HAVE_DECL_PTHREAD_SETAFFINITY_NP 1
| #define HAVE_DECL_PTHREAD_GETAFFINITY_NP 1
| #define HAVE_DECL_PTHREAD_GETATTR_NP 1
| /* end confdefs.h.  */
| 
|   #define _GNU_SOURCE
|   #include <pthread.h>
| int
| main ()
| {
| rtems_stub_pthread_getattr_np()
|   ;
|   return 0;
| }
configure:5858: arm-rtems5-gcc --pipe -o conftest -mthumb -mcpu=cortex-m4 -O2 -g -ffunction-sections -fdata-sections -Wall -Wmissing-prototypes -Wimplicit-function-declaration -Wstrict-prototypes -Wnested-externs   conftest.c  >&5
conftest.c:23:1: warning: function declaration isn't a prototype [-Wstrict-prototypes]
 main ()
 ^~~~
conftest.c: In function 'main':
conftest.c:25:1: error: too few arguments to function 'pthread_getattr_np'
 pthread_getattr_np()
 ^~~~~~~~~~~~~~~~~~
In file included from conftest.c:21:0:
/opt/rtems-5.1/arm-rtems5/include/pthread.h:236:5: note: declared here
 int pthread_getattr_np (pthread_t __id, pthread_attr_t *__attr);
     ^~~~~~~~~~~~~~~~~~
configure:5858: $? = 1
configure: failed program was:
| /* confdefs.h */
| #define PACKAGE_NAME "rtems-cpukit"
| #define PACKAGE_TARNAME "rtems-cpukit"
| #define PACKAGE_VERSION "5.1.0"
| #define PACKAGE_STRING "rtems-cpukit 5.1.0"
| #define PACKAGE_BUGREPORT "https://devel.rtems.org/newticket"
| #define PACKAGE_URL ""
| #define RTEMS_NEWLIB 1
| #define HAVE_DECL_PTHREAD_ATTR_GETGUARDSIZE 1
| #define HAVE_DECL_PTHREAD_ATTR_SETGUARDSIZE 1
| #define HAVE_DECL_PTHREAD_ATTR_SETSTACK 1
| #define HAVE_DECL_PTHREAD_ATTR_GETSTACK 1
| #define HAVE_DECL_PTHREAD_ATTR_SETAFFINITY_NP 1
| #define HAVE_DECL_PTHREAD_ATTR_GETAFFINITY_NP 1
| #define HAVE_DECL_PTHREAD_SETAFFINITY_NP 1
| #define HAVE_DECL_PTHREAD_GETAFFINITY_NP 1
| #define HAVE_DECL_PTHREAD_GETATTR_NP 1
| /* end confdefs.h.  */
| 
|   #define _GNU_SOURCE
|   #include <pthread.h>
| int
| main ()
| {
| pthread_getattr_np()
|   ;
|   return 0;
| }
configure:5871: result: no
configure:5888: checking for mprotect(const void *, ...)
configure:5897: arm-rtems5-gcc --pipe -c -mthumb -mcpu=cortex-m4 -O2 -g -ffunction-sections -fdata-sections -Wall -Wmissing-prototypes -Wimplicit-function-declaration -Wstrict-prototypes -Wnested-externs  conftest.c >&5
conftest.c:21:5: error: conflicting types for 'mprotect'
 int mprotect(const void *, size_t, int);
     ^~~~~~~~
In file included from conftest.c:20:0:
/opt/rtems-5.1/arm-rtems5/include/sys/mman.h:226:5: note: previous declaration of 'mprotect' was here
 int mprotect(void *, size_t, int);
     ^~~~~~~~
configure:5897: $? = 1
configure: failed program was:
| /* confdefs.h */
| #define PACKAGE_NAME "rtems-cpukit"
| #define PACKAGE_TARNAME "rtems-cpukit"
| #define PACKAGE_VERSION "5.1.0"
| #define PACKAGE_STRING "rtems-cpukit 5.1.0"
| #define PACKAGE_BUGREPORT "https://devel.rtems.org/newticket"
| #define PACKAGE_URL ""
| #define RTEMS_NEWLIB 1
| #define HAVE_DECL_PTHREAD_ATTR_GETGUARDSIZE 1
| #define HAVE_DECL_PTHREAD_ATTR_SETGUARDSIZE 1
| #define HAVE_DECL_PTHREAD_ATTR_SETSTACK 1
| #define HAVE_DECL_PTHREAD_ATTR_GETSTACK 1
| #define HAVE_DECL_PTHREAD_ATTR_SETAFFINITY_NP 1
| #define HAVE_DECL_PTHREAD_ATTR_GETAFFINITY_NP 1
| #define HAVE_DECL_PTHREAD_SETAFFINITY_NP 1
| #define HAVE_DECL_PTHREAD_GETAFFINITY_NP 1
| #define HAVE_DECL_PTHREAD_GETATTR_NP 1
| /* end confdefs.h.  */
| 
| #include <sys/mman.h>
| int mprotect(const void *, size_t, int);
| 
configure:5907: result: no
configure:5912: checking for pthread_mutex_getprioceiling(const pthread_mutex_t *, ...)
configure:5921: arm-rtems5-gcc --pipe -c -mthumb -mcpu=cortex-m4 -O2 -g -ffunction-sections -fdata-sections -Wall -Wmissing-prototypes -Wimplicit-function-declaration -Wstrict-prototypes -Wnested-externs  conftest.c >&5
configure:5921: $? = 0
configure:5923: result: yes
configure:5936: checking for pthread_setschedparam(..., const struct sched_param *)
configure:5945: arm-rtems5-gcc --pipe -c -mthumb -mcpu=cortex-m4 -O2 -g -ffunction-sections -fdata-sections -Wall -Wmissing-prototypes -Wimplicit-function-declaration -Wstrict-prototypes -Wnested-externs  conftest.c >&5
configure:5945: $? = 0
configure:5947: result: yes
configure:5971: checking if printf("%" PRIxPTR, uintptr_t) works
configure:6001: arm-rtems5-gcc --pipe -c -Wall -Werror  conftest.c >&5
configure:6001: $? = 0
configure:6014: result: yes
configure:6020: checking if printf("%" PRIuPTR, uintptr_t) works
configure:6050: arm-rtems5-gcc --pipe -c -Wall -Werror  conftest.c >&5
configure:6050: $? = 0
configure:6063: result: yes
configure:6069: checking if printf("%" PRIdPTR, intptr_t) works
configure:6099: arm-rtems5-gcc --pipe -c -Wall -Werror  conftest.c >&5
configure:6099: $? = 0
configure:6112: result: yes
configure:6118: checking if printf("%zu", size_t) works
configure:6148: arm-rtems5-gcc --pipe -c -Wall -Werror  conftest.c >&5
configure:6148: $? = 0
configure:6161: result: yes
configure:6167: checking if printf("%zd", ssize_t) works
configure:6197: arm-rtems5-gcc --pipe -c -Wall -Werror  conftest.c >&5
configure:6197: $? = 0
configure:6210: result: yes
configure:6216: checking if printf("%ld", off_t) works
configure:6246: arm-rtems5-gcc --pipe -c -Wall -Werror  conftest.c >&5
conftest.c: In function 'main':
conftest.c:31:17: error: format '%ld' expects argument of type 'long int', but argument 2 has type 'off_t {aka long long int}' [-Werror=format=]
       printf("%ld\n", off);
               ~~^
               %lld
cc1: all warnings being treated as errors
configure:6246: $? = 1
configure: failed program was:
| /* confdefs.h */
| #define PACKAGE_NAME "rtems-cpukit"
| #define PACKAGE_TARNAME "rtems-cpukit"
| #define PACKAGE_VERSION "5.1.0"
| #define PACKAGE_STRING "rtems-cpukit 5.1.0"
| #define PACKAGE_BUGREPORT "https://devel.rtems.org/newticket"
| #define PACKAGE_URL ""
| #define RTEMS_NEWLIB 1
| #define HAVE_DECL_PTHREAD_ATTR_GETGUARDSIZE 1
| #define HAVE_DECL_PTHREAD_ATTR_SETGUARDSIZE 1
| #define HAVE_DECL_PTHREAD_ATTR_SETSTACK 1
| #define HAVE_DECL_PTHREAD_ATTR_GETSTACK 1
| #define HAVE_DECL_PTHREAD_ATTR_SETAFFINITY_NP 1
| #define HAVE_DECL_PTHREAD_ATTR_GETAFFINITY_NP 1
| #define HAVE_DECL_PTHREAD_SETAFFINITY_NP 1
| #define HAVE_DECL_PTHREAD_GETAFFINITY_NP 1
| #define HAVE_DECL_PTHREAD_GETATTR_NP 1
| #define HAVE_PTHREAD_MUTEX_GETCEILING_CONST /**/
| #define HAVE_PTHREAD_SETSCHEDPARAM_CONST /**/
| /* end confdefs.h.  */
| 
| 
|        #include <sys/types.h>
|        #include <stdio.h>
| 
| int
| main ()
| {
| 
|       off_t off = 1;
|       printf("%ld\n", off);
| 
|   ;
|   return 0;
| }
configure:6259: result: no
configure:6265: checking if printf("%lld", off_t) works
configure:6295: arm-rtems5-gcc --pipe -c -Wall -Werror  conftest.c >&5
configure:6295: $? = 0
configure:6308: result: yes
configure:6318: checking for grep that handles long lines and -e
configure:6376: result: /usr/bin/grep
configure:6381: checking for egrep
configure:6443: result: /usr/bin/grep -E
configure:6448: checking for ANSI C header files
configure:6468: arm-rtems5-gcc --pipe -c -mthumb -mcpu=cortex-m4 -O2 -g -ffunction-sections -fdata-sections -Wall -Wmissing-prototypes -Wimplicit-function-declaration -Wstrict-prototypes -Wnested-externs  conftest.c >&5
conftest.c:27:1: warning: function declaration isn't a prototype [-Wstrict-prototypes]
 main ()
 ^~~~
configure:6468: $? = 0
configure:6552: result: yes
configure:6565: checking for sys/types.h
configure:6565: arm-rtems5-gcc --pipe -c -mthumb -mcpu=cortex-m4 -O2 -g -ffunction-sections -fdata-sections -Wall -Wmissing-prototypes -Wimplicit-function-declaration -Wstrict-prototypes -Wnested-externs  conftest.c >&5
configure:6565: $? = 0
configure:6565: result: yes
configure:6565: checking for sys/stat.h
configure:6565: arm-rtems5-gcc --pipe -c -mthumb -mcpu=cortex-m4 -O2 -g -ffunction-sections -fdata-sections -Wall -Wmissing-prototypes -Wimplicit-function-declaration -Wstrict-prototypes -Wnested-externs  conftest.c >&5
configure:6565: $? = 0
configure:6565: result: yes
configure:6565: checking for stdlib.h
configure:6565: arm-rtems5-gcc --pipe -c -mthumb -mcpu=cortex-m4 -O2 -g -ffunction-sections -fdata-sections -Wall -Wmissing-prototypes -Wimplicit-function-declaration -Wstrict-prototypes -Wnested-externs  conftest.c >&5
configure:6565: $? = 0
configure:6565: result: yes
configure:6565: checking for string.h
configure:6565: arm-rtems5-gcc --pipe -c -mthumb -mcpu=cortex-m4 -O2 -g -ffunction-sections -fdata-sections -Wall -Wmissing-prototypes -Wimplicit-function-declaration -Wstrict-prototypes -Wnested-externs  conftest.c >&5
configure:6565: $? = 0
configure:6565: result: yes
configure:6565: checking for memory.h
configure:6565: arm-rtems5-gcc --pipe -c -mthumb -mcpu=cortex-m4 -O2 -g -ffunction-sections -fdata-sections -Wall -Wmissing-prototypes -Wimplicit-function-declaration -Wstrict-prototypes -Wnested-externs  conftest.c >&5
configure:6565: $? = 0
configure:6565: result: yes
configure:6565: checking for strings.h
configure:6565: arm-rtems5-gcc --pipe -c -mthumb -mcpu=cortex-m4 -O2 -g -ffunction-sections -fdata-sections -Wall -Wmissing-prototypes -Wimplicit-function-declaration -Wstrict-prototypes -Wnested-externs  conftest.c >&5
configure:6565: $? = 0
configure:6565: result: yes
configure:6565: checking for inttypes.h
configure:6565: arm-rtems5-gcc --pipe -c -mthumb -mcpu=cortex-m4 -O2 -g -ffunction-sections -fdata-sections -Wall -Wmissing-prototypes -Wimplicit-function-declaration -Wstrict-prototypes -Wnested-externs  conftest.c >&5
configure:6565: $? = 0
configure:6565: result: yes
configure:6565: checking for stdint.h
configure:6565: arm-rtems5-gcc --pipe -c -mthumb -mcpu=cortex-m4 -O2 -g -ffunction-sections -fdata-sections -Wall -Wmissing-prototypes -Wimplicit-function-declaration -Wstrict-prototypes -Wnested-externs  conftest.c >&5
configure:6565: $? = 0
configure:6565: result: yes
configure:6565: checking for unistd.h
configure:6565: arm-rtems5-gcc --pipe -c -mthumb -mcpu=cortex-m4 -O2 -g -ffunction-sections -fdata-sections -Wall -Wmissing-prototypes -Wimplicit-function-declaration -Wstrict-prototypes -Wnested-externs  conftest.c >&5
configure:6565: $? = 0
configure:6565: result: yes
configure:6577: checking pthread.h usability
configure:6577: arm-rtems5-gcc --pipe -c -mthumb -mcpu=cortex-m4 -O2 -g -ffunction-sections -fdata-sections -Wall -Wmissing-prototypes -Wimplicit-function-declaration -Wstrict-prototypes -Wnested-externs  conftest.c >&5
configure:6577: $? = 0
configure:6577: result: yes
configure:6577: checking pthread.h presence
configure:6577: arm-rtems5-gcc -E  conftest.c
configure:6577: $? = 0
configure:6577: result: yes
configure:6577: checking for pthread.h
configure:6577: result: yes
configure:6580: checking for pthread_rwlock_t
configure:6580: arm-rtems5-gcc --pipe -c -mthumb -mcpu=cortex-m4 -O2 -g -ffunction-sections -fdata-sections -Wall -Wmissing-prototypes -Wimplicit-function-declaration -Wstrict-prototypes -Wnested-externs  conftest.c >&5
conftest.c:65:1: warning: function declaration isn't a prototype [-Wstrict-prototypes]
 main ()
 ^~~~
configure:6580: $? = 0
configure:6580: arm-rtems5-gcc --pipe -c -mthumb -mcpu=cortex-m4 -O2 -g -ffunction-sections -fdata-sections -Wall -Wmissing-prototypes -Wimplicit-function-declaration -Wstrict-prototypes -Wnested-externs  conftest.c >&5
conftest.c:65:1: warning: function declaration isn't a prototype [-Wstrict-prototypes]
 main ()
 ^~~~
conftest.c: In function 'main':
conftest.c:67:31: error: expected expression before ')' token
 if (sizeof ((pthread_rwlock_t)))
                               ^
configure:6580: $? = 1
configure: failed program was:
| /* confdefs.h */
| #define PACKAGE_NAME "rtems-cpukit"
| #define PACKAGE_TARNAME "rtems-cpukit"
| #define PACKAGE_VERSION "5.1.0"
| #define PACKAGE_STRING "rtems-cpukit 5.1.0"
| #define PACKAGE_BUGREPORT "https://devel.rtems.org/newticket"
| #define PACKAGE_URL ""
| #define RTEMS_NEWLIB 1
| #define HAVE_DECL_PTHREAD_ATTR_GETGUARDSIZE 1
| #define HAVE_DECL_PTHREAD_ATTR_SETGUARDSIZE 1
| #define HAVE_DECL_PTHREAD_ATTR_SETSTACK 1
| #define HAVE_DECL_PTHREAD_ATTR_GETSTACK 1
| #define HAVE_DECL_PTHREAD_ATTR_SETAFFINITY_NP 1
| #define HAVE_DECL_PTHREAD_ATTR_GETAFFINITY_NP 1
| #define HAVE_DECL_PTHREAD_SETAFFINITY_NP 1
| #define HAVE_DECL_PTHREAD_GETAFFINITY_NP 1
| #define HAVE_DECL_PTHREAD_GETATTR_NP 1
| #define HAVE_PTHREAD_MUTEX_GETCEILING_CONST /**/
| #define HAVE_PTHREAD_SETSCHEDPARAM_CONST /**/
| #define STDC_HEADERS 1
| #define HAVE_SYS_TYPES_H 1
| #define HAVE_SYS_STAT_H 1
| #define HAVE_STDLIB_H 1
| #define HAVE_STRING_H 1
| #define HAVE_MEMORY_H 1
| #define HAVE_STRINGS_H 1
| #define HAVE_INTTYPES_H 1
| #define HAVE_STDINT_H 1
| #define HAVE_UNISTD_H 1
| /* end confdefs.h.  */
| #include <stdio.h>
| #ifdef HAVE_SYS_TYPES_H
| # include <sys/types.h>
| #endif
| #ifdef HAVE_SYS_STAT_H
| # include <sys/stat.h>
| #endif
| #ifdef STDC_HEADERS
| # include <stdlib.h>
| # include <stddef.h>
| #else
| # ifdef HAVE_STDLIB_H
| #  include <stdlib.h>
| # endif
| #endif
| #ifdef HAVE_STRING_H
| # if !defined STDC_HEADERS && defined HAVE_MEMORY_H
| #  include <memory.h>
| # endif
| # include <string.h>
| #endif
| #ifdef HAVE_STRINGS_H
| # include <strings.h>
| #endif
| #ifdef HAVE_INTTYPES_H
| # include <inttypes.h>
| #endif
| #ifdef HAVE_STDINT_H
| # include <stdint.h>
| #endif
| #ifdef HAVE_UNISTD_H
| # include <unistd.h>
| #endif
| int
| main ()
| {
| if (sizeof ((pthread_rwlock_t)))
| 	    return 0;
|   ;
|   return 0;
| }
configure:6580: result: yes
configure:6590: checking for pthread_barrier_t
configure:6590: arm-rtems5-gcc --pipe -c -mthumb -mcpu=cortex-m4 -O2 -g -ffunction-sections -fdata-sections -Wall -Wmissing-prototypes -Wimplicit-function-declaration -Wstrict-prototypes -Wnested-externs  conftest.c >&5
conftest.c:66:1: warning: function declaration isn't a prototype [-Wstrict-prototypes]
 main ()
 ^~~~
configure:6590: $? = 0
configure:6590: arm-rtems5-gcc --pipe -c -mthumb -mcpu=cortex-m4 -O2 -g -ffunction-sections -fdata-sections -Wall -Wmissing-prototypes -Wimplicit-function-declaration -Wstrict-prototypes -Wnested-externs  conftest.c >&5
conftest.c:66:1: warning: function declaration isn't a prototype [-Wstrict-prototypes]
 main ()
 ^~~~
conftest.c: In function 'main':
conftest.c:68:32: error: expected expression before ')' token
 if (sizeof ((pthread_barrier_t)))
                                ^
configure:6590: $? = 1
configure: failed program was:
| /* confdefs.h */
| #define PACKAGE_NAME "rtems-cpukit"
| #define PACKAGE_TARNAME "rtems-cpukit"
| #define PACKAGE_VERSION "5.1.0"
| #define PACKAGE_STRING "rtems-cpukit 5.1.0"
| #define PACKAGE_BUGREPORT "https://devel.rtems.org/newticket"
| #define PACKAGE_URL ""
| #define RTEMS_NEWLIB 1
| #define HAVE_DECL_PTHREAD_ATTR_GETGUARDSIZE 1
| #define HAVE_DECL_PTHREAD_ATTR_SETGUARDSIZE 1
| #define HAVE_DECL_PTHREAD_ATTR_SETSTACK 1
| #define HAVE_DECL_PTHREAD_ATTR_GETSTACK 1
| #define HAVE_DECL_PTHREAD_ATTR_SETAFFINITY_NP 1
| #define HAVE_DECL_PTHREAD_ATTR_GETAFFINITY_NP 1
| #define HAVE_DECL_PTHREAD_SETAFFINITY_NP 1
| #define HAVE_DECL_PTHREAD_GETAFFINITY_NP 1
| #define HAVE_DECL_PTHREAD_GETATTR_NP 1
| #define HAVE_PTHREAD_MUTEX_GETCEILING_CONST /**/
| #define HAVE_PTHREAD_SETSCHEDPARAM_CONST /**/
| #define STDC_HEADERS 1
| #define HAVE_SYS_TYPES_H 1
| #define HAVE_SYS_STAT_H 1
| #define HAVE_STDLIB_H 1
| #define HAVE_STRING_H 1
| #define HAVE_MEMORY_H 1
| #define HAVE_STRINGS_H 1
| #define HAVE_INTTYPES_H 1
| #define HAVE_STDINT_H 1
| #define HAVE_UNISTD_H 1
| #define HAVE_PTHREAD_RWLOCK_T 1
| /* end confdefs.h.  */
| #include <stdio.h>
| #ifdef HAVE_SYS_TYPES_H
| # include <sys/types.h>
| #endif
| #ifdef HAVE_SYS_STAT_H
| # include <sys/stat.h>
| #endif
| #ifdef STDC_HEADERS
| # include <stdlib.h>
| # include <stddef.h>
| #else
| # ifdef HAVE_STDLIB_H
| #  include <stdlib.h>
| # endif
| #endif
| #ifdef HAVE_STRING_H
| # if !defined STDC_HEADERS && defined HAVE_MEMORY_H
| #  include <memory.h>
| # endif
| # include <string.h>
| #endif
| #ifdef HAVE_STRINGS_H
| # include <strings.h>
| #endif
| #ifdef HAVE_INTTYPES_H
| # include <inttypes.h>
| #endif
| #ifdef HAVE_STDINT_H
| # include <stdint.h>
| #endif
| #ifdef HAVE_UNISTD_H
| # include <unistd.h>
| #endif
| int
| main ()
| {
| if (sizeof ((pthread_barrier_t)))
| 	    return 0;
|   ;
|   return 0;
| }
configure:6590: result: yes
configure:6600: checking for pthread_spinlock_t
configure:6600: arm-rtems5-gcc --pipe -c -mthumb -mcpu=cortex-m4 -O2 -g -ffunction-sections -fdata-sections -Wall -Wmissing-prototypes -Wimplicit-function-declaration -Wstrict-prototypes -Wnested-externs  conftest.c >&5
conftest.c:67:1: warning: function declaration isn't a prototype [-Wstrict-prototypes]
 main ()
 ^~~~
configure:6600: $? = 0
configure:6600: arm-rtems5-gcc --pipe -c -mthumb -mcpu=cortex-m4 -O2 -g -ffunction-sections -fdata-sections -Wall -Wmissing-prototypes -Wimplicit-function-declaration -Wstrict-prototypes -Wnested-externs  conftest.c >&5
conftest.c:67:1: warning: function declaration isn't a prototype [-Wstrict-prototypes]
 main ()
 ^~~~
conftest.c: In function 'main':
conftest.c:69:33: error: expected expression before ')' token
 if (sizeof ((pthread_spinlock_t)))
                                 ^
configure:6600: $? = 1
configure: failed program was:
| /* confdefs.h */
| #define PACKAGE_NAME "rtems-cpukit"
| #define PACKAGE_TARNAME "rtems-cpukit"
| #define PACKAGE_VERSION "5.1.0"
| #define PACKAGE_STRING "rtems-cpukit 5.1.0"
| #define PACKAGE_BUGREPORT "https://devel.rtems.org/newticket"
| #define PACKAGE_URL ""
| #define RTEMS_NEWLIB 1
| #define HAVE_DECL_PTHREAD_ATTR_GETGUARDSIZE 1
| #define HAVE_DECL_PTHREAD_ATTR_SETGUARDSIZE 1
| #define HAVE_DECL_PTHREAD_ATTR_SETSTACK 1
| #define HAVE_DECL_PTHREAD_ATTR_GETSTACK 1
| #define HAVE_DECL_PTHREAD_ATTR_SETAFFINITY_NP 1
| #define HAVE_DECL_PTHREAD_ATTR_GETAFFINITY_NP 1
| #define HAVE_DECL_PTHREAD_SETAFFINITY_NP 1
| #define HAVE_DECL_PTHREAD_GETAFFINITY_NP 1
| #define HAVE_DECL_PTHREAD_GETATTR_NP 1
| #define HAVE_PTHREAD_MUTEX_GETCEILING_CONST /**/
| #define HAVE_PTHREAD_SETSCHEDPARAM_CONST /**/
| #define STDC_HEADERS 1
| #define HAVE_SYS_TYPES_H 1
| #define HAVE_SYS_STAT_H 1
| #define HAVE_STDLIB_H 1
| #define HAVE_STRING_H 1
| #define HAVE_MEMORY_H 1
| #define HAVE_STRINGS_H 1
| #define HAVE_INTTYPES_H 1
| #define HAVE_STDINT_H 1
| #define HAVE_UNISTD_H 1
| #define HAVE_PTHREAD_RWLOCK_T 1
| #define HAVE_PTHREAD_BARRIER_T 1
| /* end confdefs.h.  */
| #include <stdio.h>
| #ifdef HAVE_SYS_TYPES_H
| # include <sys/types.h>
| #endif
| #ifdef HAVE_SYS_STAT_H
| # include <sys/stat.h>
| #endif
| #ifdef STDC_HEADERS
| # include <stdlib.h>
| # include <stddef.h>
| #else
| # ifdef HAVE_STDLIB_H
| #  include <stdlib.h>
| # endif
| #endif
| #ifdef HAVE_STRING_H
| # if !defined STDC_HEADERS && defined HAVE_MEMORY_H
| #  include <memory.h>
| # endif
| # include <string.h>
| #endif
| #ifdef HAVE_STRINGS_H
| # include <strings.h>
| #endif
| #ifdef HAVE_INTTYPES_H
| # include <inttypes.h>
| #endif
| #ifdef HAVE_STDINT_H
| # include <stdint.h>
| #endif
| #ifdef HAVE_UNISTD_H
| # include <unistd.h>
| #endif
| int
| main ()
| {
| if (sizeof ((pthread_spinlock_t)))
| 	    return 0;
|   ;
|   return 0;
| }
configure:6600: result: yes
configure:6610: checking for struct _pthread_cleanup_context
configure:6610: arm-rtems5-gcc --pipe -c -mthumb -mcpu=cortex-m4 -O2 -g -ffunction-sections -fdata-sections -Wall -Wmissing-prototypes -Wimplicit-function-declaration -Wstrict-prototypes -Wnested-externs  conftest.c >&5
conftest.c:37:1: warning: function declaration isn't a prototype [-Wstrict-prototypes]
 main ()
 ^~~~
configure:6610: $? = 0
configure:6610: arm-rtems5-gcc --pipe -c -mthumb -mcpu=cortex-m4 -O2 -g -ffunction-sections -fdata-sections -Wall -Wmissing-prototypes -Wimplicit-function-declaration -Wstrict-prototypes -Wnested-externs  conftest.c >&5
conftest.c:37:1: warning: function declaration isn't a prototype [-Wstrict-prototypes]
 main ()
 ^~~~
conftest.c: In function 'main':
conftest.c:39:46: error: expected expression before ')' token
 if (sizeof ((struct _pthread_cleanup_context)))
                                              ^
configure:6610: $? = 1
configure: failed program was:
| /* confdefs.h */
| #define PACKAGE_NAME "rtems-cpukit"
| #define PACKAGE_TARNAME "rtems-cpukit"
| #define PACKAGE_VERSION "5.1.0"
| #define PACKAGE_STRING "rtems-cpukit 5.1.0"
| #define PACKAGE_BUGREPORT "https://devel.rtems.org/newticket"
| #define PACKAGE_URL ""
| #define RTEMS_NEWLIB 1
| #define HAVE_DECL_PTHREAD_ATTR_GETGUARDSIZE 1
| #define HAVE_DECL_PTHREAD_ATTR_SETGUARDSIZE 1
| #define HAVE_DECL_PTHREAD_ATTR_SETSTACK 1
| #define HAVE_DECL_PTHREAD_ATTR_GETSTACK 1
| #define HAVE_DECL_PTHREAD_ATTR_SETAFFINITY_NP 1
| #define HAVE_DECL_PTHREAD_ATTR_GETAFFINITY_NP 1
| #define HAVE_DECL_PTHREAD_SETAFFINITY_NP 1
| #define HAVE_DECL_PTHREAD_GETAFFINITY_NP 1
| #define HAVE_DECL_PTHREAD_GETATTR_NP 1
| #define HAVE_PTHREAD_MUTEX_GETCEILING_CONST /**/
| #define HAVE_PTHREAD_SETSCHEDPARAM_CONST /**/
| #define STDC_HEADERS 1
| #define HAVE_SYS_TYPES_H 1
| #define HAVE_SYS_STAT_H 1
| #define HAVE_STDLIB_H 1
| #define HAVE_STRING_H 1
| #define HAVE_MEMORY_H 1
| #define HAVE_STRINGS_H 1
| #define HAVE_INTTYPES_H 1
| #define HAVE_STDINT_H 1
| #define HAVE_UNISTD_H 1
| #define HAVE_PTHREAD_RWLOCK_T 1
| #define HAVE_PTHREAD_BARRIER_T 1
| #define HAVE_PTHREAD_SPINLOCK_T 1
| /* end confdefs.h.  */
| #include <pthread.h>
| 
| int
| main ()
| {
| if (sizeof ((struct _pthread_cleanup_context)))
| 	    return 0;
|   ;
|   return 0;
| }
configure:6610: result: yes
configure:6623: checking for struct _Priority_Node
configure:6623: arm-rtems5-gcc --pipe -c -mthumb -mcpu=cortex-m4 -O2 -g -ffunction-sections -fdata-sections -Wall -Wmissing-prototypes -Wimplicit-function-declaration -Wstrict-prototypes -Wnested-externs  conftest.c >&5
conftest.c:38:1: warning: function declaration isn't a prototype [-Wstrict-prototypes]
 main ()
 ^~~~
configure:6623: $? = 0
configure:6623: arm-rtems5-gcc --pipe -c -mthumb -mcpu=cortex-m4 -O2 -g -ffunction-sections -fdata-sections -Wall -Wmissing-prototypes -Wimplicit-function-declaration -Wstrict-prototypes -Wnested-externs  conftest.c >&5
conftest.c:38:1: warning: function declaration isn't a prototype [-Wstrict-prototypes]
 main ()
 ^~~~
conftest.c: In function 'main':
conftest.c:40:36: error: expected expression before ')' token
 if (sizeof ((struct _Priority_Node)))
                                    ^
configure:6623: $? = 1
configure: failed program was:
| /* confdefs.h */
| #define PACKAGE_NAME "rtems-cpukit"
| #define PACKAGE_TARNAME "rtems-cpukit"
| #define PACKAGE_VERSION "5.1.0"
| #define PACKAGE_STRING "rtems-cpukit 5.1.0"
| #define PACKAGE_BUGREPORT "https://devel.rtems.org/newticket"
| #define PACKAGE_URL ""
| #define RTEMS_NEWLIB 1
| #define HAVE_DECL_PTHREAD_ATTR_GETGUARDSIZE 1
| #define HAVE_DECL_PTHREAD_ATTR_SETGUARDSIZE 1
| #define HAVE_DECL_PTHREAD_ATTR_SETSTACK 1
| #define HAVE_DECL_PTHREAD_ATTR_GETSTACK 1
| #define HAVE_DECL_PTHREAD_ATTR_SETAFFINITY_NP 1
| #define HAVE_DECL_PTHREAD_ATTR_GETAFFINITY_NP 1
| #define HAVE_DECL_PTHREAD_SETAFFINITY_NP 1
| #define HAVE_DECL_PTHREAD_GETAFFINITY_NP 1
| #define HAVE_DECL_PTHREAD_GETATTR_NP 1
| #define HAVE_PTHREAD_MUTEX_GETCEILING_CONST /**/
| #define HAVE_PTHREAD_SETSCHEDPARAM_CONST /**/
| #define STDC_HEADERS 1
| #define HAVE_SYS_TYPES_H 1
| #define HAVE_SYS_STAT_H 1
| #define HAVE_STDLIB_H 1
| #define HAVE_STRING_H 1
| #define HAVE_MEMORY_H 1
| #define HAVE_STRINGS_H 1
| #define HAVE_INTTYPES_H 1
| #define HAVE_STDINT_H 1
| #define HAVE_UNISTD_H 1
| #define HAVE_PTHREAD_RWLOCK_T 1
| #define HAVE_PTHREAD_BARRIER_T 1
| #define HAVE_PTHREAD_SPINLOCK_T 1
| #define HAVE_STRUCT__PTHREAD_CLEANUP_CONTEXT 1
| /* end confdefs.h.  */
| #include <pthread.h>
| 
| int
| main ()
| {
| if (sizeof ((struct _Priority_Node)))
| 	    return 0;
|   ;
|   return 0;
| }
configure:6623: result: yes
configure:6643: checking whether CPU supports libposix
configure:6658: result: yes
configure:6662: checking whether CPU supports networking
configure:6687: result: yes
configure:6710: checking whether CPU supports SMP
configure:6725: result: disabled
configure:7046: checking size of mode_t
configure:7051: arm-rtems5-gcc --pipe -c -mthumb -mcpu=cortex-m4 -O2 -g -ffunction-sections -fdata-sections -Wall -Wmissing-prototypes -Wimplicit-function-declaration -Wstrict-prototypes -Wnested-externs  conftest.c >&5
conftest.c:75:1: warning: function declaration isn't a prototype [-Wstrict-prototypes]
 main ()
 ^~~~
configure:7051: $? = 0
configure:7051: arm-rtems5-gcc --pipe -c -mthumb -mcpu=cortex-m4 -O2 -g -ffunction-sections -fdata-sections -Wall -Wmissing-prototypes -Wimplicit-function-declaration -Wstrict-prototypes -Wnested-externs  conftest.c >&5
conftest.c:75:1: warning: function declaration isn't a prototype [-Wstrict-prototypes]
 main ()
 ^~~~
conftest.c: In function 'main':
conftest.c:77:12: error: size of array 'test_array' is negative
 static int test_array [1 - 2 * !(((long int) (sizeof (mode_t))) <= 0)];
            ^~~~~~~~~~
configure:7051: $? = 1
configure: failed program was:
| /* confdefs.h */
| #define PACKAGE_NAME "rtems-cpukit"
| #define PACKAGE_TARNAME "rtems-cpukit"
| #define PACKAGE_VERSION "5.1.0"
| #define PACKAGE_STRING "rtems-cpukit 5.1.0"
| #define PACKAGE_BUGREPORT "https://devel.rtems.org/newticket"
| #define PACKAGE_URL ""
| #define RTEMS_NEWLIB 1
| #define HAVE_DECL_PTHREAD_ATTR_GETGUARDSIZE 1
| #define HAVE_DECL_PTHREAD_ATTR_SETGUARDSIZE 1
| #define HAVE_DECL_PTHREAD_ATTR_SETSTACK 1
| #define HAVE_DECL_PTHREAD_ATTR_GETSTACK 1
| #define HAVE_DECL_PTHREAD_ATTR_SETAFFINITY_NP 1
| #define HAVE_DECL_PTHREAD_ATTR_GETAFFINITY_NP 1
| #define HAVE_DECL_PTHREAD_SETAFFINITY_NP 1
| #define HAVE_DECL_PTHREAD_GETAFFINITY_NP 1
| #define HAVE_DECL_PTHREAD_GETATTR_NP 1
| #define HAVE_PTHREAD_MUTEX_GETCEILING_CONST /**/
| #define HAVE_PTHREAD_SETSCHEDPARAM_CONST /**/
| #define STDC_HEADERS 1
| #define HAVE_SYS_TYPES_H 1
| #define HAVE_SYS_STAT_H 1
| #define HAVE_STDLIB_H 1
| #define HAVE_STRING_H 1
| #define HAVE_MEMORY_H 1
| #define HAVE_STRINGS_H 1
| #define HAVE_INTTYPES_H 1
| #define HAVE_STDINT_H 1
| #define HAVE_UNISTD_H 1
| #define HAVE_PTHREAD_RWLOCK_T 1
| #define HAVE_PTHREAD_BARRIER_T 1
| #define HAVE_PTHREAD_SPINLOCK_T 1
| #define HAVE_STRUCT__PTHREAD_CLEANUP_CONTEXT 1
| #define HAVE_STRUCT__PRIORITY_NODE 1
| #define RTEMS_NEWLIB 1
| #define RTEMS_POSIX_API 1
| #define RTEMS_PROFILING 1
| #define RTEMS_NETWORKING 1
| #define RTEMS_VERSION "5.1.0"
| /* end confdefs.h.  */
| #include <stdio.h>
| #ifdef HAVE_SYS_TYPES_H
| # include <sys/types.h>
| #endif
| #ifdef HAVE_SYS_STAT_H
| # include <sys/stat.h>
| #endif
| #ifdef STDC_HEADERS
| # include <stdlib.h>
| # include <stddef.h>
| #else
| # ifdef HAVE_STDLIB_H
| #  include <stdlib.h>
| # endif
| #endif
| #ifdef HAVE_STRING_H
| # if !defined STDC_HEADERS && defined HAVE_MEMORY_H
| #  include <memory.h>
| # endif
| # include <string.h>
| #endif
| #ifdef HAVE_STRINGS_H
| # include <strings.h>
| #endif
| #ifdef HAVE_INTTYPES_H
| # include <inttypes.h>
| #endif
| #ifdef HAVE_STDINT_H
| # include <stdint.h>
| #endif
| #ifdef HAVE_UNISTD_H
| # include <unistd.h>
| #endif
| int
| main ()
| {
| static int test_array [1 - 2 * !(((long int) (sizeof (mode_t))) <= 0)];
| test_array [0] = 0;
| return test_array [0];
| 
|   ;
|   return 0;
| }
configure:7051: arm-rtems5-gcc --pipe -c -mthumb -mcpu=cortex-m4 -O2 -g -ffunction-sections -fdata-sections -Wall -Wmissing-prototypes -Wimplicit-function-declaration -Wstrict-prototypes -Wnested-externs  conftest.c >&5
conftest.c:75:1: warning: function declaration isn't a prototype [-Wstrict-prototypes]
 main ()
 ^~~~
conftest.c: In function 'main':
conftest.c:77:12: error: size of array 'test_array' is negative
 static int test_array [1 - 2 * !(((long int) (sizeof (mode_t))) <= 1)];
            ^~~~~~~~~~
configure:7051: $? = 1
configure: failed program was:
| /* confdefs.h */
| #define PACKAGE_NAME "rtems-cpukit"
| #define PACKAGE_TARNAME "rtems-cpukit"
| #define PACKAGE_VERSION "5.1.0"
| #define PACKAGE_STRING "rtems-cpukit 5.1.0"
| #define PACKAGE_BUGREPORT "https://devel.rtems.org/newticket"
| #define PACKAGE_URL ""
| #define RTEMS_NEWLIB 1
| #define HAVE_DECL_PTHREAD_ATTR_GETGUARDSIZE 1
| #define HAVE_DECL_PTHREAD_ATTR_SETGUARDSIZE 1
| #define HAVE_DECL_PTHREAD_ATTR_SETSTACK 1
| #define HAVE_DECL_PTHREAD_ATTR_GETSTACK 1
| #define HAVE_DECL_PTHREAD_ATTR_SETAFFINITY_NP 1
| #define HAVE_DECL_PTHREAD_ATTR_GETAFFINITY_NP 1
| #define HAVE_DECL_PTHREAD_SETAFFINITY_NP 1
| #define HAVE_DECL_PTHREAD_GETAFFINITY_NP 1
| #define HAVE_DECL_PTHREAD_GETATTR_NP 1
| #define HAVE_PTHREAD_MUTEX_GETCEILING_CONST /**/
| #define HAVE_PTHREAD_SETSCHEDPARAM_CONST /**/
| #define STDC_HEADERS 1
| #define HAVE_SYS_TYPES_H 1
| #define HAVE_SYS_STAT_H 1
| #define HAVE_STDLIB_H 1
| #define HAVE_STRING_H 1
| #define HAVE_MEMORY_H 1
| #define HAVE_STRINGS_H 1
| #define HAVE_INTTYPES_H 1
| #define HAVE_STDINT_H 1
| #define HAVE_UNISTD_H 1
| #define HAVE_PTHREAD_RWLOCK_T 1
| #define HAVE_PTHREAD_BARRIER_T 1
| #define HAVE_PTHREAD_SPINLOCK_T 1
| #define HAVE_STRUCT__PTHREAD_CLEANUP_CONTEXT 1
| #define HAVE_STRUCT__PRIORITY_NODE 1
| #define RTEMS_NEWLIB 1
| #define RTEMS_POSIX_API 1
| #define RTEMS_PROFILING 1
| #define RTEMS_NETWORKING 1
| #define RTEMS_VERSION "5.1.0"
| /* end confdefs.h.  */
| #include <stdio.h>
| #ifdef HAVE_SYS_TYPES_H
| # include <sys/types.h>
| #endif
| #ifdef HAVE_SYS_STAT_H
| # include <sys/stat.h>
| #endif
| #ifdef STDC_HEADERS
| # include <stdlib.h>
| # include <stddef.h>
| #else
| # ifdef HAVE_STDLIB_H
| #  include <stdlib.h>
| # endif
| #endif
| #ifdef HAVE_STRING_H
| # if !defined STDC_HEADERS && defined HAVE_MEMORY_H
| #  include <memory.h>
| # endif
| # include <string.h>
| #endif
| #ifdef HAVE_STRINGS_H
| # include <strings.h>
| #endif
| #ifdef HAVE_INTTYPES_H
| # include <inttypes.h>
| #endif
| #ifdef HAVE_STDINT_H
| # include <stdint.h>
| #endif
| #ifdef HAVE_UNISTD_H
| # include <unistd.h>
| #endif
| int
| main ()
| {
| static int test_array [1 - 2 * !(((long int) (sizeof (mode_t))) <= 1)];
| test_array [0] = 0;
| return test_array [0];
| 
|   ;
|   return 0;
| }
configure:7051: arm-rtems5-gcc --pipe -c -mthumb -mcpu=cortex-m4 -O2 -g -ffunction-sections -fdata-sections -Wall -Wmissing-prototypes -Wimplicit-function-declaration -Wstrict-prototypes -Wnested-externs  conftest.c >&5
conftest.c:75:1: warning: function declaration isn't a prototype [-Wstrict-prototypes]
 main ()
 ^~~~
conftest.c: In function 'main':
conftest.c:77:12: error: size of array 'test_array' is negative
 static int test_array [1 - 2 * !(((long int) (sizeof (mode_t))) <= 3)];
            ^~~~~~~~~~
configure:7051: $? = 1
configure: failed program was:
| /* confdefs.h */
| #define PACKAGE_NAME "rtems-cpukit"
| #define PACKAGE_TARNAME "rtems-cpukit"
| #define PACKAGE_VERSION "5.1.0"
| #define PACKAGE_STRING "rtems-cpukit 5.1.0"
| #define PACKAGE_BUGREPORT "https://devel.rtems.org/newticket"
| #define PACKAGE_URL ""
| #define RTEMS_NEWLIB 1
| #define HAVE_DECL_PTHREAD_ATTR_GETGUARDSIZE 1
| #define HAVE_DECL_PTHREAD_ATTR_SETGUARDSIZE 1
| #define HAVE_DECL_PTHREAD_ATTR_SETSTACK 1
| #define HAVE_DECL_PTHREAD_ATTR_GETSTACK 1
| #define HAVE_DECL_PTHREAD_ATTR_SETAFFINITY_NP 1
| #define HAVE_DECL_PTHREAD_ATTR_GETAFFINITY_NP 1
| #define HAVE_DECL_PTHREAD_SETAFFINITY_NP 1
| #define HAVE_DECL_PTHREAD_GETAFFINITY_NP 1
| #define HAVE_DECL_PTHREAD_GETATTR_NP 1
| #define HAVE_PTHREAD_MUTEX_GETCEILING_CONST /**/
| #define HAVE_PTHREAD_SETSCHEDPARAM_CONST /**/
| #define STDC_HEADERS 1
| #define HAVE_SYS_TYPES_H 1
| #define HAVE_SYS_STAT_H 1
| #define HAVE_STDLIB_H 1
| #define HAVE_STRING_H 1
| #define HAVE_MEMORY_H 1
| #define HAVE_STRINGS_H 1
| #define HAVE_INTTYPES_H 1
| #define HAVE_STDINT_H 1
| #define HAVE_UNISTD_H 1
| #define HAVE_PTHREAD_RWLOCK_T 1
| #define HAVE_PTHREAD_BARRIER_T 1
| #define HAVE_PTHREAD_SPINLOCK_T 1
| #define HAVE_STRUCT__PTHREAD_CLEANUP_CONTEXT 1
| #define HAVE_STRUCT__PRIORITY_NODE 1
| #define RTEMS_NEWLIB 1
| #define RTEMS_POSIX_API 1
| #define RTEMS_PROFILING 1
| #define RTEMS_NETWORKING 1
| #define RTEMS_VERSION "5.1.0"
| /* end confdefs.h.  */
| #include <stdio.h>
| #ifdef HAVE_SYS_TYPES_H
| # include <sys/types.h>
| #endif
| #ifdef HAVE_SYS_STAT_H
| # include <sys/stat.h>
| #endif
| #ifdef STDC_HEADERS
| # include <stdlib.h>
| # include <stddef.h>
| #else
| # ifdef HAVE_STDLIB_H
| #  include <stdlib.h>
| # endif
| #endif
| #ifdef HAVE_STRING_H
| # if !defined STDC_HEADERS && defined HAVE_MEMORY_H
| #  include <memory.h>
| # endif
| # include <string.h>
| #endif
| #ifdef HAVE_STRINGS_H
| # include <strings.h>
| #endif
| #ifdef HAVE_INTTYPES_H
| # include <inttypes.h>
| #endif
| #ifdef HAVE_STDINT_H
| # include <stdint.h>
| #endif
| #ifdef HAVE_UNISTD_H
| # include <unistd.h>
| #endif
| int
| main ()
| {
| static int test_array [1 - 2 * !(((long int) (sizeof (mode_t))) <= 3)];
| test_array [0] = 0;
| return test_array [0];
| 
|   ;
|   return 0;
| }
configure:7051: arm-rtems5-gcc --pipe -c -mthumb -mcpu=cortex-m4 -O2 -g -ffunction-sections -fdata-sections -Wall -Wmissing-prototypes -Wimplicit-function-declaration -Wstrict-prototypes -Wnested-externs  conftest.c >&5
conftest.c:75:1: warning: function declaration isn't a prototype [-Wstrict-prototypes]
 main ()
 ^~~~
configure:7051: $? = 0
configure:7051: arm-rtems5-gcc --pipe -c -mthumb -mcpu=cortex-m4 -O2 -g -ffunction-sections -fdata-sections -Wall -Wmissing-prototypes -Wimplicit-function-declaration -Wstrict-prototypes -Wnested-externs  conftest.c >&5
conftest.c:75:1: warning: function declaration isn't a prototype [-Wstrict-prototypes]
 main ()
 ^~~~
configure:7051: $? = 0
configure:7051: arm-rtems5-gcc --pipe -c -mthumb -mcpu=cortex-m4 -O2 -g -ffunction-sections -fdata-sections -Wall -Wmissing-prototypes -Wimplicit-function-declaration -Wstrict-prototypes -Wnested-externs  conftest.c >&5
conftest.c:75:1: warning: function declaration isn't a prototype [-Wstrict-prototypes]
 main ()
 ^~~~
configure:7051: $? = 0
configure:7065: result: 4
configure:7079: checking size of off_t
configure:7084: arm-rtems5-gcc --pipe -c -mthumb -mcpu=cortex-m4 -O2 -g -ffunction-sections -fdata-sections -Wall -Wmissing-prototypes -Wimplicit-function-declaration -Wstrict-prototypes -Wnested-externs  conftest.c >&5
conftest.c:76:1: warning: function declaration isn't a prototype [-Wstrict-prototypes]
 main ()
 ^~~~
configure:7084: $? = 0
configure:7084: arm-rtems5-gcc --pipe -c -mthumb -mcpu=cortex-m4 -O2 -g -ffunction-sections -fdata-sections -Wall -Wmissing-prototypes -Wimplicit-function-declaration -Wstrict-prototypes -Wnested-externs  conftest.c >&5
conftest.c:76:1: warning: function declaration isn't a prototype [-Wstrict-prototypes]
 main ()
 ^~~~
conftest.c: In function 'main':
conftest.c:78:12: error: size of array 'test_array' is negative
 static int test_array [1 - 2 * !(((long int) (sizeof (off_t))) <= 0)];
            ^~~~~~~~~~
configure:7084: $? = 1
configure: failed program was:
| /* confdefs.h */
| #define PACKAGE_NAME "rtems-cpukit"
| #define PACKAGE_TARNAME "rtems-cpukit"
| #define PACKAGE_VERSION "5.1.0"
| #define PACKAGE_STRING "rtems-cpukit 5.1.0"
| #define PACKAGE_BUGREPORT "https://devel.rtems.org/newticket"
| #define PACKAGE_URL ""
| #define RTEMS_NEWLIB 1
| #define HAVE_DECL_PTHREAD_ATTR_GETGUARDSIZE 1
| #define HAVE_DECL_PTHREAD_ATTR_SETGUARDSIZE 1
| #define HAVE_DECL_PTHREAD_ATTR_SETSTACK 1
| #define HAVE_DECL_PTHREAD_ATTR_GETSTACK 1
| #define HAVE_DECL_PTHREAD_ATTR_SETAFFINITY_NP 1
| #define HAVE_DECL_PTHREAD_ATTR_GETAFFINITY_NP 1
| #define HAVE_DECL_PTHREAD_SETAFFINITY_NP 1
| #define HAVE_DECL_PTHREAD_GETAFFINITY_NP 1
| #define HAVE_DECL_PTHREAD_GETATTR_NP 1
| #define HAVE_PTHREAD_MUTEX_GETCEILING_CONST /**/
| #define HAVE_PTHREAD_SETSCHEDPARAM_CONST /**/
| #define STDC_HEADERS 1
| #define HAVE_SYS_TYPES_H 1
| #define HAVE_SYS_STAT_H 1
| #define HAVE_STDLIB_H 1
| #define HAVE_STRING_H 1
| #define HAVE_MEMORY_H 1
| #define HAVE_STRINGS_H 1
| #define HAVE_INTTYPES_H 1
| #define HAVE_STDINT_H 1
| #define HAVE_UNISTD_H 1
| #define HAVE_PTHREAD_RWLOCK_T 1
| #define HAVE_PTHREAD_BARRIER_T 1
| #define HAVE_PTHREAD_SPINLOCK_T 1
| #define HAVE_STRUCT__PTHREAD_CLEANUP_CONTEXT 1
| #define HAVE_STRUCT__PRIORITY_NODE 1
| #define RTEMS_NEWLIB 1
| #define RTEMS_POSIX_API 1
| #define RTEMS_PROFILING 1
| #define RTEMS_NETWORKING 1
| #define RTEMS_VERSION "5.1.0"
| #define SIZEOF_MODE_T 4
| /* end confdefs.h.  */
| #include <stdio.h>
| #ifdef HAVE_SYS_TYPES_H
| # include <sys/types.h>
| #endif
| #ifdef HAVE_SYS_STAT_H
| # include <sys/stat.h>
| #endif
| #ifdef STDC_HEADERS
| # include <stdlib.h>
| # include <stddef.h>
| #else
| # ifdef HAVE_STDLIB_H
| #  include <stdlib.h>
| # endif
| #endif
| #ifdef HAVE_STRING_H
| # if !defined STDC_HEADERS && defined HAVE_MEMORY_H
| #  include <memory.h>
| # endif
| # include <string.h>
| #endif
| #ifdef HAVE_STRINGS_H
| # include <strings.h>
| #endif
| #ifdef HAVE_INTTYPES_H
| # include <inttypes.h>
| #endif
| #ifdef HAVE_STDINT_H
| # include <stdint.h>
| #endif
| #ifdef HAVE_UNISTD_H
| # include <unistd.h>
| #endif
| int
| main ()
| {
| static int test_array [1 - 2 * !(((long int) (sizeof (off_t))) <= 0)];
| test_array [0] = 0;
| return test_array [0];
| 
|   ;
|   return 0;
| }
configure:7084: arm-rtems5-gcc --pipe -c -mthumb -mcpu=cortex-m4 -O2 -g -ffunction-sections -fdata-sections -Wall -Wmissing-prototypes -Wimplicit-function-declaration -Wstrict-prototypes -Wnested-externs  conftest.c >&5
conftest.c:76:1: warning: function declaration isn't a prototype [-Wstrict-prototypes]
 main ()
 ^~~~
conftest.c: In function 'main':
conftest.c:78:12: error: size of array 'test_array' is negative
 static int test_array [1 - 2 * !(((long int) (sizeof (off_t))) <= 1)];
            ^~~~~~~~~~
configure:7084: $? = 1
configure: failed program was:
| /* confdefs.h */
| #define PACKAGE_NAME "rtems-cpukit"
| #define PACKAGE_TARNAME "rtems-cpukit"
| #define PACKAGE_VERSION "5.1.0"
| #define PACKAGE_STRING "rtems-cpukit 5.1.0"
| #define PACKAGE_BUGREPORT "https://devel.rtems.org/newticket"
| #define PACKAGE_URL ""
| #define RTEMS_NEWLIB 1
| #define HAVE_DECL_PTHREAD_ATTR_GETGUARDSIZE 1
| #define HAVE_DECL_PTHREAD_ATTR_SETGUARDSIZE 1
| #define HAVE_DECL_PTHREAD_ATTR_SETSTACK 1
| #define HAVE_DECL_PTHREAD_ATTR_GETSTACK 1
| #define HAVE_DECL_PTHREAD_ATTR_SETAFFINITY_NP 1
| #define HAVE_DECL_PTHREAD_ATTR_GETAFFINITY_NP 1
| #define HAVE_DECL_PTHREAD_SETAFFINITY_NP 1
| #define HAVE_DECL_PTHREAD_GETAFFINITY_NP 1
| #define HAVE_DECL_PTHREAD_GETATTR_NP 1
| #define HAVE_PTHREAD_MUTEX_GETCEILING_CONST /**/
| #define HAVE_PTHREAD_SETSCHEDPARAM_CONST /**/
| #define STDC_HEADERS 1
| #define HAVE_SYS_TYPES_H 1
| #define HAVE_SYS_STAT_H 1
| #define HAVE_STDLIB_H 1
| #define HAVE_STRING_H 1
| #define HAVE_MEMORY_H 1
| #define HAVE_STRINGS_H 1
| #define HAVE_INTTYPES_H 1
| #define HAVE_STDINT_H 1
| #define HAVE_UNISTD_H 1
| #define HAVE_PTHREAD_RWLOCK_T 1
| #define HAVE_PTHREAD_BARRIER_T 1
| #define HAVE_PTHREAD_SPINLOCK_T 1
| #define HAVE_STRUCT__PTHREAD_CLEANUP_CONTEXT 1
| #define HAVE_STRUCT__PRIORITY_NODE 1
| #define RTEMS_NEWLIB 1
| #define RTEMS_POSIX_API 1
| #define RTEMS_PROFILING 1
| #define RTEMS_NETWORKING 1
| #define RTEMS_VERSION "5.1.0"
| #define SIZEOF_MODE_T 4
| /* end confdefs.h.  */
| #include <stdio.h>
| #ifdef HAVE_SYS_TYPES_H
| # include <sys/types.h>
| #endif
| #ifdef HAVE_SYS_STAT_H
| # include <sys/stat.h>
| #endif
| #ifdef STDC_HEADERS
| # include <stdlib.h>
| # include <stddef.h>
| #else
| # ifdef HAVE_STDLIB_H
| #  include <stdlib.h>
| # endif
| #endif
| #ifdef HAVE_STRING_H
| # if !defined STDC_HEADERS && defined HAVE_MEMORY_H
| #  include <memory.h>
| # endif
| # include <string.h>
| #endif
| #ifdef HAVE_STRINGS_H
| # include <strings.h>
| #endif
| #ifdef HAVE_INTTYPES_H
| # include <inttypes.h>
| #endif
| #ifdef HAVE_STDINT_H
| # include <stdint.h>
| #endif
| #ifdef HAVE_UNISTD_H
| # include <unistd.h>
| #endif
| int
| main ()
| {
| static int test_array [1 - 2 * !(((long int) (sizeof (off_t))) <= 1)];
| test_array [0] = 0;
| return test_array [0];
| 
|   ;
|   return 0;
| }
configure:7084: arm-rtems5-gcc --pipe -c -mthumb -mcpu=cortex-m4 -O2 -g -ffunction-sections -fdata-sections -Wall -Wmissing-prototypes -Wimplicit-function-declaration -Wstrict-prototypes -Wnested-externs  conftest.c >&5
conftest.c:76:1: warning: function declaration isn't a prototype [-Wstrict-prototypes]
 main ()
 ^~~~
conftest.c: In function 'main':
conftest.c:78:12: error: size of array 'test_array' is negative
 static int test_array [1 - 2 * !(((long int) (sizeof (off_t))) <= 3)];
            ^~~~~~~~~~
configure:7084: $? = 1
configure: failed program was:
| /* confdefs.h */
| #define PACKAGE_NAME "rtems-cpukit"
| #define PACKAGE_TARNAME "rtems-cpukit"
| #define PACKAGE_VERSION "5.1.0"
| #define PACKAGE_STRING "rtems-cpukit 5.1.0"
| #define PACKAGE_BUGREPORT "https://devel.rtems.org/newticket"
| #define PACKAGE_URL ""
| #define RTEMS_NEWLIB 1
| #define HAVE_DECL_PTHREAD_ATTR_GETGUARDSIZE 1
| #define HAVE_DECL_PTHREAD_ATTR_SETGUARDSIZE 1
| #define HAVE_DECL_PTHREAD_ATTR_SETSTACK 1
| #define HAVE_DECL_PTHREAD_ATTR_GETSTACK 1
| #define HAVE_DECL_PTHREAD_ATTR_SETAFFINITY_NP 1
| #define HAVE_DECL_PTHREAD_ATTR_GETAFFINITY_NP 1
| #define HAVE_DECL_PTHREAD_SETAFFINITY_NP 1
| #define HAVE_DECL_PTHREAD_GETAFFINITY_NP 1
| #define HAVE_DECL_PTHREAD_GETATTR_NP 1
| #define HAVE_PTHREAD_MUTEX_GETCEILING_CONST /**/
| #define HAVE_PTHREAD_SETSCHEDPARAM_CONST /**/
| #define STDC_HEADERS 1
| #define HAVE_SYS_TYPES_H 1
| #define HAVE_SYS_STAT_H 1
| #define HAVE_STDLIB_H 1
| #define HAVE_STRING_H 1
| #define HAVE_MEMORY_H 1
| #define HAVE_STRINGS_H 1
| #define HAVE_INTTYPES_H 1
| #define HAVE_STDINT_H 1
| #define HAVE_UNISTD_H 1
| #define HAVE_PTHREAD_RWLOCK_T 1
| #define HAVE_PTHREAD_BARRIER_T 1
| #define HAVE_PTHREAD_SPINLOCK_T 1
| #define HAVE_STRUCT__PTHREAD_CLEANUP_CONTEXT 1
| #define HAVE_STRUCT__PRIORITY_NODE 1
| #define RTEMS_NEWLIB 1
| #define RTEMS_POSIX_API 1
| #define RTEMS_PROFILING 1
| #define RTEMS_NETWORKING 1
| #define RTEMS_VERSION "5.1.0"
| #define SIZEOF_MODE_T 4
| /* end confdefs.h.  */
| #include <stdio.h>
| #ifdef HAVE_SYS_TYPES_H
| # include <sys/types.h>
| #endif
| #ifdef HAVE_SYS_STAT_H
| # include <sys/stat.h>
| #endif
| #ifdef STDC_HEADERS
| # include <stdlib.h>
| # include <stddef.h>
| #else
| # ifdef HAVE_STDLIB_H
| #  include <stdlib.h>
| # endif
| #endif
| #ifdef HAVE_STRING_H
| # if !defined STDC_HEADERS && defined HAVE_MEMORY_H
| #  include <memory.h>
| # endif
| # include <string.h>
| #endif
| #ifdef HAVE_STRINGS_H
| # include <strings.h>
| #endif
| #ifdef HAVE_INTTYPES_H
| # include <inttypes.h>
| #endif
| #ifdef HAVE_STDINT_H
| # include <stdint.h>
| #endif
| #ifdef HAVE_UNISTD_H
| # include <unistd.h>
| #endif
| int
| main ()
| {
| static int test_array [1 - 2 * !(((long int) (sizeof (off_t))) <= 3)];
| test_array [0] = 0;
| return test_array [0];
| 
|   ;
|   return 0;
| }
configure:7084: arm-rtems5-gcc --pipe -c -mthumb -mcpu=cortex-m4 -O2 -g -ffunction-sections -fdata-sections -Wall -Wmissing-prototypes -Wimplicit-function-declaration -Wstrict-prototypes -Wnested-externs  conftest.c >&5
conftest.c:76:1: warning: function declaration isn't a prototype [-Wstrict-prototypes]
 main ()
 ^~~~
conftest.c: In function 'main':
conftest.c:78:12: error: size of array 'test_array' is negative
 static int test_array [1 - 2 * !(((long int) (sizeof (off_t))) <= 7)];
            ^~~~~~~~~~
configure:7084: $? = 1
configure: failed program was:
| /* confdefs.h */
| #define PACKAGE_NAME "rtems-cpukit"
| #define PACKAGE_TARNAME "rtems-cpukit"
| #define PACKAGE_VERSION "5.1.0"
| #define PACKAGE_STRING "rtems-cpukit 5.1.0"
| #define PACKAGE_BUGREPORT "https://devel.rtems.org/newticket"
| #define PACKAGE_URL ""
| #define RTEMS_NEWLIB 1
| #define HAVE_DECL_PTHREAD_ATTR_GETGUARDSIZE 1
| #define HAVE_DECL_PTHREAD_ATTR_SETGUARDSIZE 1
| #define HAVE_DECL_PTHREAD_ATTR_SETSTACK 1
| #define HAVE_DECL_PTHREAD_ATTR_GETSTACK 1
| #define HAVE_DECL_PTHREAD_ATTR_SETAFFINITY_NP 1
| #define HAVE_DECL_PTHREAD_ATTR_GETAFFINITY_NP 1
| #define HAVE_DECL_PTHREAD_SETAFFINITY_NP 1
| #define HAVE_DECL_PTHREAD_GETAFFINITY_NP 1
| #define HAVE_DECL_PTHREAD_GETATTR_NP 1
| #define HAVE_PTHREAD_MUTEX_GETCEILING_CONST /**/
| #define HAVE_PTHREAD_SETSCHEDPARAM_CONST /**/
| #define STDC_HEADERS 1
| #define HAVE_SYS_TYPES_H 1
| #define HAVE_SYS_STAT_H 1
| #define HAVE_STDLIB_H 1
| #define HAVE_STRING_H 1
| #define HAVE_MEMORY_H 1
| #define HAVE_STRINGS_H 1
| #define HAVE_INTTYPES_H 1
| #define HAVE_STDINT_H 1
| #define HAVE_UNISTD_H 1
| #define HAVE_PTHREAD_RWLOCK_T 1
| #define HAVE_PTHREAD_BARRIER_T 1
| #define HAVE_PTHREAD_SPINLOCK_T 1
| #define HAVE_STRUCT__PTHREAD_CLEANUP_CONTEXT 1
| #define HAVE_STRUCT__PRIORITY_NODE 1
| #define RTEMS_NEWLIB 1
| #define RTEMS_POSIX_API 1
| #define RTEMS_PROFILING 1
| #define RTEMS_NETWORKING 1
| #define RTEMS_VERSION "5.1.0"
| #define SIZEOF_MODE_T 4
| /* end confdefs.h.  */
| #include <stdio.h>
| #ifdef HAVE_SYS_TYPES_H
| # include <sys/types.h>
| #endif
| #ifdef HAVE_SYS_STAT_H
| # include <sys/stat.h>
| #endif
| #ifdef STDC_HEADERS
| # include <stdlib.h>
| # include <stddef.h>
| #else
| # ifdef HAVE_STDLIB_H
| #  include <stdlib.h>
| # endif
| #endif
| #ifdef HAVE_STRING_H
| # if !defined STDC_HEADERS && defined HAVE_MEMORY_H
| #  include <memory.h>
| # endif
| # include <string.h>
| #endif
| #ifdef HAVE_STRINGS_H
| # include <strings.h>
| #endif
| #ifdef HAVE_INTTYPES_H
| # include <inttypes.h>
| #endif
| #ifdef HAVE_STDINT_H
| # include <stdint.h>
| #endif
| #ifdef HAVE_UNISTD_H
| # include <unistd.h>
| #endif
| int
| main ()
| {
| static int test_array [1 - 2 * !(((long int) (sizeof (off_t))) <= 7)];
| test_array [0] = 0;
| return test_array [0];
| 
|   ;
|   return 0;
| }
configure:7084: arm-rtems5-gcc --pipe -c -mthumb -mcpu=cortex-m4 -O2 -g -ffunction-sections -fdata-sections -Wall -Wmissing-prototypes -Wimplicit-function-declaration -Wstrict-prototypes -Wnested-externs  conftest.c >&5
conftest.c:76:1: warning: function declaration isn't a prototype [-Wstrict-prototypes]
 main ()
 ^~~~
configure:7084: $? = 0
configure:7084: arm-rtems5-gcc --pipe -c -mthumb -mcpu=cortex-m4 -O2 -g -ffunction-sections -fdata-sections -Wall -Wmissing-prototypes -Wimplicit-function-declaration -Wstrict-prototypes -Wnested-externs  conftest.c >&5
conftest.c:76:1: warning: function declaration isn't a prototype [-Wstrict-prototypes]
 main ()
 ^~~~
configure:7084: $? = 0
configure:7084: arm-rtems5-gcc --pipe -c -mthumb -mcpu=cortex-m4 -O2 -g -ffunction-sections -fdata-sections -Wall -Wmissing-prototypes -Wimplicit-function-declaration -Wstrict-prototypes -Wnested-externs  conftest.c >&5
conftest.c:76:1: warning: function declaration isn't a prototype [-Wstrict-prototypes]
 main ()
 ^~~~
configure:7084: $? = 0
configure:7084: arm-rtems5-gcc --pipe -c -mthumb -mcpu=cortex-m4 -O2 -g -ffunction-sections -fdata-sections -Wall -Wmissing-prototypes -Wimplicit-function-declaration -Wstrict-prototypes -Wnested-externs  conftest.c >&5
conftest.c:76:1: warning: function declaration isn't a prototype [-Wstrict-prototypes]
 main ()
 ^~~~
configure:7084: $? = 0
configure:7098: result: 8
configure:7112: checking size of time_t
configure:7117: arm-rtems5-gcc --pipe -c -mthumb -mcpu=cortex-m4 -O2 -g -ffunction-sections -fdata-sections -Wall -Wmissing-prototypes -Wimplicit-function-declaration -Wstrict-prototypes -Wnested-externs  conftest.c >&5
conftest.c:77:1: warning: function declaration isn't a prototype [-Wstrict-prototypes]
 main ()
 ^~~~
configure:7117: $? = 0
configure:7117: arm-rtems5-gcc --pipe -c -mthumb -mcpu=cortex-m4 -O2 -g -ffunction-sections -fdata-sections -Wall -Wmissing-prototypes -Wimplicit-function-declaration -Wstrict-prototypes -Wnested-externs  conftest.c >&5
conftest.c:77:1: warning: function declaration isn't a prototype [-Wstrict-prototypes]
 main ()
 ^~~~
conftest.c: In function 'main':
conftest.c:79:12: error: size of array 'test_array' is negative
 static int test_array [1 - 2 * !(((long int) (sizeof (time_t))) <= 0)];
            ^~~~~~~~~~
configure:7117: $? = 1
configure: failed program was:
| /* confdefs.h */
| #define PACKAGE_NAME "rtems-cpukit"
| #define PACKAGE_TARNAME "rtems-cpukit"
| #define PACKAGE_VERSION "5.1.0"
| #define PACKAGE_STRING "rtems-cpukit 5.1.0"
| #define PACKAGE_BUGREPORT "https://devel.rtems.org/newticket"
| #define PACKAGE_URL ""
| #define RTEMS_NEWLIB 1
| #define HAVE_DECL_PTHREAD_ATTR_GETGUARDSIZE 1
| #define HAVE_DECL_PTHREAD_ATTR_SETGUARDSIZE 1
| #define HAVE_DECL_PTHREAD_ATTR_SETSTACK 1
| #define HAVE_DECL_PTHREAD_ATTR_GETSTACK 1
| #define HAVE_DECL_PTHREAD_ATTR_SETAFFINITY_NP 1
| #define HAVE_DECL_PTHREAD_ATTR_GETAFFINITY_NP 1
| #define HAVE_DECL_PTHREAD_SETAFFINITY_NP 1
| #define HAVE_DECL_PTHREAD_GETAFFINITY_NP 1
| #define HAVE_DECL_PTHREAD_GETATTR_NP 1
| #define HAVE_PTHREAD_MUTEX_GETCEILING_CONST /**/
| #define HAVE_PTHREAD_SETSCHEDPARAM_CONST /**/
| #define STDC_HEADERS 1
| #define HAVE_SYS_TYPES_H 1
| #define HAVE_SYS_STAT_H 1
| #define HAVE_STDLIB_H 1
| #define HAVE_STRING_H 1
| #define HAVE_MEMORY_H 1
| #define HAVE_STRINGS_H 1
| #define HAVE_INTTYPES_H 1
| #define HAVE_STDINT_H 1
| #define HAVE_UNISTD_H 1
| #define HAVE_PTHREAD_RWLOCK_T 1
| #define HAVE_PTHREAD_BARRIER_T 1
| #define HAVE_PTHREAD_SPINLOCK_T 1
| #define HAVE_STRUCT__PTHREAD_CLEANUP_CONTEXT 1
| #define HAVE_STRUCT__PRIORITY_NODE 1
| #define RTEMS_NEWLIB 1
| #define RTEMS_POSIX_API 1
| #define RTEMS_PROFILING 1
| #define RTEMS_NETWORKING 1
| #define RTEMS_VERSION "5.1.0"
| #define SIZEOF_MODE_T 4
| #define SIZEOF_OFF_T 8
| /* end confdefs.h.  */
| #include <stdio.h>
| #ifdef HAVE_SYS_TYPES_H
| # include <sys/types.h>
| #endif
| #ifdef HAVE_SYS_STAT_H
| # include <sys/stat.h>
| #endif
| #ifdef STDC_HEADERS
| # include <stdlib.h>
| # include <stddef.h>
| #else
| # ifdef HAVE_STDLIB_H
| #  include <stdlib.h>
| # endif
| #endif
| #ifdef HAVE_STRING_H
| # if !defined STDC_HEADERS && defined HAVE_MEMORY_H
| #  include <memory.h>
| # endif
| # include <string.h>
| #endif
| #ifdef HAVE_STRINGS_H
| # include <strings.h>
| #endif
| #ifdef HAVE_INTTYPES_H
| # include <inttypes.h>
| #endif
| #ifdef HAVE_STDINT_H
| # include <stdint.h>
| #endif
| #ifdef HAVE_UNISTD_H
| # include <unistd.h>
| #endif
| int
| main ()
| {
| static int test_array [1 - 2 * !(((long int) (sizeof (time_t))) <= 0)];
| test_array [0] = 0;
| return test_array [0];
| 
|   ;
|   return 0;
| }
configure:7117: arm-rtems5-gcc --pipe -c -mthumb -mcpu=cortex-m4 -O2 -g -ffunction-sections -fdata-sections -Wall -Wmissing-prototypes -Wimplicit-function-declaration -Wstrict-prototypes -Wnested-externs  conftest.c >&5
conftest.c:77:1: warning: function declaration isn't a prototype [-Wstrict-prototypes]
 main ()
 ^~~~
conftest.c: In function 'main':
conftest.c:79:12: error: size of array 'test_array' is negative
 static int test_array [1 - 2 * !(((long int) (sizeof (time_t))) <= 1)];
            ^~~~~~~~~~
configure:7117: $? = 1
configure: failed program was:
| /* confdefs.h */
| #define PACKAGE_NAME "rtems-cpukit"
| #define PACKAGE_TARNAME "rtems-cpukit"
| #define PACKAGE_VERSION "5.1.0"
| #define PACKAGE_STRING "rtems-cpukit 5.1.0"
| #define PACKAGE_BUGREPORT "https://devel.rtems.org/newticket"
| #define PACKAGE_URL ""
| #define RTEMS_NEWLIB 1
| #define HAVE_DECL_PTHREAD_ATTR_GETGUARDSIZE 1
| #define HAVE_DECL_PTHREAD_ATTR_SETGUARDSIZE 1
| #define HAVE_DECL_PTHREAD_ATTR_SETSTACK 1
| #define HAVE_DECL_PTHREAD_ATTR_GETSTACK 1
| #define HAVE_DECL_PTHREAD_ATTR_SETAFFINITY_NP 1
| #define HAVE_DECL_PTHREAD_ATTR_GETAFFINITY_NP 1
| #define HAVE_DECL_PTHREAD_SETAFFINITY_NP 1
| #define HAVE_DECL_PTHREAD_GETAFFINITY_NP 1
| #define HAVE_DECL_PTHREAD_GETATTR_NP 1
| #define HAVE_PTHREAD_MUTEX_GETCEILING_CONST /**/
| #define HAVE_PTHREAD_SETSCHEDPARAM_CONST /**/
| #define STDC_HEADERS 1
| #define HAVE_SYS_TYPES_H 1
| #define HAVE_SYS_STAT_H 1
| #define HAVE_STDLIB_H 1
| #define HAVE_STRING_H 1
| #define HAVE_MEMORY_H 1
| #define HAVE_STRINGS_H 1
| #define HAVE_INTTYPES_H 1
| #define HAVE_STDINT_H 1
| #define HAVE_UNISTD_H 1
| #define HAVE_PTHREAD_RWLOCK_T 1
| #define HAVE_PTHREAD_BARRIER_T 1
| #define HAVE_PTHREAD_SPINLOCK_T 1
| #define HAVE_STRUCT__PTHREAD_CLEANUP_CONTEXT 1
| #define HAVE_STRUCT__PRIORITY_NODE 1
| #define RTEMS_NEWLIB 1
| #define RTEMS_POSIX_API 1
| #define RTEMS_PROFILING 1
| #define RTEMS_NETWORKING 1
| #define RTEMS_VERSION "5.1.0"
| #define SIZEOF_MODE_T 4
| #define SIZEOF_OFF_T 8
| /* end confdefs.h.  */
| #include <stdio.h>
| #ifdef HAVE_SYS_TYPES_H
| # include <sys/types.h>
| #endif
| #ifdef HAVE_SYS_STAT_H
| # include <sys/stat.h>
| #endif
| #ifdef STDC_HEADERS
| # include <stdlib.h>
| # include <stddef.h>
| #else
| # ifdef HAVE_STDLIB_H
| #  include <stdlib.h>
| # endif
| #endif
| #ifdef HAVE_STRING_H
| # if !defined STDC_HEADERS && defined HAVE_MEMORY_H
| #  include <memory.h>
| # endif
| # include <string.h>
| #endif
| #ifdef HAVE_STRINGS_H
| # include <strings.h>
| #endif
| #ifdef HAVE_INTTYPES_H
| # include <inttypes.h>
| #endif
| #ifdef HAVE_STDINT_H
| # include <stdint.h>
| #endif
| #ifdef HAVE_UNISTD_H
| # include <unistd.h>
| #endif
| int
| main ()
| {
| static int test_array [1 - 2 * !(((long int) (sizeof (time_t))) <= 1)];
| test_array [0] = 0;
| return test_array [0];
| 
|   ;
|   return 0;
| }
configure:7117: arm-rtems5-gcc --pipe -c -mthumb -mcpu=cortex-m4 -O2 -g -ffunction-sections -fdata-sections -Wall -Wmissing-prototypes -Wimplicit-function-declaration -Wstrict-prototypes -Wnested-externs  conftest.c >&5
conftest.c:77:1: warning: function declaration isn't a prototype [-Wstrict-prototypes]
 main ()
 ^~~~
conftest.c: In function 'main':
conftest.c:79:12: error: size of array 'test_array' is negative
 static int test_array [1 - 2 * !(((long int) (sizeof (time_t))) <= 3)];
            ^~~~~~~~~~
configure:7117: $? = 1
configure: failed program was:
| /* confdefs.h */
| #define PACKAGE_NAME "rtems-cpukit"
| #define PACKAGE_TARNAME "rtems-cpukit"
| #define PACKAGE_VERSION "5.1.0"
| #define PACKAGE_STRING "rtems-cpukit 5.1.0"
| #define PACKAGE_BUGREPORT "https://devel.rtems.org/newticket"
| #define PACKAGE_URL ""
| #define RTEMS_NEWLIB 1
| #define HAVE_DECL_PTHREAD_ATTR_GETGUARDSIZE 1
| #define HAVE_DECL_PTHREAD_ATTR_SETGUARDSIZE 1
| #define HAVE_DECL_PTHREAD_ATTR_SETSTACK 1
| #define HAVE_DECL_PTHREAD_ATTR_GETSTACK 1
| #define HAVE_DECL_PTHREAD_ATTR_SETAFFINITY_NP 1
| #define HAVE_DECL_PTHREAD_ATTR_GETAFFINITY_NP 1
| #define HAVE_DECL_PTHREAD_SETAFFINITY_NP 1
| #define HAVE_DECL_PTHREAD_GETAFFINITY_NP 1
| #define HAVE_DECL_PTHREAD_GETATTR_NP 1
| #define HAVE_PTHREAD_MUTEX_GETCEILING_CONST /**/
| #define HAVE_PTHREAD_SETSCHEDPARAM_CONST /**/
| #define STDC_HEADERS 1
| #define HAVE_SYS_TYPES_H 1
| #define HAVE_SYS_STAT_H 1
| #define HAVE_STDLIB_H 1
| #define HAVE_STRING_H 1
| #define HAVE_MEMORY_H 1
| #define HAVE_STRINGS_H 1
| #define HAVE_INTTYPES_H 1
| #define HAVE_STDINT_H 1
| #define HAVE_UNISTD_H 1
| #define HAVE_PTHREAD_RWLOCK_T 1
| #define HAVE_PTHREAD_BARRIER_T 1
| #define HAVE_PTHREAD_SPINLOCK_T 1
| #define HAVE_STRUCT__PTHREAD_CLEANUP_CONTEXT 1
| #define HAVE_STRUCT__PRIORITY_NODE 1
| #define RTEMS_NEWLIB 1
| #define RTEMS_POSIX_API 1
| #define RTEMS_PROFILING 1
| #define RTEMS_NETWORKING 1
| #define RTEMS_VERSION "5.1.0"
| #define SIZEOF_MODE_T 4
| #define SIZEOF_OFF_T 8
| /* end confdefs.h.  */
| #include <stdio.h>
| #ifdef HAVE_SYS_TYPES_H
| # include <sys/types.h>
| #endif
| #ifdef HAVE_SYS_STAT_H
| # include <sys/stat.h>
| #endif
| #ifdef STDC_HEADERS
| # include <stdlib.h>
| # include <stddef.h>
| #else
| # ifdef HAVE_STDLIB_H
| #  include <stdlib.h>
| # endif
| #endif
| #ifdef HAVE_STRING_H
| # if !defined STDC_HEADERS && defined HAVE_MEMORY_H
| #  include <memory.h>
| # endif
| # include <string.h>
| #endif
| #ifdef HAVE_STRINGS_H
| # include <strings.h>
| #endif
| #ifdef HAVE_INTTYPES_H
| # include <inttypes.h>
| #endif
| #ifdef HAVE_STDINT_H
| # include <stdint.h>
| #endif
| #ifdef HAVE_UNISTD_H
| # include <unistd.h>
| #endif
| int
| main ()
| {
| static int test_array [1 - 2 * !(((long int) (sizeof (time_t))) <= 3)];
| test_array [0] = 0;
| return test_array [0];
| 
|   ;
|   return 0;
| }
configure:7117: arm-rtems5-gcc --pipe -c -mthumb -mcpu=cortex-m4 -O2 -g -ffunction-sections -fdata-sections -Wall -Wmissing-prototypes -Wimplicit-function-declaration -Wstrict-prototypes -Wnested-externs  conftest.c >&5
conftest.c:77:1: warning: function declaration isn't a prototype [-Wstrict-prototypes]
 main ()
 ^~~~
conftest.c: In function 'main':
conftest.c:79:12: error: size of array 'test_array' is negative
 static int test_array [1 - 2 * !(((long int) (sizeof (time_t))) <= 7)];
            ^~~~~~~~~~
configure:7117: $? = 1
configure: failed program was:
| /* confdefs.h */
| #define PACKAGE_NAME "rtems-cpukit"
| #define PACKAGE_TARNAME "rtems-cpukit"
| #define PACKAGE_VERSION "5.1.0"
| #define PACKAGE_STRING "rtems-cpukit 5.1.0"
| #define PACKAGE_BUGREPORT "https://devel.rtems.org/newticket"
| #define PACKAGE_URL ""
| #define RTEMS_NEWLIB 1
| #define HAVE_DECL_PTHREAD_ATTR_GETGUARDSIZE 1
| #define HAVE_DECL_PTHREAD_ATTR_SETGUARDSIZE 1
| #define HAVE_DECL_PTHREAD_ATTR_SETSTACK 1
| #define HAVE_DECL_PTHREAD_ATTR_GETSTACK 1
| #define HAVE_DECL_PTHREAD_ATTR_SETAFFINITY_NP 1
| #define HAVE_DECL_PTHREAD_ATTR_GETAFFINITY_NP 1
| #define HAVE_DECL_PTHREAD_SETAFFINITY_NP 1
| #define HAVE_DECL_PTHREAD_GETAFFINITY_NP 1
| #define HAVE_DECL_PTHREAD_GETATTR_NP 1
| #define HAVE_PTHREAD_MUTEX_GETCEILING_CONST /**/
| #define HAVE_PTHREAD_SETSCHEDPARAM_CONST /**/
| #define STDC_HEADERS 1
| #define HAVE_SYS_TYPES_H 1
| #define HAVE_SYS_STAT_H 1
| #define HAVE_STDLIB_H 1
| #define HAVE_STRING_H 1
| #define HAVE_MEMORY_H 1
| #define HAVE_STRINGS_H 1
| #define HAVE_INTTYPES_H 1
| #define HAVE_STDINT_H 1
| #define HAVE_UNISTD_H 1
| #define HAVE_PTHREAD_RWLOCK_T 1
| #define HAVE_PTHREAD_BARRIER_T 1
| #define HAVE_PTHREAD_SPINLOCK_T 1
| #define HAVE_STRUCT__PTHREAD_CLEANUP_CONTEXT 1
| #define HAVE_STRUCT__PRIORITY_NODE 1
| #define RTEMS_NEWLIB 1
| #define RTEMS_POSIX_API 1
| #define RTEMS_PROFILING 1
| #define RTEMS_NETWORKING 1
| #define RTEMS_VERSION "5.1.0"
| #define SIZEOF_MODE_T 4
| #define SIZEOF_OFF_T 8
| /* end confdefs.h.  */
| #include <stdio.h>
| #ifdef HAVE_SYS_TYPES_H
| # include <sys/types.h>
| #endif
| #ifdef HAVE_SYS_STAT_H
| # include <sys/stat.h>
| #endif
| #ifdef STDC_HEADERS
| # include <stdlib.h>
| # include <stddef.h>
| #else
| # ifdef HAVE_STDLIB_H
| #  include <stdlib.h>
| # endif
| #endif
| #ifdef HAVE_STRING_H
| # if !defined STDC_HEADERS && defined HAVE_MEMORY_H
| #  include <memory.h>
| # endif
| # include <string.h>
| #endif
| #ifdef HAVE_STRINGS_H
| # include <strings.h>
| #endif
| #ifdef HAVE_INTTYPES_H
| # include <inttypes.h>
| #endif
| #ifdef HAVE_STDINT_H
| # include <stdint.h>
| #endif
| #ifdef HAVE_UNISTD_H
| # include <unistd.h>
| #endif
| int
| main ()
| {
| static int test_array [1 - 2 * !(((long int) (sizeof (time_t))) <= 7)];
| test_array [0] = 0;
| return test_array [0];
| 
|   ;
|   return 0;
| }
configure:7117: arm-rtems5-gcc --pipe -c -mthumb -mcpu=cortex-m4 -O2 -g -ffunction-sections -fdata-sections -Wall -Wmissing-prototypes -Wimplicit-function-declaration -Wstrict-prototypes -Wnested-externs  conftest.c >&5
conftest.c:77:1: warning: function declaration isn't a prototype [-Wstrict-prototypes]
 main ()
 ^~~~
configure:7117: $? = 0
configure:7117: arm-rtems5-gcc --pipe -c -mthumb -mcpu=cortex-m4 -O2 -g -ffunction-sections -fdata-sections -Wall -Wmissing-prototypes -Wimplicit-function-declaration -Wstrict-prototypes -Wnested-externs  conftest.c >&5
conftest.c:77:1: warning: function declaration isn't a prototype [-Wstrict-prototypes]
 main ()
 ^~~~
configure:7117: $? = 0
configure:7117: arm-rtems5-gcc --pipe -c -mthumb -mcpu=cortex-m4 -O2 -g -ffunction-sections -fdata-sections -Wall -Wmissing-prototypes -Wimplicit-function-declaration -Wstrict-prototypes -Wnested-externs  conftest.c >&5
conftest.c:77:1: warning: function declaration isn't a prototype [-Wstrict-prototypes]
 main ()
 ^~~~
configure:7117: $? = 0
configure:7117: arm-rtems5-gcc --pipe -c -mthumb -mcpu=cortex-m4 -O2 -g -ffunction-sections -fdata-sections -Wall -Wmissing-prototypes -Wimplicit-function-declaration -Wstrict-prototypes -Wnested-externs  conftest.c >&5
conftest.c:77:1: warning: function declaration isn't a prototype [-Wstrict-prototypes]
 main ()
 ^~~~
configure:7117: $? = 0
configure:7131: result: 8
configure:7145: checking size of size_t
configure:7150: arm-rtems5-gcc --pipe -c -mthumb -mcpu=cortex-m4 -O2 -g -ffunction-sections -fdata-sections -Wall -Wmissing-prototypes -Wimplicit-function-declaration -Wstrict-prototypes -Wnested-externs  conftest.c >&5
conftest.c:78:1: warning: function declaration isn't a prototype [-Wstrict-prototypes]
 main ()
 ^~~~
configure:7150: $? = 0
configure:7150: arm-rtems5-gcc --pipe -c -mthumb -mcpu=cortex-m4 -O2 -g -ffunction-sections -fdata-sections -Wall -Wmissing-prototypes -Wimplicit-function-declaration -Wstrict-prototypes -Wnested-externs  conftest.c >&5
conftest.c:78:1: warning: function declaration isn't a prototype [-Wstrict-prototypes]
 main ()
 ^~~~
conftest.c: In function 'main':
conftest.c:80:12: error: size of array 'test_array' is negative
 static int test_array [1 - 2 * !(((long int) (sizeof (size_t))) <= 0)];
            ^~~~~~~~~~
configure:7150: $? = 1
configure: failed program was:
| /* confdefs.h */
| #define PACKAGE_NAME "rtems-cpukit"
| #define PACKAGE_TARNAME "rtems-cpukit"
| #define PACKAGE_VERSION "5.1.0"
| #define PACKAGE_STRING "rtems-cpukit 5.1.0"
| #define PACKAGE_BUGREPORT "https://devel.rtems.org/newticket"
| #define PACKAGE_URL ""
| #define RTEMS_NEWLIB 1
| #define HAVE_DECL_PTHREAD_ATTR_GETGUARDSIZE 1
| #define HAVE_DECL_PTHREAD_ATTR_SETGUARDSIZE 1
| #define HAVE_DECL_PTHREAD_ATTR_SETSTACK 1
| #define HAVE_DECL_PTHREAD_ATTR_GETSTACK 1
| #define HAVE_DECL_PTHREAD_ATTR_SETAFFINITY_NP 1
| #define HAVE_DECL_PTHREAD_ATTR_GETAFFINITY_NP 1
| #define HAVE_DECL_PTHREAD_SETAFFINITY_NP 1
| #define HAVE_DECL_PTHREAD_GETAFFINITY_NP 1
| #define HAVE_DECL_PTHREAD_GETATTR_NP 1
| #define HAVE_PTHREAD_MUTEX_GETCEILING_CONST /**/
| #define HAVE_PTHREAD_SETSCHEDPARAM_CONST /**/
| #define STDC_HEADERS 1
| #define HAVE_SYS_TYPES_H 1
| #define HAVE_SYS_STAT_H 1
| #define HAVE_STDLIB_H 1
| #define HAVE_STRING_H 1
| #define HAVE_MEMORY_H 1
| #define HAVE_STRINGS_H 1
| #define HAVE_INTTYPES_H 1
| #define HAVE_STDINT_H 1
| #define HAVE_UNISTD_H 1
| #define HAVE_PTHREAD_RWLOCK_T 1
| #define HAVE_PTHREAD_BARRIER_T 1
| #define HAVE_PTHREAD_SPINLOCK_T 1
| #define HAVE_STRUCT__PTHREAD_CLEANUP_CONTEXT 1
| #define HAVE_STRUCT__PRIORITY_NODE 1
| #define RTEMS_NEWLIB 1
| #define RTEMS_POSIX_API 1
| #define RTEMS_PROFILING 1
| #define RTEMS_NETWORKING 1
| #define RTEMS_VERSION "5.1.0"
| #define SIZEOF_MODE_T 4
| #define SIZEOF_OFF_T 8
| #define SIZEOF_TIME_T 8
| /* end confdefs.h.  */
| #include <stdio.h>
| #ifdef HAVE_SYS_TYPES_H
| # include <sys/types.h>
| #endif
| #ifdef HAVE_SYS_STAT_H
| # include <sys/stat.h>
| #endif
| #ifdef STDC_HEADERS
| # include <stdlib.h>
| # include <stddef.h>
| #else
| # ifdef HAVE_STDLIB_H
| #  include <stdlib.h>
| # endif
| #endif
| #ifdef HAVE_STRING_H
| # if !defined STDC_HEADERS && defined HAVE_MEMORY_H
| #  include <memory.h>
| # endif
| # include <string.h>
| #endif
| #ifdef HAVE_STRINGS_H
| # include <strings.h>
| #endif
| #ifdef HAVE_INTTYPES_H
| # include <inttypes.h>
| #endif
| #ifdef HAVE_STDINT_H
| # include <stdint.h>
| #endif
| #ifdef HAVE_UNISTD_H
| # include <unistd.h>
| #endif
| int
| main ()
| {
| static int test_array [1 - 2 * !(((long int) (sizeof (size_t))) <= 0)];
| test_array [0] = 0;
| return test_array [0];
| 
|   ;
|   return 0;
| }
configure:7150: arm-rtems5-gcc --pipe -c -mthumb -mcpu=cortex-m4 -O2 -g -ffunction-sections -fdata-sections -Wall -Wmissing-prototypes -Wimplicit-function-declaration -Wstrict-prototypes -Wnested-externs  conftest.c >&5
conftest.c:78:1: warning: function declaration isn't a prototype [-Wstrict-prototypes]
 main ()
 ^~~~
conftest.c: In function 'main':
conftest.c:80:12: error: size of array 'test_array' is negative
 static int test_array [1 - 2 * !(((long int) (sizeof (size_t))) <= 1)];
            ^~~~~~~~~~
configure:7150: $? = 1
configure: failed program was:
| /* confdefs.h */
| #define PACKAGE_NAME "rtems-cpukit"
| #define PACKAGE_TARNAME "rtems-cpukit"
| #define PACKAGE_VERSION "5.1.0"
| #define PACKAGE_STRING "rtems-cpukit 5.1.0"
| #define PACKAGE_BUGREPORT "https://devel.rtems.org/newticket"
| #define PACKAGE_URL ""
| #define RTEMS_NEWLIB 1
| #define HAVE_DECL_PTHREAD_ATTR_GETGUARDSIZE 1
| #define HAVE_DECL_PTHREAD_ATTR_SETGUARDSIZE 1
| #define HAVE_DECL_PTHREAD_ATTR_SETSTACK 1
| #define HAVE_DECL_PTHREAD_ATTR_GETSTACK 1
| #define HAVE_DECL_PTHREAD_ATTR_SETAFFINITY_NP 1
| #define HAVE_DECL_PTHREAD_ATTR_GETAFFINITY_NP 1
| #define HAVE_DECL_PTHREAD_SETAFFINITY_NP 1
| #define HAVE_DECL_PTHREAD_GETAFFINITY_NP 1
| #define HAVE_DECL_PTHREAD_GETATTR_NP 1
| #define HAVE_PTHREAD_MUTEX_GETCEILING_CONST /**/
| #define HAVE_PTHREAD_SETSCHEDPARAM_CONST /**/
| #define STDC_HEADERS 1
| #define HAVE_SYS_TYPES_H 1
| #define HAVE_SYS_STAT_H 1
| #define HAVE_STDLIB_H 1
| #define HAVE_STRING_H 1
| #define HAVE_MEMORY_H 1
| #define HAVE_STRINGS_H 1
| #define HAVE_INTTYPES_H 1
| #define HAVE_STDINT_H 1
| #define HAVE_UNISTD_H 1
| #define HAVE_PTHREAD_RWLOCK_T 1
| #define HAVE_PTHREAD_BARRIER_T 1
| #define HAVE_PTHREAD_SPINLOCK_T 1
| #define HAVE_STRUCT__PTHREAD_CLEANUP_CONTEXT 1
| #define HAVE_STRUCT__PRIORITY_NODE 1
| #define RTEMS_NEWLIB 1
| #define RTEMS_POSIX_API 1
| #define RTEMS_PROFILING 1
| #define RTEMS_NETWORKING 1
| #define RTEMS_VERSION "5.1.0"
| #define SIZEOF_MODE_T 4
| #define SIZEOF_OFF_T 8
| #define SIZEOF_TIME_T 8
| /* end confdefs.h.  */
| #include <stdio.h>
| #ifdef HAVE_SYS_TYPES_H
| # include <sys/types.h>
| #endif
| #ifdef HAVE_SYS_STAT_H
| # include <sys/stat.h>
| #endif
| #ifdef STDC_HEADERS
| # include <stdlib.h>
| # include <stddef.h>
| #else
| # ifdef HAVE_STDLIB_H
| #  include <stdlib.h>
| # endif
| #endif
| #ifdef HAVE_STRING_H
| # if !defined STDC_HEADERS && defined HAVE_MEMORY_H
| #  include <memory.h>
| # endif
| # include <string.h>
| #endif
| #ifdef HAVE_STRINGS_H
| # include <strings.h>
| #endif
| #ifdef HAVE_INTTYPES_H
| # include <inttypes.h>
| #endif
| #ifdef HAVE_STDINT_H
| # include <stdint.h>
| #endif
| #ifdef HAVE_UNISTD_H
| # include <unistd.h>
| #endif
| int
| main ()
| {
| static int test_array [1 - 2 * !(((long int) (sizeof (size_t))) <= 1)];
| test_array [0] = 0;
| return test_array [0];
| 
|   ;
|   return 0;
| }
configure:7150: arm-rtems5-gcc --pipe -c -mthumb -mcpu=cortex-m4 -O2 -g -ffunction-sections -fdata-sections -Wall -Wmissing-prototypes -Wimplicit-function-declaration -Wstrict-prototypes -Wnested-externs  conftest.c >&5
conftest.c:78:1: warning: function declaration isn't a prototype [-Wstrict-prototypes]
 main ()
 ^~~~
conftest.c: In function 'main':
conftest.c:80:12: error: size of array 'test_array' is negative
 static int test_array [1 - 2 * !(((long int) (sizeof (size_t))) <= 3)];
            ^~~~~~~~~~
configure:7150: $? = 1
configure: failed program was:
| /* confdefs.h */
| #define PACKAGE_NAME "rtems-cpukit"
| #define PACKAGE_TARNAME "rtems-cpukit"
| #define PACKAGE_VERSION "5.1.0"
| #define PACKAGE_STRING "rtems-cpukit 5.1.0"
| #define PACKAGE_BUGREPORT "https://devel.rtems.org/newticket"
| #define PACKAGE_URL ""
| #define RTEMS_NEWLIB 1
| #define HAVE_DECL_PTHREAD_ATTR_GETGUARDSIZE 1
| #define HAVE_DECL_PTHREAD_ATTR_SETGUARDSIZE 1
| #define HAVE_DECL_PTHREAD_ATTR_SETSTACK 1
| #define HAVE_DECL_PTHREAD_ATTR_GETSTACK 1
| #define HAVE_DECL_PTHREAD_ATTR_SETAFFINITY_NP 1
| #define HAVE_DECL_PTHREAD_ATTR_GETAFFINITY_NP 1
| #define HAVE_DECL_PTHREAD_SETAFFINITY_NP 1
| #define HAVE_DECL_PTHREAD_GETAFFINITY_NP 1
| #define HAVE_DECL_PTHREAD_GETATTR_NP 1
| #define HAVE_PTHREAD_MUTEX_GETCEILING_CONST /**/
| #define HAVE_PTHREAD_SETSCHEDPARAM_CONST /**/
| #define STDC_HEADERS 1
| #define HAVE_SYS_TYPES_H 1
| #define HAVE_SYS_STAT_H 1
| #define HAVE_STDLIB_H 1
| #define HAVE_STRING_H 1
| #define HAVE_MEMORY_H 1
| #define HAVE_STRINGS_H 1
| #define HAVE_INTTYPES_H 1
| #define HAVE_STDINT_H 1
| #define HAVE_UNISTD_H 1
| #define HAVE_PTHREAD_RWLOCK_T 1
| #define HAVE_PTHREAD_BARRIER_T 1
| #define HAVE_PTHREAD_SPINLOCK_T 1
| #define HAVE_STRUCT__PTHREAD_CLEANUP_CONTEXT 1
| #define HAVE_STRUCT__PRIORITY_NODE 1
| #define RTEMS_NEWLIB 1
| #define RTEMS_POSIX_API 1
| #define RTEMS_PROFILING 1
| #define RTEMS_NETWORKING 1
| #define RTEMS_VERSION "5.1.0"
| #define SIZEOF_MODE_T 4
| #define SIZEOF_OFF_T 8
| #define SIZEOF_TIME_T 8
| /* end confdefs.h.  */
| #include <stdio.h>
| #ifdef HAVE_SYS_TYPES_H
| # include <sys/types.h>
| #endif
| #ifdef HAVE_SYS_STAT_H
| # include <sys/stat.h>
| #endif
| #ifdef STDC_HEADERS
| # include <stdlib.h>
| # include <stddef.h>
| #else
| # ifdef HAVE_STDLIB_H
| #  include <stdlib.h>
| # endif
| #endif
| #ifdef HAVE_STRING_H
| # if !defined STDC_HEADERS && defined HAVE_MEMORY_H
| #  include <memory.h>
| # endif
| # include <string.h>
| #endif
| #ifdef HAVE_STRINGS_H
| # include <strings.h>
| #endif
| #ifdef HAVE_INTTYPES_H
| # include <inttypes.h>
| #endif
| #ifdef HAVE_STDINT_H
| # include <stdint.h>
| #endif
| #ifdef HAVE_UNISTD_H
| # include <unistd.h>
| #endif
| int
| main ()
| {
| static int test_array [1 - 2 * !(((long int) (sizeof (size_t))) <= 3)];
| test_array [0] = 0;
| return test_array [0];
| 
|   ;
|   return 0;
| }
configure:7150: arm-rtems5-gcc --pipe -c -mthumb -mcpu=cortex-m4 -O2 -g -ffunction-sections -fdata-sections -Wall -Wmissing-prototypes -Wimplicit-function-declaration -Wstrict-prototypes -Wnested-externs  conftest.c >&5
conftest.c:78:1: warning: function declaration isn't a prototype [-Wstrict-prototypes]
 main ()
 ^~~~
configure:7150: $? = 0
configure:7150: arm-rtems5-gcc --pipe -c -mthumb -mcpu=cortex-m4 -O2 -g -ffunction-sections -fdata-sections -Wall -Wmissing-prototypes -Wimplicit-function-declaration -Wstrict-prototypes -Wnested-externs  conftest.c >&5
conftest.c:78:1: warning: function declaration isn't a prototype [-Wstrict-prototypes]
 main ()
 ^~~~
configure:7150: $? = 0
configure:7150: arm-rtems5-gcc --pipe -c -mthumb -mcpu=cortex-m4 -O2 -g -ffunction-sections -fdata-sections -Wall -Wmissing-prototypes -Wimplicit-function-declaration -Wstrict-prototypes -Wnested-externs  conftest.c >&5
conftest.c:78:1: warning: function declaration isn't a prototype [-Wstrict-prototypes]
 main ()
 ^~~~
configure:7150: $? = 0
configure:7164: result: 4
configure:7178: checking size of blksize_t
configure:7183: arm-rtems5-gcc --pipe -c -mthumb -mcpu=cortex-m4 -O2 -g -ffunction-sections -fdata-sections -Wall -Wmissing-prototypes -Wimplicit-function-declaration -Wstrict-prototypes -Wnested-externs  conftest.c >&5
conftest.c:79:1: warning: function declaration isn't a prototype [-Wstrict-prototypes]
 main ()
 ^~~~
configure:7183: $? = 0
configure:7183: arm-rtems5-gcc --pipe -c -mthumb -mcpu=cortex-m4 -O2 -g -ffunction-sections -fdata-sections -Wall -Wmissing-prototypes -Wimplicit-function-declaration -Wstrict-prototypes -Wnested-externs  conftest.c >&5
conftest.c:79:1: warning: function declaration isn't a prototype [-Wstrict-prototypes]
 main ()
 ^~~~
conftest.c: In function 'main':
conftest.c:81:12: error: size of array 'test_array' is negative
 static int test_array [1 - 2 * !(((long int) (sizeof (blksize_t))) <= 0)];
            ^~~~~~~~~~
configure:7183: $? = 1
configure: failed program was:
| /* confdefs.h */
| #define PACKAGE_NAME "rtems-cpukit"
| #define PACKAGE_TARNAME "rtems-cpukit"
| #define PACKAGE_VERSION "5.1.0"
| #define PACKAGE_STRING "rtems-cpukit 5.1.0"
| #define PACKAGE_BUGREPORT "https://devel.rtems.org/newticket"
| #define PACKAGE_URL ""
| #define RTEMS_NEWLIB 1
| #define HAVE_DECL_PTHREAD_ATTR_GETGUARDSIZE 1
| #define HAVE_DECL_PTHREAD_ATTR_SETGUARDSIZE 1
| #define HAVE_DECL_PTHREAD_ATTR_SETSTACK 1
| #define HAVE_DECL_PTHREAD_ATTR_GETSTACK 1
| #define HAVE_DECL_PTHREAD_ATTR_SETAFFINITY_NP 1
| #define HAVE_DECL_PTHREAD_ATTR_GETAFFINITY_NP 1
| #define HAVE_DECL_PTHREAD_SETAFFINITY_NP 1
| #define HAVE_DECL_PTHREAD_GETAFFINITY_NP 1
| #define HAVE_DECL_PTHREAD_GETATTR_NP 1
| #define HAVE_PTHREAD_MUTEX_GETCEILING_CONST /**/
| #define HAVE_PTHREAD_SETSCHEDPARAM_CONST /**/
| #define STDC_HEADERS 1
| #define HAVE_SYS_TYPES_H 1
| #define HAVE_SYS_STAT_H 1
| #define HAVE_STDLIB_H 1
| #define HAVE_STRING_H 1
| #define HAVE_MEMORY_H 1
| #define HAVE_STRINGS_H 1
| #define HAVE_INTTYPES_H 1
| #define HAVE_STDINT_H 1
| #define HAVE_UNISTD_H 1
| #define HAVE_PTHREAD_RWLOCK_T 1
| #define HAVE_PTHREAD_BARRIER_T 1
| #define HAVE_PTHREAD_SPINLOCK_T 1
| #define HAVE_STRUCT__PTHREAD_CLEANUP_CONTEXT 1
| #define HAVE_STRUCT__PRIORITY_NODE 1
| #define RTEMS_NEWLIB 1
| #define RTEMS_POSIX_API 1
| #define RTEMS_PROFILING 1
| #define RTEMS_NETWORKING 1
| #define RTEMS_VERSION "5.1.0"
| #define SIZEOF_MODE_T 4
| #define SIZEOF_OFF_T 8
| #define SIZEOF_TIME_T 8
| #define SIZEOF_SIZE_T 4
| /* end confdefs.h.  */
| #include <stdio.h>
| #ifdef HAVE_SYS_TYPES_H
| # include <sys/types.h>
| #endif
| #ifdef HAVE_SYS_STAT_H
| # include <sys/stat.h>
| #endif
| #ifdef STDC_HEADERS
| # include <stdlib.h>
| # include <stddef.h>
| #else
| # ifdef HAVE_STDLIB_H
| #  include <stdlib.h>
| # endif
| #endif
| #ifdef HAVE_STRING_H
| # if !defined STDC_HEADERS && defined HAVE_MEMORY_H
| #  include <memory.h>
| # endif
| # include <string.h>
| #endif
| #ifdef HAVE_STRINGS_H
| # include <strings.h>
| #endif
| #ifdef HAVE_INTTYPES_H
| # include <inttypes.h>
| #endif
| #ifdef HAVE_STDINT_H
| # include <stdint.h>
| #endif
| #ifdef HAVE_UNISTD_H
| # include <unistd.h>
| #endif
| int
| main ()
| {
| static int test_array [1 - 2 * !(((long int) (sizeof (blksize_t))) <= 0)];
| test_array [0] = 0;
| return test_array [0];
| 
|   ;
|   return 0;
| }
configure:7183: arm-rtems5-gcc --pipe -c -mthumb -mcpu=cortex-m4 -O2 -g -ffunction-sections -fdata-sections -Wall -Wmissing-prototypes -Wimplicit-function-declaration -Wstrict-prototypes -Wnested-externs  conftest.c >&5
conftest.c:79:1: warning: function declaration isn't a prototype [-Wstrict-prototypes]
 main ()
 ^~~~
conftest.c: In function 'main':
conftest.c:81:12: error: size of array 'test_array' is negative
 static int test_array [1 - 2 * !(((long int) (sizeof (blksize_t))) <= 1)];
            ^~~~~~~~~~
configure:7183: $? = 1
configure: failed program was:
| /* confdefs.h */
| #define PACKAGE_NAME "rtems-cpukit"
| #define PACKAGE_TARNAME "rtems-cpukit"
| #define PACKAGE_VERSION "5.1.0"
| #define PACKAGE_STRING "rtems-cpukit 5.1.0"
| #define PACKAGE_BUGREPORT "https://devel.rtems.org/newticket"
| #define PACKAGE_URL ""
| #define RTEMS_NEWLIB 1
| #define HAVE_DECL_PTHREAD_ATTR_GETGUARDSIZE 1
| #define HAVE_DECL_PTHREAD_ATTR_SETGUARDSIZE 1
| #define HAVE_DECL_PTHREAD_ATTR_SETSTACK 1
| #define HAVE_DECL_PTHREAD_ATTR_GETSTACK 1
| #define HAVE_DECL_PTHREAD_ATTR_SETAFFINITY_NP 1
| #define HAVE_DECL_PTHREAD_ATTR_GETAFFINITY_NP 1
| #define HAVE_DECL_PTHREAD_SETAFFINITY_NP 1
| #define HAVE_DECL_PTHREAD_GETAFFINITY_NP 1
| #define HAVE_DECL_PTHREAD_GETATTR_NP 1
| #define HAVE_PTHREAD_MUTEX_GETCEILING_CONST /**/
| #define HAVE_PTHREAD_SETSCHEDPARAM_CONST /**/
| #define STDC_HEADERS 1
| #define HAVE_SYS_TYPES_H 1
| #define HAVE_SYS_STAT_H 1
| #define HAVE_STDLIB_H 1
| #define HAVE_STRING_H 1
| #define HAVE_MEMORY_H 1
| #define HAVE_STRINGS_H 1
| #define HAVE_INTTYPES_H 1
| #define HAVE_STDINT_H 1
| #define HAVE_UNISTD_H 1
| #define HAVE_PTHREAD_RWLOCK_T 1
| #define HAVE_PTHREAD_BARRIER_T 1
| #define HAVE_PTHREAD_SPINLOCK_T 1
| #define HAVE_STRUCT__PTHREAD_CLEANUP_CONTEXT 1
| #define HAVE_STRUCT__PRIORITY_NODE 1
| #define RTEMS_NEWLIB 1
| #define RTEMS_POSIX_API 1
| #define RTEMS_PROFILING 1
| #define RTEMS_NETWORKING 1
| #define RTEMS_VERSION "5.1.0"
| #define SIZEOF_MODE_T 4
| #define SIZEOF_OFF_T 8
| #define SIZEOF_TIME_T 8
| #define SIZEOF_SIZE_T 4
| /* end confdefs.h.  */
| #include <stdio.h>
| #ifdef HAVE_SYS_TYPES_H
| # include <sys/types.h>
| #endif
| #ifdef HAVE_SYS_STAT_H
| # include <sys/stat.h>
| #endif
| #ifdef STDC_HEADERS
| # include <stdlib.h>
| # include <stddef.h>
| #else
| # ifdef HAVE_STDLIB_H
| #  include <stdlib.h>
| # endif
| #endif
| #ifdef HAVE_STRING_H
| # if !defined STDC_HEADERS && defined HAVE_MEMORY_H
| #  include <memory.h>
| # endif
| # include <string.h>
| #endif
| #ifdef HAVE_STRINGS_H
| # include <strings.h>
| #endif
| #ifdef HAVE_INTTYPES_H
| # include <inttypes.h>
| #endif
| #ifdef HAVE_STDINT_H
| # include <stdint.h>
| #endif
| #ifdef HAVE_UNISTD_H
| # include <unistd.h>
| #endif
| int
| main ()
| {
| static int test_array [1 - 2 * !(((long int) (sizeof (blksize_t))) <= 1)];
| test_array [0] = 0;
| return test_array [0];
| 
|   ;
|   return 0;
| }
configure:7183: arm-rtems5-gcc --pipe -c -mthumb -mcpu=cortex-m4 -O2 -g -ffunction-sections -fdata-sections -Wall -Wmissing-prototypes -Wimplicit-function-declaration -Wstrict-prototypes -Wnested-externs  conftest.c >&5
conftest.c:79:1: warning: function declaration isn't a prototype [-Wstrict-prototypes]
 main ()
 ^~~~
conftest.c: In function 'main':
conftest.c:81:12: error: size of array 'test_array' is negative
 static int test_array [1 - 2 * !(((long int) (sizeof (blksize_t))) <= 3)];
            ^~~~~~~~~~
configure:7183: $? = 1
configure: failed program was:
| /* confdefs.h */
| #define PACKAGE_NAME "rtems-cpukit"
| #define PACKAGE_TARNAME "rtems-cpukit"
| #define PACKAGE_VERSION "5.1.0"
| #define PACKAGE_STRING "rtems-cpukit 5.1.0"
| #define PACKAGE_BUGREPORT "https://devel.rtems.org/newticket"
| #define PACKAGE_URL ""
| #define RTEMS_NEWLIB 1
| #define HAVE_DECL_PTHREAD_ATTR_GETGUARDSIZE 1
| #define HAVE_DECL_PTHREAD_ATTR_SETGUARDSIZE 1
| #define HAVE_DECL_PTHREAD_ATTR_SETSTACK 1
| #define HAVE_DECL_PTHREAD_ATTR_GETSTACK 1
| #define HAVE_DECL_PTHREAD_ATTR_SETAFFINITY_NP 1
| #define HAVE_DECL_PTHREAD_ATTR_GETAFFINITY_NP 1
| #define HAVE_DECL_PTHREAD_SETAFFINITY_NP 1
| #define HAVE_DECL_PTHREAD_GETAFFINITY_NP 1
| #define HAVE_DECL_PTHREAD_GETATTR_NP 1
| #define HAVE_PTHREAD_MUTEX_GETCEILING_CONST /**/
| #define HAVE_PTHREAD_SETSCHEDPARAM_CONST /**/
| #define STDC_HEADERS 1
| #define HAVE_SYS_TYPES_H 1
| #define HAVE_SYS_STAT_H 1
| #define HAVE_STDLIB_H 1
| #define HAVE_STRING_H 1
| #define HAVE_MEMORY_H 1
| #define HAVE_STRINGS_H 1
| #define HAVE_INTTYPES_H 1
| #define HAVE_STDINT_H 1
| #define HAVE_UNISTD_H 1
| #define HAVE_PTHREAD_RWLOCK_T 1
| #define HAVE_PTHREAD_BARRIER_T 1
| #define HAVE_PTHREAD_SPINLOCK_T 1
| #define HAVE_STRUCT__PTHREAD_CLEANUP_CONTEXT 1
| #define HAVE_STRUCT__PRIORITY_NODE 1
| #define RTEMS_NEWLIB 1
| #define RTEMS_POSIX_API 1
| #define RTEMS_PROFILING 1
| #define RTEMS_NETWORKING 1
| #define RTEMS_VERSION "5.1.0"
| #define SIZEOF_MODE_T 4
| #define SIZEOF_OFF_T 8
| #define SIZEOF_TIME_T 8
| #define SIZEOF_SIZE_T 4
| /* end confdefs.h.  */
| #include <stdio.h>
| #ifdef HAVE_SYS_TYPES_H
| # include <sys/types.h>
| #endif
| #ifdef HAVE_SYS_STAT_H
| # include <sys/stat.h>
| #endif
| #ifdef STDC_HEADERS
| # include <stdlib.h>
| # include <stddef.h>
| #else
| # ifdef HAVE_STDLIB_H
| #  include <stdlib.h>
| # endif
| #endif
| #ifdef HAVE_STRING_H
| # if !defined STDC_HEADERS && defined HAVE_MEMORY_H
| #  include <memory.h>
| # endif
| # include <string.h>
| #endif
| #ifdef HAVE_STRINGS_H
| # include <strings.h>
| #endif
| #ifdef HAVE_INTTYPES_H
| # include <inttypes.h>
| #endif
| #ifdef HAVE_STDINT_H
| # include <stdint.h>
| #endif
| #ifdef HAVE_UNISTD_H
| # include <unistd.h>
| #endif
| int
| main ()
| {
| static int test_array [1 - 2 * !(((long int) (sizeof (blksize_t))) <= 3)];
| test_array [0] = 0;
| return test_array [0];
| 
|   ;
|   return 0;
| }
configure:7183: arm-rtems5-gcc --pipe -c -mthumb -mcpu=cortex-m4 -O2 -g -ffunction-sections -fdata-sections -Wall -Wmissing-prototypes -Wimplicit-function-declaration -Wstrict-prototypes -Wnested-externs  conftest.c >&5
conftest.c:79:1: warning: function declaration isn't a prototype [-Wstrict-prototypes]
 main ()
 ^~~~
configure:7183: $? = 0
configure:7183: arm-rtems5-gcc --pipe -c -mthumb -mcpu=cortex-m4 -O2 -g -ffunction-sections -fdata-sections -Wall -Wmissing-prototypes -Wimplicit-function-declaration -Wstrict-prototypes -Wnested-externs  conftest.c >&5
conftest.c:79:1: warning: function declaration isn't a prototype [-Wstrict-prototypes]
 main ()
 ^~~~
configure:7183: $? = 0
configure:7183: arm-rtems5-gcc --pipe -c -mthumb -mcpu=cortex-m4 -O2 -g -ffunction-sections -fdata-sections -Wall -Wmissing-prototypes -Wimplicit-function-declaration -Wstrict-prototypes -Wnested-externs  conftest.c >&5
conftest.c:79:1: warning: function declaration isn't a prototype [-Wstrict-prototypes]
 main ()
 ^~~~
configure:7183: $? = 0
configure:7197: result: 4
configure:7211: checking size of blkcnt_t
configure:7216: arm-rtems5-gcc --pipe -c -mthumb -mcpu=cortex-m4 -O2 -g -ffunction-sections -fdata-sections -Wall -Wmissing-prototypes -Wimplicit-function-declaration -Wstrict-prototypes -Wnested-externs  conftest.c >&5
conftest.c:80:1: warning: function declaration isn't a prototype [-Wstrict-prototypes]
 main ()
 ^~~~
configure:7216: $? = 0
configure:7216: arm-rtems5-gcc --pipe -c -mthumb -mcpu=cortex-m4 -O2 -g -ffunction-sections -fdata-sections -Wall -Wmissing-prototypes -Wimplicit-function-declaration -Wstrict-prototypes -Wnested-externs  conftest.c >&5
conftest.c:80:1: warning: function declaration isn't a prototype [-Wstrict-prototypes]
 main ()
 ^~~~
conftest.c: In function 'main':
conftest.c:82:12: error: size of array 'test_array' is negative
 static int test_array [1 - 2 * !(((long int) (sizeof (blkcnt_t))) <= 0)];
            ^~~~~~~~~~
configure:7216: $? = 1
configure: failed program was:
| /* confdefs.h */
| #define PACKAGE_NAME "rtems-cpukit"
| #define PACKAGE_TARNAME "rtems-cpukit"
| #define PACKAGE_VERSION "5.1.0"
| #define PACKAGE_STRING "rtems-cpukit 5.1.0"
| #define PACKAGE_BUGREPORT "https://devel.rtems.org/newticket"
| #define PACKAGE_URL ""
| #define RTEMS_NEWLIB 1
| #define HAVE_DECL_PTHREAD_ATTR_GETGUARDSIZE 1
| #define HAVE_DECL_PTHREAD_ATTR_SETGUARDSIZE 1
| #define HAVE_DECL_PTHREAD_ATTR_SETSTACK 1
| #define HAVE_DECL_PTHREAD_ATTR_GETSTACK 1
| #define HAVE_DECL_PTHREAD_ATTR_SETAFFINITY_NP 1
| #define HAVE_DECL_PTHREAD_ATTR_GETAFFINITY_NP 1
| #define HAVE_DECL_PTHREAD_SETAFFINITY_NP 1
| #define HAVE_DECL_PTHREAD_GETAFFINITY_NP 1
| #define HAVE_DECL_PTHREAD_GETATTR_NP 1
| #define HAVE_PTHREAD_MUTEX_GETCEILING_CONST /**/
| #define HAVE_PTHREAD_SETSCHEDPARAM_CONST /**/
| #define STDC_HEADERS 1
| #define HAVE_SYS_TYPES_H 1
| #define HAVE_SYS_STAT_H 1
| #define HAVE_STDLIB_H 1
| #define HAVE_STRING_H 1
| #define HAVE_MEMORY_H 1
| #define HAVE_STRINGS_H 1
| #define HAVE_INTTYPES_H 1
| #define HAVE_STDINT_H 1
| #define HAVE_UNISTD_H 1
| #define HAVE_PTHREAD_RWLOCK_T 1
| #define HAVE_PTHREAD_BARRIER_T 1
| #define HAVE_PTHREAD_SPINLOCK_T 1
| #define HAVE_STRUCT__PTHREAD_CLEANUP_CONTEXT 1
| #define HAVE_STRUCT__PRIORITY_NODE 1
| #define RTEMS_NEWLIB 1
| #define RTEMS_POSIX_API 1
| #define RTEMS_PROFILING 1
| #define RTEMS_NETWORKING 1
| #define RTEMS_VERSION "5.1.0"
| #define SIZEOF_MODE_T 4
| #define SIZEOF_OFF_T 8
| #define SIZEOF_TIME_T 8
| #define SIZEOF_SIZE_T 4
| #define SIZEOF_BLKSIZE_T 4
| /* end confdefs.h.  */
| #include <stdio.h>
| #ifdef HAVE_SYS_TYPES_H
| # include <sys/types.h>
| #endif
| #ifdef HAVE_SYS_STAT_H
| # include <sys/stat.h>
| #endif
| #ifdef STDC_HEADERS
| # include <stdlib.h>
| # include <stddef.h>
| #else
| # ifdef HAVE_STDLIB_H
| #  include <stdlib.h>
| # endif
| #endif
| #ifdef HAVE_STRING_H
| # if !defined STDC_HEADERS && defined HAVE_MEMORY_H
| #  include <memory.h>
| # endif
| # include <string.h>
| #endif
| #ifdef HAVE_STRINGS_H
| # include <strings.h>
| #endif
| #ifdef HAVE_INTTYPES_H
| # include <inttypes.h>
| #endif
| #ifdef HAVE_STDINT_H
| # include <stdint.h>
| #endif
| #ifdef HAVE_UNISTD_H
| # include <unistd.h>
| #endif
| int
| main ()
| {
| static int test_array [1 - 2 * !(((long int) (sizeof (blkcnt_t))) <= 0)];
| test_array [0] = 0;
| return test_array [0];
| 
|   ;
|   return 0;
| }
configure:7216: arm-rtems5-gcc --pipe -c -mthumb -mcpu=cortex-m4 -O2 -g -ffunction-sections -fdata-sections -Wall -Wmissing-prototypes -Wimplicit-function-declaration -Wstrict-prototypes -Wnested-externs  conftest.c >&5
conftest.c:80:1: warning: function declaration isn't a prototype [-Wstrict-prototypes]
 main ()
 ^~~~
conftest.c: In function 'main':
conftest.c:82:12: error: size of array 'test_array' is negative
 static int test_array [1 - 2 * !(((long int) (sizeof (blkcnt_t))) <= 1)];
            ^~~~~~~~~~
configure:7216: $? = 1
configure: failed program was:
| /* confdefs.h */
| #define PACKAGE_NAME "rtems-cpukit"
| #define PACKAGE_TARNAME "rtems-cpukit"
| #define PACKAGE_VERSION "5.1.0"
| #define PACKAGE_STRING "rtems-cpukit 5.1.0"
| #define PACKAGE_BUGREPORT "https://devel.rtems.org/newticket"
| #define PACKAGE_URL ""
| #define RTEMS_NEWLIB 1
| #define HAVE_DECL_PTHREAD_ATTR_GETGUARDSIZE 1
| #define HAVE_DECL_PTHREAD_ATTR_SETGUARDSIZE 1
| #define HAVE_DECL_PTHREAD_ATTR_SETSTACK 1
| #define HAVE_DECL_PTHREAD_ATTR_GETSTACK 1
| #define HAVE_DECL_PTHREAD_ATTR_SETAFFINITY_NP 1
| #define HAVE_DECL_PTHREAD_ATTR_GETAFFINITY_NP 1
| #define HAVE_DECL_PTHREAD_SETAFFINITY_NP 1
| #define HAVE_DECL_PTHREAD_GETAFFINITY_NP 1
| #define HAVE_DECL_PTHREAD_GETATTR_NP 1
| #define HAVE_PTHREAD_MUTEX_GETCEILING_CONST /**/
| #define HAVE_PTHREAD_SETSCHEDPARAM_CONST /**/
| #define STDC_HEADERS 1
| #define HAVE_SYS_TYPES_H 1
| #define HAVE_SYS_STAT_H 1
| #define HAVE_STDLIB_H 1
| #define HAVE_STRING_H 1
| #define HAVE_MEMORY_H 1
| #define HAVE_STRINGS_H 1
| #define HAVE_INTTYPES_H 1
| #define HAVE_STDINT_H 1
| #define HAVE_UNISTD_H 1
| #define HAVE_PTHREAD_RWLOCK_T 1
| #define HAVE_PTHREAD_BARRIER_T 1
| #define HAVE_PTHREAD_SPINLOCK_T 1
| #define HAVE_STRUCT__PTHREAD_CLEANUP_CONTEXT 1
| #define HAVE_STRUCT__PRIORITY_NODE 1
| #define RTEMS_NEWLIB 1
| #define RTEMS_POSIX_API 1
| #define RTEMS_PROFILING 1
| #define RTEMS_NETWORKING 1
| #define RTEMS_VERSION "5.1.0"
| #define SIZEOF_MODE_T 4
| #define SIZEOF_OFF_T 8
| #define SIZEOF_TIME_T 8
| #define SIZEOF_SIZE_T 4
| #define SIZEOF_BLKSIZE_T 4
| /* end confdefs.h.  */
| #include <stdio.h>
| #ifdef HAVE_SYS_TYPES_H
| # include <sys/types.h>
| #endif
| #ifdef HAVE_SYS_STAT_H
| # include <sys/stat.h>
| #endif
| #ifdef STDC_HEADERS
| # include <stdlib.h>
| # include <stddef.h>
| #else
| # ifdef HAVE_STDLIB_H
| #  include <stdlib.h>
| # endif
| #endif
| #ifdef HAVE_STRING_H
| # if !defined STDC_HEADERS && defined HAVE_MEMORY_H
| #  include <memory.h>
| # endif
| # include <string.h>
| #endif
| #ifdef HAVE_STRINGS_H
| # include <strings.h>
| #endif
| #ifdef HAVE_INTTYPES_H
| # include <inttypes.h>
| #endif
| #ifdef HAVE_STDINT_H
| # include <stdint.h>
| #endif
| #ifdef HAVE_UNISTD_H
| # include <unistd.h>
| #endif
| int
| main ()
| {
| static int test_array [1 - 2 * !(((long int) (sizeof (blkcnt_t))) <= 1)];
| test_array [0] = 0;
| return test_array [0];
| 
|   ;
|   return 0;
| }
configure:7216: arm-rtems5-gcc --pipe -c -mthumb -mcpu=cortex-m4 -O2 -g -ffunction-sections -fdata-sections -Wall -Wmissing-prototypes -Wimplicit-function-declaration -Wstrict-prototypes -Wnested-externs  conftest.c >&5
conftest.c:80:1: warning: function declaration isn't a prototype [-Wstrict-prototypes]
 main ()
 ^~~~
conftest.c: In function 'main':
conftest.c:82:12: error: size of array 'test_array' is negative
 static int test_array [1 - 2 * !(((long int) (sizeof (blkcnt_t))) <= 3)];
            ^~~~~~~~~~
configure:7216: $? = 1
configure: failed program was:
| /* confdefs.h */
| #define PACKAGE_NAME "rtems-cpukit"
| #define PACKAGE_TARNAME "rtems-cpukit"
| #define PACKAGE_VERSION "5.1.0"
| #define PACKAGE_STRING "rtems-cpukit 5.1.0"
| #define PACKAGE_BUGREPORT "https://devel.rtems.org/newticket"
| #define PACKAGE_URL ""
| #define RTEMS_NEWLIB 1
| #define HAVE_DECL_PTHREAD_ATTR_GETGUARDSIZE 1
| #define HAVE_DECL_PTHREAD_ATTR_SETGUARDSIZE 1
| #define HAVE_DECL_PTHREAD_ATTR_SETSTACK 1
| #define HAVE_DECL_PTHREAD_ATTR_GETSTACK 1
| #define HAVE_DECL_PTHREAD_ATTR_SETAFFINITY_NP 1
| #define HAVE_DECL_PTHREAD_ATTR_GETAFFINITY_NP 1
| #define HAVE_DECL_PTHREAD_SETAFFINITY_NP 1
| #define HAVE_DECL_PTHREAD_GETAFFINITY_NP 1
| #define HAVE_DECL_PTHREAD_GETATTR_NP 1
| #define HAVE_PTHREAD_MUTEX_GETCEILING_CONST /**/
| #define HAVE_PTHREAD_SETSCHEDPARAM_CONST /**/
| #define STDC_HEADERS 1
| #define HAVE_SYS_TYPES_H 1
| #define HAVE_SYS_STAT_H 1
| #define HAVE_STDLIB_H 1
| #define HAVE_STRING_H 1
| #define HAVE_MEMORY_H 1
| #define HAVE_STRINGS_H 1
| #define HAVE_INTTYPES_H 1
| #define HAVE_STDINT_H 1
| #define HAVE_UNISTD_H 1
| #define HAVE_PTHREAD_RWLOCK_T 1
| #define HAVE_PTHREAD_BARRIER_T 1
| #define HAVE_PTHREAD_SPINLOCK_T 1
| #define HAVE_STRUCT__PTHREAD_CLEANUP_CONTEXT 1
| #define HAVE_STRUCT__PRIORITY_NODE 1
| #define RTEMS_NEWLIB 1
| #define RTEMS_POSIX_API 1
| #define RTEMS_PROFILING 1
| #define RTEMS_NETWORKING 1
| #define RTEMS_VERSION "5.1.0"
| #define SIZEOF_MODE_T 4
| #define SIZEOF_OFF_T 8
| #define SIZEOF_TIME_T 8
| #define SIZEOF_SIZE_T 4
| #define SIZEOF_BLKSIZE_T 4
| /* end confdefs.h.  */
| #include <stdio.h>
| #ifdef HAVE_SYS_TYPES_H
| # include <sys/types.h>
| #endif
| #ifdef HAVE_SYS_STAT_H
| # include <sys/stat.h>
| #endif
| #ifdef STDC_HEADERS
| # include <stdlib.h>
| # include <stddef.h>
| #else
| # ifdef HAVE_STDLIB_H
| #  include <stdlib.h>
| # endif
| #endif
| #ifdef HAVE_STRING_H
| # if !defined STDC_HEADERS && defined HAVE_MEMORY_H
| #  include <memory.h>
| # endif
| # include <string.h>
| #endif
| #ifdef HAVE_STRINGS_H
| # include <strings.h>
| #endif
| #ifdef HAVE_INTTYPES_H
| # include <inttypes.h>
| #endif
| #ifdef HAVE_STDINT_H
| # include <stdint.h>
| #endif
| #ifdef HAVE_UNISTD_H
| # include <unistd.h>
| #endif
| int
| main ()
| {
| static int test_array [1 - 2 * !(((long int) (sizeof (blkcnt_t))) <= 3)];
| test_array [0] = 0;
| return test_array [0];
| 
|   ;
|   return 0;
| }
configure:7216: arm-rtems5-gcc --pipe -c -mthumb -mcpu=cortex-m4 -O2 -g -ffunction-sections -fdata-sections -Wall -Wmissing-prototypes -Wimplicit-function-declaration -Wstrict-prototypes -Wnested-externs  conftest.c >&5
conftest.c:80:1: warning: function declaration isn't a prototype [-Wstrict-prototypes]
 main ()
 ^~~~
configure:7216: $? = 0
configure:7216: arm-rtems5-gcc --pipe -c -mthumb -mcpu=cortex-m4 -O2 -g -ffunction-sections -fdata-sections -Wall -Wmissing-prototypes -Wimplicit-function-declaration -Wstrict-prototypes -Wnested-externs  conftest.c >&5
conftest.c:80:1: warning: function declaration isn't a prototype [-Wstrict-prototypes]
 main ()
 ^~~~
configure:7216: $? = 0
configure:7216: arm-rtems5-gcc --pipe -c -mthumb -mcpu=cortex-m4 -O2 -g -ffunction-sections -fdata-sections -Wall -Wmissing-prototypes -Wimplicit-function-declaration -Wstrict-prototypes -Wnested-externs  conftest.c >&5
conftest.c:80:1: warning: function declaration isn't a prototype [-Wstrict-prototypes]
 main ()
 ^~~~
configure:7216: $? = 0
configure:7230: result: 4
configure:7476: creating /home/embeddeduser/consolePrjt/rtems-5.1/build/arm-rtems5/c/stm32f4/include/rtems/score/cpuopts.h
configure:7528: checking for assignable stdio
configure:7541: arm-rtems5-gcc --pipe -c -mthumb -mcpu=cortex-m4 -O2 -g -ffunction-sections -fdata-sections -Wall -Wmissing-prototypes -Wimplicit-function-declaration -Wstrict-prototypes -Wnested-externs  conftest.c >&5
conftest.c:57:1: warning: function declaration isn't a prototype [-Wstrict-prototypes]
 main ()
 ^~~~
configure:7541: $? = 0
configure:7547: result: yes
configure:7552: checking whether arm-rtems5-gcc --pipe supports function __attribute__((weak))
configure:7577: arm-rtems5-gcc --pipe -c -Werror  conftest.c >&5
configure:7577: $? = 0
configure:7590: result: yes
configure:7595: checking whether rcmd is declared
configure:7595: arm-rtems5-gcc --pipe -c -mthumb -mcpu=cortex-m4 -O2 -g -ffunction-sections -fdata-sections -Wall -Wmissing-prototypes -Wimplicit-function-declaration -Wstrict-prototypes -Wnested-externs  conftest.c >&5
conftest.c:58:1: warning: function declaration isn't a prototype [-Wstrict-prototypes]
 main ()
 ^~~~
conftest.c: In function 'main':
conftest.c:64:10: error: 'rcmd' undeclared (first use in this function); did you mean 'read'?
   (void) rcmd;
          ^~~~
          read
conftest.c:64:10: note: each undeclared identifier is reported only once for each function it appears in
configure:7595: $? = 1
configure: failed program was:
| /* confdefs.h */
| #define PACKAGE_NAME "rtems-cpukit"
| #define PACKAGE_TARNAME "rtems-cpukit"
| #define PACKAGE_VERSION "5.1.0"
| #define PACKAGE_STRING "rtems-cpukit 5.1.0"
| #define PACKAGE_BUGREPORT "https://devel.rtems.org/newticket"
| #define PACKAGE_URL ""
| #define RTEMS_NEWLIB 1
| #define HAVE_DECL_PTHREAD_ATTR_GETGUARDSIZE 1
| #define HAVE_DECL_PTHREAD_ATTR_SETGUARDSIZE 1
| #define HAVE_DECL_PTHREAD_ATTR_SETSTACK 1
| #define HAVE_DECL_PTHREAD_ATTR_GETSTACK 1
| #define HAVE_DECL_PTHREAD_ATTR_SETAFFINITY_NP 1
| #define HAVE_DECL_PTHREAD_ATTR_GETAFFINITY_NP 1
| #define HAVE_DECL_PTHREAD_SETAFFINITY_NP 1
| #define HAVE_DECL_PTHREAD_GETAFFINITY_NP 1
| #define HAVE_DECL_PTHREAD_GETATTR_NP 1
| #define HAVE_PTHREAD_MUTEX_GETCEILING_CONST /**/
| #define HAVE_PTHREAD_SETSCHEDPARAM_CONST /**/
| #define STDC_HEADERS 1
| #define HAVE_SYS_TYPES_H 1
| #define HAVE_SYS_STAT_H 1
| #define HAVE_STDLIB_H 1
| #define HAVE_STRING_H 1
| #define HAVE_MEMORY_H 1
| #define HAVE_STRINGS_H 1
| #define HAVE_INTTYPES_H 1
| #define HAVE_STDINT_H 1
| #define HAVE_UNISTD_H 1
| #define HAVE_PTHREAD_RWLOCK_T 1
| #define HAVE_PTHREAD_BARRIER_T 1
| #define HAVE_PTHREAD_SPINLOCK_T 1
| #define HAVE_STRUCT__PTHREAD_CLEANUP_CONTEXT 1
| #define HAVE_STRUCT__PRIORITY_NODE 1
| #define RTEMS_NEWLIB 1
| #define RTEMS_POSIX_API 1
| #define RTEMS_PROFILING 1
| #define RTEMS_NETWORKING 1
| #define RTEMS_VERSION "5.1.0"
| #define SIZEOF_MODE_T 4
| #define SIZEOF_OFF_T 8
| #define SIZEOF_TIME_T 8
| #define SIZEOF_SIZE_T 4
| #define SIZEOF_BLKSIZE_T 4
| #define SIZEOF_BLKCNT_T 4
| #define __RTEMS_SIZEOF_MODE_T__ 4
| #define __RTEMS_SIZEOF_OFF_T__ 8
| #define __RTEMS_SIZEOF_TIME_T__ 8
| #define __RTEMS_SIZEOF_BLKSIZE_T__ 4
| #define __RTEMS_SIZEOF_BLKCNT_T__ 4
| #define __RTEMS_MAJOR__ 5
| #define __RTEMS_MINOR__ 1
| #define __RTEMS_REVISION__ 0
| /* end confdefs.h.  */
| #include <unistd.h>
| 
| int
| main ()
| {
| #ifndef rcmd
| #ifdef __cplusplus
|   (void) rcmd;
| #else
|   (void) rcmd;
| #endif
| #endif
| 
|   ;
|   return 0;
| }
configure:7595: result: no
configure:7609: checking whether _Timecounter_Time_second is declared
configure:7609: arm-rtems5-gcc --pipe -c -mthumb -mcpu=cortex-m4 -O2 -g -ffunction-sections -fdata-sections -Wall -Wmissing-prototypes -Wimplicit-function-declaration -Wstrict-prototypes -Wnested-externs  conftest.c >&5
conftest.c:59:1: warning: function declaration isn't a prototype [-Wstrict-prototypes]
 main ()
 ^~~~
conftest.c: In function 'main':
conftest.c:65:10: error: '_Timecounter_Time_second' undeclared (first use in this function)
   (void) _Timecounter_Time_second;
          ^~~~~~~~~~~~~~~~~~~~~~~~
conftest.c:65:10: note: each undeclared identifier is reported only once for each function it appears in
configure:7609: $? = 1
configure: failed program was:
| /* confdefs.h */
| #define PACKAGE_NAME "rtems-cpukit"
| #define PACKAGE_TARNAME "rtems-cpukit"
| #define PACKAGE_VERSION "5.1.0"
| #define PACKAGE_STRING "rtems-cpukit 5.1.0"
| #define PACKAGE_BUGREPORT "https://devel.rtems.org/newticket"
| #define PACKAGE_URL ""
| #define RTEMS_NEWLIB 1
| #define HAVE_DECL_PTHREAD_ATTR_GETGUARDSIZE 1
| #define HAVE_DECL_PTHREAD_ATTR_SETGUARDSIZE 1
| #define HAVE_DECL_PTHREAD_ATTR_SETSTACK 1
| #define HAVE_DECL_PTHREAD_ATTR_GETSTACK 1
| #define HAVE_DECL_PTHREAD_ATTR_SETAFFINITY_NP 1
| #define HAVE_DECL_PTHREAD_ATTR_GETAFFINITY_NP 1
| #define HAVE_DECL_PTHREAD_SETAFFINITY_NP 1
| #define HAVE_DECL_PTHREAD_GETAFFINITY_NP 1
| #define HAVE_DECL_PTHREAD_GETATTR_NP 1
| #define HAVE_PTHREAD_MUTEX_GETCEILING_CONST /**/
| #define HAVE_PTHREAD_SETSCHEDPARAM_CONST /**/
| #define STDC_HEADERS 1
| #define HAVE_SYS_TYPES_H 1
| #define HAVE_SYS_STAT_H 1
| #define HAVE_STDLIB_H 1
| #define HAVE_STRING_H 1
| #define HAVE_MEMORY_H 1
| #define HAVE_STRINGS_H 1
| #define HAVE_INTTYPES_H 1
| #define HAVE_STDINT_H 1
| #define HAVE_UNISTD_H 1
| #define HAVE_PTHREAD_RWLOCK_T 1
| #define HAVE_PTHREAD_BARRIER_T 1
| #define HAVE_PTHREAD_SPINLOCK_T 1
| #define HAVE_STRUCT__PTHREAD_CLEANUP_CONTEXT 1
| #define HAVE_STRUCT__PRIORITY_NODE 1
| #define RTEMS_NEWLIB 1
| #define RTEMS_POSIX_API 1
| #define RTEMS_PROFILING 1
| #define RTEMS_NETWORKING 1
| #define RTEMS_VERSION "5.1.0"
| #define SIZEOF_MODE_T 4
| #define SIZEOF_OFF_T 8
| #define SIZEOF_TIME_T 8
| #define SIZEOF_SIZE_T 4
| #define SIZEOF_BLKSIZE_T 4
| #define SIZEOF_BLKCNT_T 4
| #define __RTEMS_SIZEOF_MODE_T__ 4
| #define __RTEMS_SIZEOF_OFF_T__ 8
| #define __RTEMS_SIZEOF_TIME_T__ 8
| #define __RTEMS_SIZEOF_BLKSIZE_T__ 4
| #define __RTEMS_SIZEOF_BLKCNT_T__ 4
| #define __RTEMS_MAJOR__ 5
| #define __RTEMS_MINOR__ 1
| #define __RTEMS_REVISION__ 0
| #define HAVE_DECL_RCMD 0
| /* end confdefs.h.  */
| #include <sys/time.h>
| 
| int
| main ()
| {
| #ifndef _Timecounter_Time_second
| #ifdef __cplusplus
|   (void) _Timecounter_Time_second;
| #else
|   (void) _Timecounter_Time_second;
| #endif
| #endif
| 
|   ;
|   return 0;
| }
configure:7609: result: no
configure:7710: checking for rpcgen
configure:7726: found /usr/bin/rpcgen
configure:7737: result: rpcgen
configure:7758: checking whether CPU supports libdl
configure:7783: result: yes
configure:7787: checking whether CPU supports libdebugger
configure:7803: result: yes
configure:7807: checking whether CPU supports libpci
configure:7823: result: no
configure:7827: checking whether CPU supports libdrvmgr
configure:7843: result: no
configure:8096: checking that generated files are newer than configure
configure:8102: result: done
configure:8277: creating ./config.status

## ---------------------- ##
## Running config.status. ##
## ---------------------- ##

This file was extended by rtems-cpukit config.status 5.1.0, which was
generated by GNU Autoconf 2.69.  Invocation command line was

  CONFIG_FILES    = 
  CONFIG_HEADERS  = 
  CONFIG_LINKS    = 
  CONFIG_COMMANDS = 
  $ ./config.status 

on ubuntu

config.status:1002: creating Makefile
config.status:1002: creating config.h
config.status:1216: executing depfiles commands
config.status:1216: executing default-1 commands

## ---------------- ##
## Cache variables. ##
## ---------------- ##

ac_cv_build=x86_64-pc-linux-gnu
ac_cv_c_compiler_gnu=yes
ac_cv_env_CCASFLAGS_set=
ac_cv_env_CCASFLAGS_value=
ac_cv_env_CCAS_set=
ac_cv_env_CCAS_value=
ac_cv_env_CC_set=
ac_cv_env_CC_value=
ac_cv_env_CFLAGS_set=set
ac_cv_env_CFLAGS_value='-mthumb -mcpu=cortex-m4 -O2 -g -ffunction-sections -fdata-sections -Wall -Wmissing-prototypes -Wimplicit-function-declaration -Wstrict-prototypes -Wnested-externs'
ac_cv_env_CPPFLAGS_set=
ac_cv_env_CPPFLAGS_value=
ac_cv_env_CPP_set=
ac_cv_env_CPP_value=
ac_cv_env_LDFLAGS_set=
ac_cv_env_LDFLAGS_value=
ac_cv_env_LIBS_set=
ac_cv_env_LIBS_value=
ac_cv_env_build_alias_set=set
ac_cv_env_build_alias_value=x86_64-pc-linux-gnu
ac_cv_env_host_alias_set=set
ac_cv_env_host_alias_value=arm-rtems5
ac_cv_env_target_alias_set=set
ac_cv_env_target_alias_value=arm-rtems5
ac_cv_have_decl__Timecounter_Time_second=no
ac_cv_have_decl_pthread_attr_getaffinity_np=yes
ac_cv_have_decl_pthread_attr_getguardsize=yes
ac_cv_have_decl_pthread_attr_getstack=yes
ac_cv_have_decl_pthread_attr_setaffinity_np=yes
ac_cv_have_decl_pthread_attr_setguardsize=yes
ac_cv_have_decl_pthread_attr_setstack=yes
ac_cv_have_decl_pthread_getaffinity_np=yes
ac_cv_have_decl_pthread_getattr_np=yes
ac_cv_have_decl_pthread_setaffinity_np=yes
ac_cv_have_decl_rcmd=no
ac_cv_header_inttypes_h=yes
ac_cv_header_memory_h=yes
ac_cv_header_pthread_h=yes
ac_cv_header_stdc=yes
ac_cv_header_stdint_h=yes
ac_cv_header_stdlib_h=yes
ac_cv_header_string_h=yes
ac_cv_header_strings_h=yes
ac_cv_header_sys_stat_h=yes
ac_cv_header_sys_types_h=yes
ac_cv_header_unistd_h=yes
ac_cv_host=arm-unknown-rtems5
ac_cv_member_struct__Thread_queue_Queue__name=yes
ac_cv_objext=o
ac_cv_path_EGREP='/usr/bin/grep -E'
ac_cv_path_GREP=/usr/bin/grep
ac_cv_path_install='/usr/bin/install -c'
ac_cv_path_mkdir=/usr/bin/mkdir
ac_cv_prog_AR=arm-rtems5-ar
ac_cv_prog_AWK=mawk
ac_cv_prog_CC=arm-rtems5-gcc
ac_cv_prog_CPP='arm-rtems5-gcc -E'
ac_cv_prog_MAKE=make
ac_cv_prog_RANLIB=arm-rtems5-ranlib
ac_cv_prog_RPCGEN=rpcgen
ac_cv_prog_STRIP=arm-rtems5-strip
ac_cv_prog_cc_arm_rtems5_gcc_c_o=yes
ac_cv_prog_cc_c89=
ac_cv_prog_cc_g=yes
ac_cv_prog_make_make_set=yes
ac_cv_pthread_attr_getaffinity_np=no
ac_cv_pthread_attr_getguardsize=no
ac_cv_pthread_attr_getstack=no
ac_cv_pthread_attr_setaffinity_np=no
ac_cv_pthread_attr_setguardsize=no
ac_cv_pthread_attr_setstack=no
ac_cv_pthread_getaffinity_np=no
ac_cv_pthread_getattr_np=no
ac_cv_pthread_setaffinity_np=no
ac_cv_sizeof_blkcnt_t=4
ac_cv_sizeof_blksize_t=4
ac_cv_sizeof_mode_t=4
ac_cv_sizeof_off_t=8
ac_cv_sizeof_size_t=4
ac_cv_sizeof_time_t=8
ac_cv_type_pthread_barrier_t=yes
ac_cv_type_pthread_rwlock_t=yes
ac_cv_type_pthread_spinlock_t=yes
ac_cv_type_struct__Priority_Node=yes
ac_cv_type_struct__pthread_cleanup_context=yes
am_cv_CCAS_dependencies_compiler_type=gcc3
am_cv_CC_dependencies_compiler_type=gcc3
rtems_cv_CFLAGS_set=set
rtems_cv_HAS_NETWORKING=yes
rtems_cv_HAS_POSIX_API=yes
rtems_cv_HAS_SMP=disabled
rtems_cv_PRINTF_LD_OFF_T=no
rtems_cv_PRINTF_LLD_OFF_T=yes
rtems_cv_PRINTF_ZD_SSIZE_T=yes
rtems_cv_PRINTF_ZU_SIZE_T=yes
rtems_cv_PRIdPTR=yes
rtems_cv_PRIuPTR=yes
rtems_cv_PRIxPTR=yes
rtems_cv_cc_attribute_weak=yes
rtems_cv_gcc_pipe=yes
rtems_cv_use_newlib=yes

## ----------------- ##
## Output variables. ##
## ----------------- ##

ACLOCAL='${SHELL} /home/embeddeduser/consolePrjt/rtems-5.1/missing --run aclocal-1.12'
AMDEPBACKSLASH='\'
AMDEP_FALSE='#'
AMDEP_TRUE=''
AMTAR='$${TAR-tar}'
AR='arm-rtems5-ar'
AUTOCONF='${SHELL} /home/embeddeduser/consolePrjt/rtems-5.1/missing --run autoconf'
AUTOHEADER='${SHELL} /home/embeddeduser/consolePrjt/rtems-5.1/missing --run autoheader'
AUTOMAKE='${SHELL} /home/embeddeduser/consolePrjt/rtems-5.1/missing --run automake-1.12'
AWK='mawk'
CC='arm-rtems5-gcc --pipe'
CCAS='arm-rtems5-gcc --pipe'
CCASDEPMODE='depmode=gcc3'
CCASFLAGS='-mthumb -mcpu=cortex-m4 -O2 -g -ffunction-sections -fdata-sections -Wall -Wmissing-prototypes -Wimplicit-function-declaration -Wstrict-prototypes -Wnested-externs'
CCDEPMODE='depmode=gcc3'
CFLAGS='-mthumb -mcpu=cortex-m4 -O2 -g -ffunction-sections -fdata-sections -Wall -Wmissing-prototypes -Wimplicit-function-declaration -Wstrict-prototypes -Wnested-externs'
CPP='arm-rtems5-gcc -E'
CPPFLAGS=''
CPU_ARM_FALSE='#'
CPU_ARM_TRUE=''
CPU_BFIN_FALSE=''
CPU_BFIN_TRUE='#'
CPU_EPIPHANY_FALSE=''
CPU_EPIPHANY_TRUE='#'
CPU_I386_FALSE=''
CPU_I386_TRUE='#'
CPU_LM32_FALSE=''
CPU_LM32_TRUE='#'
CPU_M68K_FALSE=''
CPU_M68K_TRUE='#'
CPU_MIPS_FALSE=''
CPU_MIPS_TRUE='#'
CPU_MOXIE_FALSE=''
CPU_MOXIE_TRUE='#'
CPU_NIOS2_FALSE=''
CPU_NIOS2_TRUE='#'
CPU_NO_CPU_FALSE=''
CPU_NO_CPU_TRUE='#'
CPU_OR1K_FALSE=''
CPU_OR1K_TRUE='#'
CPU_POWERPC_FALSE=''
CPU_POWERPC_TRUE='#'
CPU_RISCV_FALSE=''
CPU_RISCV_TRUE='#'
CPU_SH_FALSE=''
CPU_SH_TRUE='#'
CPU_SPARC64_FALSE=''
CPU_SPARC64_TRUE='#'
CPU_SPARC_FALSE=''
CPU_SPARC_TRUE='#'
CPU_V850_FALSE=''
CPU_V850_TRUE='#'
CPU_X86_64_FALSE=''
CPU_X86_64_TRUE='#'
CYGPATH_W='echo'
DEFS='-DHAVE_CONFIG_H'
DEPDIR='.deps'
ECHO_C=''
ECHO_N='-n'
ECHO_T=''
EGREP='/usr/bin/grep -E'
EXEEXT=''
GREP='/usr/bin/grep'
HACK_TO_AVOID_LONG_ARG_LIST_FALSE=''
HACK_TO_AVOID_LONG_ARG_LIST_TRUE='#'
HAS_MP_FALSE=''
HAS_MP_TRUE='#'
HAS_PTHREADS_FALSE='#'
HAS_PTHREADS_TRUE=''
HAS_SMP_FALSE=''
HAS_SMP_TRUE='#'
INSTALL_DATA='${INSTALL} -m 644'
INSTALL_PROGRAM='${INSTALL}'
INSTALL_SCRIPT='${INSTALL}'
INSTALL_STRIP_PROGRAM='$(install_sh) -c -s'
LDFLAGS=''
LIBDEBUGGER_FALSE='#'
LIBDEBUGGER_TRUE=''
LIBDL_FALSE='#'
LIBDL_TRUE=''
LIBDRVMGR_FALSE=''
LIBDRVMGR_TRUE='#'
LIBGNAT_FALSE=''
LIBGNAT_TRUE='#'
LIBNETWORKING_FALSE='#'
LIBNETWORKING_TRUE=''
LIBOBJS=''
LIBPCI_FALSE=''
LIBPCI_TRUE='#'
LIBS=''
LIBSERDBG_FALSE='#'
LIBSERDBG_TRUE=''
LIBSHELL_FALSE='#'
LIBSHELL_TRUE=''
LIBUTF8PROC_FALSE='#'
LIBUTF8PROC_TRUE=''
LTLIBOBJS=''
MAINT='#'
MAINTAINER_MODE_FALSE=''
MAINTAINER_MODE_TRUE='#'
MAKE='make'
MAKEINFO='${SHELL} /home/embeddeduser/consolePrjt/rtems-5.1/missing --run makeinfo'
MKDIR_P='/usr/bin/mkdir -p'
MULTIBUILDTOP=''
MULTILIB_FALSE=''
MULTILIB_TRUE='#'
MULTISUBDIR=''
NEWLIB_FALSE='#'
NEWLIB_TRUE=''
OBJEXT='o'
PACKAGE='rtems-cpukit'
PACKAGE_BUGREPORT='https://devel.rtems.org/newticket'
PACKAGE_NAME='rtems-cpukit'
PACKAGE_STRING='rtems-cpukit 5.1.0'
PACKAGE_TARNAME='rtems-cpukit'
PACKAGE_URL=''
PACKAGE_VERSION='5.1.0'
PATH_SEPARATOR=':'
PROJECT_INCLUDE='$(top_builddir)/../$(MULTIBUILDTOP)cpukit/../../../stm32f4/lib/include'
PROJECT_LIB='$(top_builddir)/../$(MULTIBUILDTOP)cpukit/../../../stm32f4/lib$(MULTISUBDIR)'
RANLIB='arm-rtems5-ranlib'
RPCGEN='rpcgen'
RPCTOOLS_FALSE=''
RPCTOOLS_TRUE='#'
RTEMS_BUILD_ROOT='/home/embeddeduser/consolePrjt/rtems-5.1/build/arm-rtems5/c/stm32f4'
RTEMS_CCASFLAGS='-DASM $(CFLAGS)'
RTEMS_CPPFLAGS='-I$(top_builddir) -I/home/embeddeduser/consolePrjt/rtems-5.1/build/arm-rtems5/c/stm32f4/include -I/home/embeddeduser/consolePrjt/rtems-5.1/cpukit/include -I/home/embeddeduser/consolePrjt/rtems-5.1/cpukit/score/cpu/$(RTEMS_CPU)/include -I/home/embeddeduser/consolePrjt/rtems-5.1/cpukit/libnetworking'
RTEMS_CPU='arm'
RTEMS_HAS_POSIX_API='yes'
RTEMS_RELLDFLAGS='-qnolinkcmds -nostdlib -r'
RTEMS_SOURCE_ROOT='/home/embeddeduser/consolePrjt/rtems-5.1'
RTEMS_TOPdir='..'
RTEMS_USE_NEWLIB='yes'
SET_MAKE=''
SHELL='/bin/bash'
STRIP='arm-rtems5-strip'
VERSION='5.1.0'
ac_ct_CC=''
am__EXEEXT_FALSE=''
am__EXEEXT_TRUE='#'
am__fastdepCCAS_FALSE='#'
am__fastdepCCAS_TRUE=''
am__fastdepCC_FALSE='#'
am__fastdepCC_TRUE=''
am__include='include'
am__isrc=' -I$(srcdir)'
am__leading_dot='.'
am__nodep='_no'
am__quote=''
am__tar='$${TAR-tar} chof - "$$tardir"'
am__untar='$${TAR-tar} xf -'
bindir='${exec_prefix}/bin'
build='x86_64-pc-linux-gnu'
build_alias='x86_64-pc-linux-gnu'
build_cpu='x86_64'
build_os='linux-gnu'
build_vendor='pc'
datadir='${datarootdir}'
datarootdir='${prefix}/share'
dirstamp='${am__leading_dot}dirstamp'
docdir='${datarootdir}/doc/${PACKAGE_TARNAME}'
dvidir='${docdir}'
exec_prefix='/opt/rtems-5/arm-rtems5'
host='arm-unknown-rtems5'
host_alias='arm-rtems5'
host_cpu='arm'
host_os='rtems5'
host_vendor='unknown'
htmldir='${docdir}'
includedir='/opt/rtems-5/arm-rtems5/stm32f4/lib/include'
infodir='${datarootdir}/info'
install_sh='${SHELL} /home/embeddeduser/consolePrjt/rtems-5.1/install-sh'
libdir='/opt/rtems-5/arm-rtems5/stm32f4/lib$(MULTISUBDIR)'
libexecdir='${exec_prefix}/libexec'
localedir='${datarootdir}/locale'
localstatedir='${prefix}/var'
mandir='${datarootdir}/man'
mkdir_p='$(MKDIR_P)'
multilib_basedir='../../../../../c/src/../../cpukit/..'
oldincludedir='/usr/include'
pdfdir='${docdir}'
prefix='/opt/rtems-5'
program_transform_name='s,x,x,'
project_includedir='$(includedir)'
project_libdir='$(libdir)'
psdir='${docdir}'
sbindir='${exec_prefix}/sbin'
sharedstatedir='${prefix}/com'
sysconfdir='${prefix}/etc'
target_alias='arm-rtems5'

## ----------- ##
## confdefs.h. ##
## ----------- ##

/* confdefs.h */
#define PACKAGE_NAME "rtems-cpukit"
#define PACKAGE_TARNAME "rtems-cpukit"
#define PACKAGE_VERSION "5.1.0"
#define PACKAGE_STRING "rtems-cpukit 5.1.0"
#define PACKAGE_BUGREPORT "https://devel.rtems.org/newticket"
#define PACKAGE_URL ""
#define RTEMS_NEWLIB 1
#define HAVE_DECL_PTHREAD_ATTR_GETGUARDSIZE 1
#define HAVE_DECL_PTHREAD_ATTR_SETGUARDSIZE 1
#define HAVE_DECL_PTHREAD_ATTR_SETSTACK 1
#define HAVE_DECL_PTHREAD_ATTR_GETSTACK 1
#define HAVE_DECL_PTHREAD_ATTR_SETAFFINITY_NP 1
#define HAVE_DECL_PTHREAD_ATTR_GETAFFINITY_NP 1
#define HAVE_DECL_PTHREAD_SETAFFINITY_NP 1
#define HAVE_DECL_PTHREAD_GETAFFINITY_NP 1
#define HAVE_DECL_PTHREAD_GETATTR_NP 1
#define HAVE_PTHREAD_MUTEX_GETCEILING_CONST /**/
#define HAVE_PTHREAD_SETSCHEDPARAM_CONST /**/
#define STDC_HEADERS 1
#define HAVE_SYS_TYPES_H 1
#define HAVE_SYS_STAT_H 1
#define HAVE_STDLIB_H 1
#define HAVE_STRING_H 1
#define HAVE_MEMORY_H 1
#define HAVE_STRINGS_H 1
#define HAVE_INTTYPES_H 1
#define HAVE_STDINT_H 1
#define HAVE_UNISTD_H 1
#define HAVE_PTHREAD_RWLOCK_T 1
#define HAVE_PTHREAD_BARRIER_T 1
#define HAVE_PTHREAD_SPINLOCK_T 1
#define HAVE_STRUCT__PTHREAD_CLEANUP_CONTEXT 1
#define HAVE_STRUCT__PRIORITY_NODE 1
#define RTEMS_NEWLIB 1
#define RTEMS_POSIX_API 1
#define RTEMS_PROFILING 1
#define RTEMS_NETWORKING 1
#define RTEMS_VERSION "5.1.0"
#define SIZEOF_MODE_T 4
#define SIZEOF_OFF_T 8
#define SIZEOF_TIME_T 8
#define SIZEOF_SIZE_T 4
#define SIZEOF_BLKSIZE_T 4
#define SIZEOF_BLKCNT_T 4
#define __RTEMS_SIZEOF_MODE_T__ 4
#define __RTEMS_SIZEOF_OFF_T__ 8
#define __RTEMS_SIZEOF_TIME_T__ 8
#define __RTEMS_SIZEOF_BLKSIZE_T__ 4
#define __RTEMS_SIZEOF_BLKCNT_T__ 4
#define __RTEMS_MAJOR__ 5
#define __RTEMS_MINOR__ 1
#define __RTEMS_REVISION__ 0
#define HAVE_DECL_RCMD 0
#define HAVE_DECL__TIMECOUNTER_TIME_SECOND 0

configure: exit 0
